<?xml version="1.0" encoding="UTF-8" standalone="yes"?>
<testsuites name="Admin - Testsuite" time="168" tests="1" failures="0" errors="0">
    <testsuite name="Admin - Testsuite" tests="1" failures="0" errors="0" time="168" timestamp="2019-08-13 13:22:49" hostname="bogdan.eremia - ROECR-L013.roecr.ecrion.com" id="Test Suites/Admin - Testsuite">
        <properties>
            <property name="deviceName" value=""/>
            <property name="devicePlatform" value=""/>
            <property name="logFolder" value="C:\\Katalon Projects\\Nido_Patch3\\Reports\\20190813_132245\\Admin - Testsuite\\20190813_132245"/>
            <property name="logFiles" value="C:\\Katalon Projects\\Nido_Patch3\\Reports\\20190813_132245\\Admin - Testsuite\\20190813_132245\\execution0.log"/>
            <property name="attachments" value="C:\\Katalon Projects\\Nido_Patch3\\Reports\\20190813_132245\\Admin - Testsuite\\20190813_132245\\1565691785910.png, C:\\Katalon Projects\\Nido_Patch3\\Reports\\20190813_132245\\Admin - Testsuite\\20190813_132245\\1565691788428.png, C:\\Katalon Projects\\Nido_Patch3\\Reports\\20190813_132245\\Admin - Testsuite\\20190813_132245\\1565691798761.png"/>
            <property name="hostName" value="bogdan.eremia - ROECR-L013.roecr.ecrion.com"/>
            <property name="os" value="Windows 10 64bit"/>
            <property name="katalonVersion" value="6.3.0.1"/>
            <property name="browser" value="Chrome 76.0.3809.100"/>
            <property name="hostAddress" value="192.168.192.57"/>
            <property name="sessionId" value="5c879414b3b6d23f84010ecc208e6e81"/>
            <property name="seleniumVersion" value="3.141.59"/>
            <property name="proxyInformation" value="ProxyInformation{proxyOption=NO_PROXY, proxyServerType=HTTP, password=, proxyServerAddress=, proxyServerPort=0}"/>
            <property name="platform" value="Windows 10"/>
        </properties>
        <testcase name="Test Cases/TESTCASE COLLECTIONS/Admin - Testcases" classname="Test Cases/TESTCASE COLLECTIONS/Admin - Testcases" status="PASSED">
            <system-out>2019-08-13 13:22:49 - [TEST_CASE][PASSED] - Test Cases/TESTCASE COLLECTIONS/Admin - Testcases: Test Cases/TESTCASE COLLECTIONS/Admin - Testcases&#xD;
&#xD;
2019-08-13 13:22:50 - [TEST_STEP][PASSED] - callTestCase(findTestCase("Admin/Admin_Settings"), [:], CONTINUE_ON_FAILURE): Call Test Case 'Test Cases/Admin/Admin_Settings' successfully&#xD;
&#xD;
2019-08-13 13:22:50 - [TEST_CASE][PASSED] - Test Cases/Admin/Admin_Settings: Test Cases/Admin/Admin_Settings&#xD;
&#xD;
2019-08-13 13:22:50 - [TEST_STEP][PASSED] - callTestCase(findTestCase("Admin/Login_sysinternals"), [:], CONTINUE_ON_FAILURE): Call Test Case 'Test Cases/Admin/Login_sysinternals' successfully&#xD;
&#xD;
2019-08-13 13:22:50 - [TEST_CASE][PASSED] - Test Cases/Admin/Login_sysinternals: Test Cases/Admin/Login_sysinternals&#xD;
&#xD;
2019-08-13 13:22:50 - [TEST_STEP][PASSED] - callTestCase(findTestCase("Main Login Page/login_Enterprise"), [:], CONTINUE_ON_FAILURE): Call Test Case 'Test Cases/Main Login Page/login_Enterprise' successfully&#xD;
&#xD;
2019-08-13 13:22:50 - [TEST_CASE][PASSED] - Test Cases/Main Login Page/login_Enterprise: Test Cases/Main Login Page/login_Enterprise&#xD;
&#xD;
2019-08-13 13:22:50 - [TEST_STEP][PASSED] - openBrowser(url_enterprise, STOP_ON_FAILURE): Browser is opened with url: 'http://192.168.1.97:8094/'&#xD;
&#xD;
2019-08-13 13:22:51 - [MESSAGE][INFO] - Starting 'Chrome' driver&#xD;
&#xD;
2019-08-13 13:22:51 - [MESSAGE][INFO] - Action delay is set to 0 seconds&#xD;
&#xD;
2019-08-13 13:22:54 - [MESSAGE][PASSED] - Browser is opened with url: 'http://192.168.1.97:8094/'&#xD;
&#xD;
2019-08-13 13:22:54 - [TEST_STEP][PASSED] - maximizeWindow(): Current window maximized&#xD;
&#xD;
2019-08-13 13:22:55 - [MESSAGE][PASSED] - Current window maximized&#xD;
&#xD;
2019-08-13 13:22:55 - [TEST_STEP][PASSED] - setText(findTestObject("Main Login Page/input_userName"), Username_Admin, CONTINUE_ON_FAILURE): Text 'Ere' is set on object 'Object Repository/Main Login Page/input_userName'&#xD;
&#xD;
2019-08-13 13:22:55 - [MESSAGE][PASSED] - Text 'Ere' is set on object 'Object Repository/Main Login Page/input_userName'&#xD;
&#xD;
2019-08-13 13:22:55 - [TEST_STEP][PASSED] - setText(findTestObject("Main Login Page/input_password"), Password_Admin, CONTINUE_ON_FAILURE): Text 'ere123' is set on object 'Object Repository/Main Login Page/input_password'&#xD;
&#xD;
2019-08-13 13:22:55 - [MESSAGE][PASSED] - Text 'ere123' is set on object 'Object Repository/Main Login Page/input_password'&#xD;
&#xD;
2019-08-13 13:22:55 - [TEST_STEP][PASSED] - click(findTestObject("Main Login Page/button_Sign in"), CONTINUE_ON_FAILURE): Object: 'Object Repository/Main Login Page/button_Sign in' is clicked on&#xD;
&#xD;
2019-08-13 13:22:55 - [MESSAGE][PASSED] - Object: 'Object Repository/Main Login Page/button_Sign in' is clicked on&#xD;
&#xD;
2019-08-13 13:22:55 - [TEST_STEP][PASSED] - delay(1, CONTINUE_ON_FAILURE): Delayed 1 second(s)&#xD;
&#xD;
2019-08-13 13:22:56 - [MESSAGE][PASSED] - Delayed 1 second(s)&#xD;
&#xD;
2019-08-13 13:22:56 - [TEST_STEP][PASSED] - if (verifyElementVisible(findTestObject("Main Login Page/Multiple environments/Environment Selector"), OPTIONAL)): Delayed 2 second(s)&#xD;
&#xD;
2019-08-13 13:22:57 - [MESSAGE][PASSED] - Object 'Object Repository/Main Login Page/Multiple environments/Environment Selector' is visible&#xD;
&#xD;
2019-08-13 13:22:57 - [TEST_STEP][NOT_RUN] - delay(1, CONTINUE_ON_FAILURE): NOT_RUN: delay(1, CONTINUE_ON_FAILURE)&#xD;
&#xD;
2019-08-13 13:22:57 - [MESSAGE][NOT_RUN] - NOT_RUN: delay(1, CONTINUE_ON_FAILURE)&#xD;
&#xD;
2019-08-13 13:22:57 - [TEST_STEP][PASSED] - waitForElementClickable(findTestObject("Main Login Page/Multiple environments/button_Continue"), 0, CONTINUE_ON_FAILURE): Object 'Object Repository/Main Login Page/Multiple environments/button_Continue' is clickable&#xD;
&#xD;
2019-08-13 13:22:57 - [MESSAGE][WARNING] - Timeout '0' is invalid. Using default page load timeout: '5'&#xD;
&#xD;
2019-08-13 13:22:57 - [MESSAGE][PASSED] - Object 'Object Repository/Main Login Page/Multiple environments/button_Continue' is clickable&#xD;
&#xD;
2019-08-13 13:22:57 - [TEST_STEP][PASSED] - click(findTestObject("Main Login Page/Multiple environments/Environment Selector"), CONTINUE_ON_FAILURE): Object: 'Object Repository/Main Login Page/Multiple environments/Environment Selector' is clicked on&#xD;
&#xD;
2019-08-13 13:22:57 - [MESSAGE][PASSED] - Object: 'Object Repository/Main Login Page/Multiple environments/Environment Selector' is clicked on&#xD;
&#xD;
2019-08-13 13:22:57 - [TEST_STEP][PASSED] - waitForElementVisible(findTestObject("Main Login Page/Multiple environments/button_Continue"), 1, CONTINUE_ON_FAILURE): Object 'Object Repository/Main Login Page/Multiple environments/button_Continue' is visible&#xD;
&#xD;
2019-08-13 13:22:57 - [MESSAGE][PASSED] - Object 'Object Repository/Main Login Page/Multiple environments/button_Continue' is visible&#xD;
&#xD;
2019-08-13 13:22:57 - [TEST_STEP][PASSED] - click(findTestObject("Main Login Page/Multiple environments/button_Continue"), CONTINUE_ON_FAILURE): Object: 'Object Repository/Main Login Page/Multiple environments/button_Continue' is clicked on&#xD;
&#xD;
2019-08-13 13:22:57 - [MESSAGE][PASSED] - Object: 'Object Repository/Main Login Page/Multiple environments/button_Continue' is clicked on&#xD;
&#xD;
2019-08-13 13:22:57 - [TEST_STEP][PASSED] - delay(2, CONTINUE_ON_FAILURE): Delayed 2 second(s)&#xD;
&#xD;
2019-08-13 13:22:59 - [MESSAGE][PASSED] - Delayed 2 second(s)&#xD;
&#xD;
2019-08-13 13:22:59 - [MESSAGE][PASSED] - Call Test Case 'Test Cases/Main Login Page/login_Enterprise' successfully&#xD;
&#xD;
2019-08-13 13:22:59 - [TEST_STEP][PASSED] - delay(3, CONTINUE_ON_FAILURE): Delayed 3 second(s)&#xD;
&#xD;
2019-08-13 13:23:02 - [MESSAGE][PASSED] - Delayed 3 second(s)&#xD;
&#xD;
2019-08-13 13:23:02 - [TEST_STEP][PASSED] - click(findTestObject("Admin/a_Admin"), CONTINUE_ON_FAILURE): Object: 'Object Repository/Admin/a_Admin' is clicked on&#xD;
&#xD;
2019-08-13 13:23:02 - [MESSAGE][PASSED] - Object: 'Object Repository/Admin/a_Admin' is clicked on&#xD;
&#xD;
2019-08-13 13:23:02 - [TEST_STEP][PASSED] - delay(3, CONTINUE_ON_FAILURE): Delayed 3 second(s)&#xD;
&#xD;
2019-08-13 13:23:05 - [MESSAGE][PASSED] - Delayed 3 second(s)&#xD;
&#xD;
2019-08-13 13:23:05 - [TEST_STEP][PASSED] - verifyElementText(findTestObject("Admin/SettingsHome/Home_Text"), "General", CONTINUE_ON_FAILURE): Actual text and expected text of test object 'Object Repository/Admin/SettingsHome/Home_Text' are matched.&#xD;
&#xD;
2019-08-13 13:23:05 - [MESSAGE][PASSED] - Actual text and expected text of test object 'Object Repository/Admin/SettingsHome/Home_Text' are matched.&#xD;
&#xD;
2019-08-13 13:23:05 - [TEST_STEP][PASSED] - verifyElementText(findTestObject("Admin/SettingsHome/Advanced_text"), "Advanced", CONTINUE_ON_FAILURE): Actual text and expected text of test object 'Object Repository/Admin/SettingsHome/Advanced_text' are matched.&#xD;
&#xD;
2019-08-13 13:23:05 - [MESSAGE][PASSED] - Actual text and expected text of test object 'Object Repository/Admin/SettingsHome/Advanced_text' are matched.&#xD;
&#xD;
2019-08-13 13:23:05 - [TEST_STEP][PASSED] - verifyElementVisible(findTestObject("Admin/SettingsHome/Timezone_text"), CONTINUE_ON_FAILURE): Object 'Object Repository/Admin/SettingsHome/Timezone_text' is visible&#xD;
&#xD;
2019-08-13 13:23:05 - [MESSAGE][PASSED] - Object 'Object Repository/Admin/SettingsHome/Timezone_text' is visible&#xD;
&#xD;
2019-08-13 13:23:05 - [TEST_STEP][PASSED] - verifyElementVisible(findTestObject("Admin/SettingsHome/Show Internals_text"), CONTINUE_ON_FAILURE): Object 'Object Repository/Admin/SettingsHome/Show Internals_text' is visible&#xD;
&#xD;
2019-08-13 13:23:05 - [MESSAGE][PASSED] - Object 'Object Repository/Admin/SettingsHome/Show Internals_text' is visible&#xD;
&#xD;
2019-08-13 13:23:05 - [TEST_STEP][PASSED] - if (verifyElementNotChecked(findTestObject("Admin/SettingsHome/input_showSysinternals"), 1, OPTIONAL)): Object 'Object Repository/Admin/SettingsHome/input_showSysinternals' is checked (Root cause: com.kms.katalon.core.exception.StepFailedException: Object 'Object Repository/Admin/SettingsHome/input_showSysinternals' is checked&#xD;
	at com.kms.katalon.core.webui.keyword.internal.WebUIKeywordMain.stepFailed(WebUIKeywordMain.groovy:64)&#xD;
	at com.kms.katalon.core.webui.keyword.builtin.VerifyElementNotCheckedKeyword$_verifyElementNotChecked_closure1.doCall(VerifyElementNotCheckedKeyword.groovy:82)&#xD;
	at com.kms.katalon.core.webui.keyword.builtin.VerifyElementNotCheckedKeyword$_verifyElementNotChecked_closure1.call(VerifyElementNotCheckedKeyword.groovy)&#xD;
	at com.kms.katalon.core.webui.keyword.internal.WebUIKeywordMain.runKeyword(WebUIKeywordMain.groovy:20)&#xD;
	at com.kms.katalon.core.webui.keyword.builtin.VerifyElementNotCheckedKeyword.verifyElementNotChecked(VerifyElementNotCheckedKeyword.groovy:93)&#xD;
	at com.kms.katalon.core.webui.keyword.builtin.VerifyElementNotCheckedKeyword.execute(VerifyElementNotCheckedKeyword.groovy:68)&#xD;
	at com.kms.katalon.core.keyword.internal.KeywordExecutor.executeKeywordForPlatform(KeywordExecutor.groovy:56)&#xD;
	at com.kms.katalon.core.webui.keyword.WebUiBuiltInKeywords.verifyElementNotChecked(WebUiBuiltInKeywords.groovy:1385)&#xD;
	at com.kms.katalon.core.webui.keyword.WebUiBuiltInKeywords$verifyElementNotChecked$7.call(Unknown Source)&#xD;
	at Login_sysinternals.run(Login_sysinternals:32)&#xD;
	at com.kms.katalon.core.main.ScriptEngine.run(ScriptEngine.java:194)&#xD;
	at com.kms.katalon.core.main.ScriptEngine.runScriptAsRawText(ScriptEngine.java:119)&#xD;
	at com.kms.katalon.core.main.TestCaseExecutor.runScript(TestCaseExecutor.java:337)&#xD;
	at com.kms.katalon.core.main.TestCaseExecutor.doExecute(TestCaseExecutor.java:328)&#xD;
	at com.kms.katalon.core.main.TestCaseExecutor.processExecutionPhase(TestCaseExecutor.java:307)&#xD;
	at com.kms.katalon.core.main.TestCaseExecutor.accessMainPhase(TestCaseExecutor.java:299)&#xD;
	at com.kms.katalon.core.main.TestCaseExecutor.execute(TestCaseExecutor.java:233)&#xD;
	at com.kms.katalon.core.main.TestCaseMain.runTestCase(TestCaseMain.java:114)&#xD;
	at com.kms.katalon.core.keyword.builtin.CallTestCaseKeyword$_callTestCase_closure1.doCall(CallTestCaseKeyword.groovy:59)&#xD;
	at com.kms.katalon.core.keyword.builtin.CallTestCaseKeyword$_callTestCase_closure1.call(CallTestCaseKeyword.groovy)&#xD;
	at com.kms.katalon.core.keyword.internal.KeywordMain.runKeyword(KeywordMain.groovy:68)&#xD;
	at com.kms.katalon.core.keyword.builtin.CallTestCaseKeyword.callTestCase(CallTestCaseKeyword.groovy:81)&#xD;
	at com.kms.katalon.core.keyword.builtin.CallTestCaseKeyword.execute(CallTestCaseKeyword.groovy:44)&#xD;
	at com.kms.katalon.core.keyword.internal.KeywordExecutor.executeKeywordForPlatform(KeywordExecutor.groovy:56)&#xD;
	at com.kms.katalon.core.keyword.BuiltinKeywords.callTestCase(BuiltinKeywords.groovy:334)&#xD;
	at Admin_Settings.run(Admin_Settings:28)&#xD;
	at com.kms.katalon.core.main.ScriptEngine.run(ScriptEngine.java:194)&#xD;
	at com.kms.katalon.core.main.ScriptEngine.runScriptAsRawText(ScriptEngine.java:119)&#xD;
	at com.kms.katalon.core.main.TestCaseExecutor.runScript(TestCaseExecutor.java:337)&#xD;
	at com.kms.katalon.core.main.TestCaseExecutor.doExecute(TestCaseExecutor.java:328)&#xD;
	at com.kms.katalon.core.main.TestCaseExecutor.processExecutionPhase(TestCaseExecutor.java:307)&#xD;
	at com.kms.katalon.core.main.TestCaseExecutor.accessMainPhase(TestCaseExecutor.java:299)&#xD;
	at com.kms.katalon.core.main.TestCaseExecutor.execute(TestCaseExecutor.java:233)&#xD;
	at com.kms.katalon.core.main.TestCaseMain.runTestCase(TestCaseMain.java:114)&#xD;
	at com.kms.katalon.core.keyword.builtin.CallTestCaseKeyword$_callTestCase_closure1.doCall(CallTestCaseKeyword.groovy:59)&#xD;
	at com.kms.katalon.core.keyword.builtin.CallTestCaseKeyword$_callTestCase_closure1.call(CallTestCaseKeyword.groovy)&#xD;
	at com.kms.katalon.core.keyword.internal.KeywordMain.runKeyword(KeywordMain.groovy:68)&#xD;
	at com.kms.katalon.core.keyword.builtin.CallTestCaseKeyword.callTestCase(CallTestCaseKeyword.groovy:81)&#xD;
	at com.kms.katalon.core.keyword.builtin.CallTestCaseKeyword.execute(CallTestCaseKeyword.groovy:44)&#xD;
	at com.kms.katalon.core.keyword.internal.KeywordExecutor.executeKeywordForPlatform(KeywordExecutor.groovy:56)&#xD;
	at com.kms.katalon.core.keyword.BuiltinKeywords.callTestCase(BuiltinKeywords.groovy:334)&#xD;
	at Admin - Testcases.run(Admin - Testcases:16)&#xD;
	at com.kms.katalon.core.main.ScriptEngine.run(ScriptEngine.java:194)&#xD;
	at com.kms.katalon.core.main.ScriptEngine.runScriptAsRawText(ScriptEngine.java:119)&#xD;
	at com.kms.katalon.core.main.TestCaseExecutor.runScript(TestCaseExecutor.java:337)&#xD;
	at com.kms.katalon.core.main.TestCaseExecutor.doExecute(TestCaseExecutor.java:328)&#xD;
	at com.kms.katalon.core.main.TestCaseExecutor.processExecutionPhase(TestCaseExecutor.java:307)&#xD;
	at com.kms.katalon.core.main.TestCaseExecutor.accessMainPhase(TestCaseExecutor.java:299)&#xD;
	at com.kms.katalon.core.main.TestCaseExecutor.execute(TestCaseExecutor.java:233)&#xD;
	at com.kms.katalon.core.main.TestSuiteExecutor.accessTestCaseMainPhase(TestSuiteExecutor.java:150)&#xD;
	at com.kms.katalon.core.main.TestSuiteExecutor.accessTestSuiteMainPhase(TestSuiteExecutor.java:123)&#xD;
	at com.kms.katalon.core.main.TestSuiteExecutor.execute(TestSuiteExecutor.java:87)&#xD;
	at com.kms.katalon.core.main.TestCaseMain.startTestSuite(TestCaseMain.java:157)&#xD;
	at com.kms.katalon.core.main.TestCaseMain$startTestSuite$0.call(Unknown Source)&#xD;
	at TempTestSuite1565691765774.run(TempTestSuite1565691765774.groovy:35)&#xD;
)&#xD;
&#xD;
2019-08-13 13:23:06 - [MESSAGE][WARNING] - Object 'Object Repository/Admin/SettingsHome/input_showSysinternals' is checked (Root cause: com.kms.katalon.core.exception.StepFailedException: Object 'Object Repository/Admin/SettingsHome/input_showSysinternals' is checked&#xD;
	at com.kms.katalon.core.webui.keyword.internal.WebUIKeywordMain.stepFailed(WebUIKeywordMain.groovy:64)&#xD;
	at com.kms.katalon.core.webui.keyword.builtin.VerifyElementNotCheckedKeyword$_verifyElementNotChecked_closure1.doCall(VerifyElementNotCheckedKeyword.groovy:82)&#xD;
	at com.kms.katalon.core.webui.keyword.builtin.VerifyElementNotCheckedKeyword$_verifyElementNotChecked_closure1.call(VerifyElementNotCheckedKeyword.groovy)&#xD;
	at com.kms.katalon.core.webui.keyword.internal.WebUIKeywordMain.runKeyword(WebUIKeywordMain.groovy:20)&#xD;
	at com.kms.katalon.core.webui.keyword.builtin.VerifyElementNotCheckedKeyword.verifyElementNotChecked(VerifyElementNotCheckedKeyword.groovy:93)&#xD;
	at com.kms.katalon.core.webui.keyword.builtin.VerifyElementNotCheckedKeyword.execute(VerifyElementNotCheckedKeyword.groovy:68)&#xD;
	at com.kms.katalon.core.keyword.internal.KeywordExecutor.executeKeywordForPlatform(KeywordExecutor.groovy:56)&#xD;
	at com.kms.katalon.core.webui.keyword.WebUiBuiltInKeywords.verifyElementNotChecked(WebUiBuiltInKeywords.groovy:1385)&#xD;
	at com.kms.katalon.core.webui.keyword.WebUiBuiltInKeywords$verifyElementNotChecked$7.call(Unknown Source)&#xD;
	at Login_sysinternals.run(Login_sysinternals:32)&#xD;
	at com.kms.katalon.core.main.ScriptEngine.run(ScriptEngine.java:194)&#xD;
	at com.kms.katalon.core.main.ScriptEngine.runScriptAsRawText(ScriptEngine.java:119)&#xD;
	at com.kms.katalon.core.main.TestCaseExecutor.runScript(TestCaseExecutor.java:337)&#xD;
	at com.kms.katalon.core.main.TestCaseExecutor.doExecute(TestCaseExecutor.java:328)&#xD;
	at com.kms.katalon.core.main.TestCaseExecutor.processExecutionPhase(TestCaseExecutor.java:307)&#xD;
	at com.kms.katalon.core.main.TestCaseExecutor.accessMainPhase(TestCaseExecutor.java:299)&#xD;
	at com.kms.katalon.core.main.TestCaseExecutor.execute(TestCaseExecutor.java:233)&#xD;
	at com.kms.katalon.core.main.TestCaseMain.runTestCase(TestCaseMain.java:114)&#xD;
	at com.kms.katalon.core.keyword.builtin.CallTestCaseKeyword$_callTestCase_closure1.doCall(CallTestCaseKeyword.groovy:59)&#xD;
	at com.kms.katalon.core.keyword.builtin.CallTestCaseKeyword$_callTestCase_closure1.call(CallTestCaseKeyword.groovy)&#xD;
	at com.kms.katalon.core.keyword.internal.KeywordMain.runKeyword(KeywordMain.groovy:68)&#xD;
	at com.kms.katalon.core.keyword.builtin.CallTestCaseKeyword.callTestCase(CallTestCaseKeyword.groovy:81)&#xD;
	at com.kms.katalon.core.keyword.builtin.CallTestCaseKeyword.execute(CallTestCaseKeyword.groovy:44)&#xD;
	at com.kms.katalon.core.keyword.internal.KeywordExecutor.executeKeywordForPlatform(KeywordExecutor.groovy:56)&#xD;
	at com.kms.katalon.core.keyword.BuiltinKeywords.callTestCase(BuiltinKeywords.groovy:334)&#xD;
	at Admin_Settings.run(Admin_Settings:28)&#xD;
	at com.kms.katalon.core.main.ScriptEngine.run(ScriptEngine.java:194)&#xD;
	at com.kms.katalon.core.main.ScriptEngine.runScriptAsRawText(ScriptEngine.java:119)&#xD;
	at com.kms.katalon.core.main.TestCaseExecutor.runScript(TestCaseExecutor.java:337)&#xD;
	at com.kms.katalon.core.main.TestCaseExecutor.doExecute(TestCaseExecutor.java:328)&#xD;
	at com.kms.katalon.core.main.TestCaseExecutor.processExecutionPhase(TestCaseExecutor.java:307)&#xD;
	at com.kms.katalon.core.main.TestCaseExecutor.accessMainPhase(TestCaseExecutor.java:299)&#xD;
	at com.kms.katalon.core.main.TestCaseExecutor.execute(TestCaseExecutor.java:233)&#xD;
	at com.kms.katalon.core.main.TestCaseMain.runTestCase(TestCaseMain.java:114)&#xD;
	at com.kms.katalon.core.keyword.builtin.CallTestCaseKeyword$_callTestCase_closure1.doCall(CallTestCaseKeyword.groovy:59)&#xD;
	at com.kms.katalon.core.keyword.builtin.CallTestCaseKeyword$_callTestCase_closure1.call(CallTestCaseKeyword.groovy)&#xD;
	at com.kms.katalon.core.keyword.internal.KeywordMain.runKeyword(KeywordMain.groovy:68)&#xD;
	at com.kms.katalon.core.keyword.builtin.CallTestCaseKeyword.callTestCase(CallTestCaseKeyword.groovy:81)&#xD;
	at com.kms.katalon.core.keyword.builtin.CallTestCaseKeyword.execute(CallTestCaseKeyword.groovy:44)&#xD;
	at com.kms.katalon.core.keyword.internal.KeywordExecutor.executeKeywordForPlatform(KeywordExecutor.groovy:56)&#xD;
	at com.kms.katalon.core.keyword.BuiltinKeywords.callTestCase(BuiltinKeywords.groovy:334)&#xD;
	at Admin - Testcases.run(Admin - Testcases:16)&#xD;
	at com.kms.katalon.core.main.ScriptEngine.run(ScriptEngine.java:194)&#xD;
	at com.kms.katalon.core.main.ScriptEngine.runScriptAsRawText(ScriptEngine.java:119)&#xD;
	at com.kms.katalon.core.main.TestCaseExecutor.runScript(TestCaseExecutor.java:337)&#xD;
	at com.kms.katalon.core.main.TestCaseExecutor.doExecute(TestCaseExecutor.java:328)&#xD;
	at com.kms.katalon.core.main.TestCaseExecutor.processExecutionPhase(TestCaseExecutor.java:307)&#xD;
	at com.kms.katalon.core.main.TestCaseExecutor.accessMainPhase(TestCaseExecutor.java:299)&#xD;
	at com.kms.katalon.core.main.TestCaseExecutor.execute(TestCaseExecutor.java:233)&#xD;
	at com.kms.katalon.core.main.TestSuiteExecutor.accessTestCaseMainPhase(TestSuiteExecutor.java:150)&#xD;
	at com.kms.katalon.core.main.TestSuiteExecutor.accessTestSuiteMainPhase(TestSuiteExecutor.java:123)&#xD;
	at com.kms.katalon.core.main.TestSuiteExecutor.execute(TestSuiteExecutor.java:87)&#xD;
	at com.kms.katalon.core.main.TestCaseMain.startTestSuite(TestCaseMain.java:157)&#xD;
	at com.kms.katalon.core.main.TestCaseMain$startTestSuite$0.call(Unknown Source)&#xD;
	at TempTestSuite1565691765774.run(TempTestSuite1565691765774.groovy:35)&#xD;
)&#xD;
[[ATTACHMENT|C:\\Katalon Projects\\Nido_Patch3\\Reports\\20190813_132245\\Admin - Testsuite\\20190813_132245\\1565691785910.png]]&#xD;
&#xD;
2019-08-13 13:23:06 - [TEST_STEP][PASSED] - click(findTestObject("Admin/SettingsHome/Sysinternals_Button"), CONTINUE_ON_FAILURE): Object: 'Object Repository/Admin/SettingsHome/Sysinternals_Button' is clicked on&#xD;
&#xD;
2019-08-13 13:23:06 - [MESSAGE][PASSED] - Object: 'Object Repository/Admin/SettingsHome/Sysinternals_Button' is clicked on&#xD;
&#xD;
2019-08-13 13:23:06 - [TEST_STEP][PASSED] - callTestCase(findTestCase("Admin/verifyElements_Sysinternals"), [:], STOP_ON_FAILURE): Call Test Case 'Test Cases/Admin/verifyElements_Sysinternals' successfully&#xD;
&#xD;
2019-08-13 13:23:06 - [TEST_CASE][PASSED] - Test Cases/Admin/verifyElements_Sysinternals: Test Cases/Admin/verifyElements_Sysinternals&#xD;
&#xD;
2019-08-13 13:23:06 - [TEST_STEP][PASSED] - verifyElementText(findTestObject("Admin/SettingsSysinternals/Configuration_text"), "Configuration", CONTINUE_ON_FAILURE): Actual text and expected text of test object 'Object Repository/Admin/SettingsSysinternals/Configuration_text' are matched.&#xD;
&#xD;
2019-08-13 13:23:06 - [MESSAGE][PASSED] - Actual text and expected text of test object 'Object Repository/Admin/SettingsSysinternals/Configuration_text' are matched.&#xD;
&#xD;
2019-08-13 13:23:06 - [TEST_STEP][PASSED] - verifyElementText(findTestObject("Admin/SettingsSysinternals/Connections_text"), "Connections", CONTINUE_ON_FAILURE): Actual text and expected text of test object 'Object Repository/Admin/SettingsSysinternals/Connections_text' are matched.&#xD;
&#xD;
2019-08-13 13:23:06 - [MESSAGE][PASSED] - Actual text and expected text of test object 'Object Repository/Admin/SettingsSysinternals/Connections_text' are matched.&#xD;
&#xD;
2019-08-13 13:23:06 - [TEST_STEP][PASSED] - verifyElementText(findTestObject("Admin/SettingsSysinternals/Warning_text"), "Warning: Use only when instructed by Ecrion Technical Support. Using Sysinternals incorrectly may result in serious problems and data loss.", CONTINUE_ON_FAILURE): Actual text and expected text of test object 'Object Repository/Admin/SettingsSysinternals/Warning_text' are matched.&#xD;
&#xD;
2019-08-13 13:23:06 - [MESSAGE][PASSED] - Actual text and expected text of test object 'Object Repository/Admin/SettingsSysinternals/Warning_text' are matched.&#xD;
&#xD;
2019-08-13 13:23:06 - [TEST_STEP][PASSED] - verifyElementText(findTestObject("Admin/SettingsSysinternals/Workspaces_text"), "Workspaces", CONTINUE_ON_FAILURE): Actual text and expected text of test object 'Object Repository/Admin/SettingsSysinternals/Workspaces_text' are matched.&#xD;
&#xD;
2019-08-13 13:23:06 - [MESSAGE][PASSED] - Actual text and expected text of test object 'Object Repository/Admin/SettingsSysinternals/Workspaces_text' are matched.&#xD;
&#xD;
2019-08-13 13:23:06 - [TEST_STEP][PASSED] - verifyElementVisible(findTestObject("Admin/SettingsSysinternals/a_Email"), CONTINUE_ON_FAILURE): Object 'Object Repository/Admin/SettingsSysinternals/a_Email' is visible&#xD;
&#xD;
2019-08-13 13:23:06 - [MESSAGE][PASSED] - Object 'Object Repository/Admin/SettingsSysinternals/a_Email' is visible&#xD;
&#xD;
2019-08-13 13:23:06 - [TEST_STEP][PASSED] - verifyElementVisible(findTestObject("Admin/SettingsSysinternals/a_Amazon S3"), CONTINUE_ON_FAILURE): Object 'Object Repository/Admin/SettingsSysinternals/a_Amazon S3' is visible&#xD;
&#xD;
2019-08-13 13:23:06 - [MESSAGE][PASSED] - Object 'Object Repository/Admin/SettingsSysinternals/a_Amazon S3' is visible&#xD;
&#xD;
2019-08-13 13:23:06 - [TEST_STEP][PASSED] - verifyElementVisible(findTestObject("Admin/SettingsSysinternals/a_Audit"), CONTINUE_ON_FAILURE): Object 'Object Repository/Admin/SettingsSysinternals/a_Audit' is visible&#xD;
&#xD;
2019-08-13 13:23:06 - [MESSAGE][PASSED] - Object 'Object Repository/Admin/SettingsSysinternals/a_Audit' is visible&#xD;
&#xD;
2019-08-13 13:23:06 - [TEST_STEP][PASSED] - verifyElementVisible(findTestObject("Admin/SettingsSysinternals/a_Custom Paths"), CONTINUE_ON_FAILURE): Object 'Object Repository/Admin/SettingsSysinternals/a_Custom Paths' is visible&#xD;
&#xD;
2019-08-13 13:23:07 - [MESSAGE][PASSED] - Object 'Object Repository/Admin/SettingsSysinternals/a_Custom Paths' is visible&#xD;
&#xD;
2019-08-13 13:23:07 - [TEST_STEP][PASSED] - verifyElementVisible(findTestObject("Admin/SettingsSysinternals/a_Database"), CONTINUE_ON_FAILURE): Object 'Object Repository/Admin/SettingsSysinternals/a_Database' is visible&#xD;
&#xD;
2019-08-13 13:23:07 - [MESSAGE][PASSED] - Object 'Object Repository/Admin/SettingsSysinternals/a_Database' is visible&#xD;
&#xD;
2019-08-13 13:23:07 - [TEST_STEP][PASSED] - verifyElementVisible(findTestObject("Admin/SettingsSysinternals/a_Document DB"), CONTINUE_ON_FAILURE): Object 'Object Repository/Admin/SettingsSysinternals/a_Document DB' is visible&#xD;
&#xD;
2019-08-13 13:23:07 - [MESSAGE][PASSED] - Object 'Object Repository/Admin/SettingsSysinternals/a_Document DB' is visible&#xD;
&#xD;
2019-08-13 13:23:07 - [TEST_STEP][PASSED] - verifyElementVisible(findTestObject("Admin/SettingsSysinternals/a_Docusign"), CONTINUE_ON_FAILURE): Object 'Object Repository/Admin/SettingsSysinternals/a_Docusign' is visible&#xD;
&#xD;
2019-08-13 13:23:07 - [MESSAGE][PASSED] - Object 'Object Repository/Admin/SettingsSysinternals/a_Docusign' is visible&#xD;
&#xD;
2019-08-13 13:23:07 - [TEST_STEP][PASSED] - verifyElementVisible(findTestObject("Admin/SettingsSysinternals/a_Environment Variables"), CONTINUE_ON_FAILURE): Object 'Object Repository/Admin/SettingsSysinternals/a_Environment Variables' is visible&#xD;
&#xD;
2019-08-13 13:23:07 - [MESSAGE][PASSED] - Object 'Object Repository/Admin/SettingsSysinternals/a_Environment Variables' is visible&#xD;
&#xD;
2019-08-13 13:23:07 - [TEST_STEP][PASSED] - verifyElementVisible(findTestObject("Admin/SettingsSysinternals/a_Facebook"), CONTINUE_ON_FAILURE): Object 'Object Repository/Admin/SettingsSysinternals/a_Facebook' is visible&#xD;
&#xD;
2019-08-13 13:23:07 - [MESSAGE][PASSED] - Object 'Object Repository/Admin/SettingsSysinternals/a_Facebook' is visible&#xD;
&#xD;
2019-08-13 13:23:07 - [TEST_STEP][PASSED] - verifyElementVisible(findTestObject("Admin/SettingsSysinternals/a_Forms"), CONTINUE_ON_FAILURE): Object 'Object Repository/Admin/SettingsSysinternals/a_Forms' is visible&#xD;
&#xD;
2019-08-13 13:23:07 - [MESSAGE][PASSED] - Object 'Object Repository/Admin/SettingsSysinternals/a_Forms' is visible&#xD;
&#xD;
2019-08-13 13:23:07 - [TEST_STEP][PASSED] - verifyElementVisible(findTestObject("Admin/SettingsSysinternals/a_FTPFTPS"), CONTINUE_ON_FAILURE): Object 'Object Repository/Admin/SettingsSysinternals/a_FTPFTPS' is visible&#xD;
&#xD;
2019-08-13 13:23:07 - [MESSAGE][PASSED] - Object 'Object Repository/Admin/SettingsSysinternals/a_FTPFTPS' is visible&#xD;
&#xD;
2019-08-13 13:23:07 - [TEST_STEP][PASSED] - verifyElementVisible(findTestObject("Admin/SettingsSysinternals/a_Microsoft Dynamics CRM"), CONTINUE_ON_FAILURE): Object 'Object Repository/Admin/SettingsSysinternals/a_Microsoft Dynamics CRM' is visible&#xD;
&#xD;
2019-08-13 13:23:07 - [MESSAGE][PASSED] - Object 'Object Repository/Admin/SettingsSysinternals/a_Microsoft Dynamics CRM' is visible&#xD;
&#xD;
2019-08-13 13:23:07 - [TEST_STEP][PASSED] - verifyElementVisible(findTestObject("Admin/SettingsSysinternals/a_Portal"), CONTINUE_ON_FAILURE): Object 'Object Repository/Admin/SettingsSysinternals/a_Portal' is visible&#xD;
&#xD;
2019-08-13 13:23:07 - [MESSAGE][PASSED] - Object 'Object Repository/Admin/SettingsSysinternals/a_Portal' is visible&#xD;
&#xD;
2019-08-13 13:23:07 - [TEST_STEP][PASSED] - verifyElementVisible(findTestObject("Admin/SettingsSysinternals/a_Profiles"), CONTINUE_ON_FAILURE): Object 'Object Repository/Admin/SettingsSysinternals/a_Profiles' is visible&#xD;
&#xD;
2019-08-13 13:23:07 - [MESSAGE][PASSED] - Object 'Object Repository/Admin/SettingsSysinternals/a_Profiles' is visible&#xD;
&#xD;
2019-08-13 13:23:07 - [TEST_STEP][PASSED] - verifyElementVisible(findTestObject("Admin/SettingsSysinternals/a_Salesforce"), CONTINUE_ON_FAILURE): Object 'Object Repository/Admin/SettingsSysinternals/a_Salesforce' is visible&#xD;
&#xD;
2019-08-13 13:23:07 - [MESSAGE][PASSED] - Object 'Object Repository/Admin/SettingsSysinternals/a_Salesforce' is visible&#xD;
&#xD;
2019-08-13 13:23:07 - [TEST_STEP][PASSED] - verifyElementVisible(findTestObject("Admin/SettingsSysinternals/a_SFTP"), CONTINUE_ON_FAILURE): Object 'Object Repository/Admin/SettingsSysinternals/a_SFTP' is visible&#xD;
&#xD;
2019-08-13 13:23:07 - [MESSAGE][PASSED] - Object 'Object Repository/Admin/SettingsSysinternals/a_SFTP' is visible&#xD;
&#xD;
2019-08-13 13:23:07 - [TEST_STEP][PASSED] - verifyElementVisible(findTestObject("Admin/SettingsSysinternals/a_Sharepoint"), CONTINUE_ON_FAILURE): Object 'Object Repository/Admin/SettingsSysinternals/a_Sharepoint' is visible&#xD;
&#xD;
2019-08-13 13:23:07 - [MESSAGE][PASSED] - Object 'Object Repository/Admin/SettingsSysinternals/a_Sharepoint' is visible&#xD;
&#xD;
2019-08-13 13:23:07 - [TEST_STEP][PASSED] - verifyElementVisible(findTestObject("Admin/SettingsSysinternals/a_SMS"), CONTINUE_ON_FAILURE): Object 'Object Repository/Admin/SettingsSysinternals/a_SMS' is visible&#xD;
&#xD;
2019-08-13 13:23:07 - [MESSAGE][PASSED] - Object 'Object Repository/Admin/SettingsSysinternals/a_SMS' is visible&#xD;
&#xD;
2019-08-13 13:23:07 - [TEST_STEP][PASSED] - verifyElementVisible(findTestObject("Admin/SettingsSysinternals/a_SSO"), CONTINUE_ON_FAILURE): Object 'Object Repository/Admin/SettingsSysinternals/a_SSO' is visible&#xD;
&#xD;
2019-08-13 13:23:07 - [MESSAGE][PASSED] - Object 'Object Repository/Admin/SettingsSysinternals/a_SSO' is visible&#xD;
&#xD;
2019-08-13 13:23:07 - [TEST_STEP][PASSED] - verifyElementVisible(findTestObject("Admin/SettingsSysinternals/a_Tags"), CONTINUE_ON_FAILURE): Object 'Object Repository/Admin/SettingsSysinternals/a_Tags' is visible&#xD;
&#xD;
2019-08-13 13:23:07 - [MESSAGE][PASSED] - Object 'Object Repository/Admin/SettingsSysinternals/a_Tags' is visible&#xD;
&#xD;
2019-08-13 13:23:07 - [TEST_STEP][PASSED] - verifyElementVisible(findTestObject("Admin/SettingsSysinternals/a_Tasks"), CONTINUE_ON_FAILURE): Object 'Object Repository/Admin/SettingsSysinternals/a_Tasks' is visible&#xD;
&#xD;
2019-08-13 13:23:07 - [MESSAGE][PASSED] - Object 'Object Repository/Admin/SettingsSysinternals/a_Tasks' is visible&#xD;
&#xD;
2019-08-13 13:23:07 - [TEST_STEP][PASSED] - verifyElementVisible(findTestObject("Admin/SettingsSysinternals/a_Views"), CONTINUE_ON_FAILURE): Object 'Object Repository/Admin/SettingsSysinternals/a_Views' is visible&#xD;
&#xD;
2019-08-13 13:23:08 - [MESSAGE][PASSED] - Object 'Object Repository/Admin/SettingsSysinternals/a_Views' is visible&#xD;
&#xD;
2019-08-13 13:23:08 - [TEST_STEP][PASSED] - verifyElementVisible(findTestObject("Admin/SettingsSysinternals/Page_Sysinternals - Workspaces/a_Execution Log"), CONTINUE_ON_FAILURE): Object 'Object Repository/Admin/SettingsSysinternals/Page_Sysinternals - Workspaces/a_Execution Log' is visible&#xD;
&#xD;
2019-08-13 13:23:08 - [MESSAGE][PASSED] - Object 'Object Repository/Admin/SettingsSysinternals/Page_Sysinternals - Workspaces/a_Execution Log' is visible&#xD;
&#xD;
2019-08-13 13:23:08 - [TEST_STEP][PASSED] - verifyElementVisible(findTestObject("Admin/SettingsSysinternals/Page_Sysinternals - Workspaces/a_Jobs"), CONTINUE_ON_FAILURE): Object 'Object Repository/Admin/SettingsSysinternals/Page_Sysinternals - Workspaces/a_Jobs' is visible&#xD;
&#xD;
2019-08-13 13:23:08 - [MESSAGE][PASSED] - Object 'Object Repository/Admin/SettingsSysinternals/Page_Sysinternals - Workspaces/a_Jobs' is visible&#xD;
&#xD;
2019-08-13 13:23:08 - [TEST_STEP][PASSED] - verifyElementVisible(findTestObject("Admin/SettingsSysinternals/Page_Sysinternals - Workspaces/a_Schedules"), CONTINUE_ON_FAILURE): Object 'Object Repository/Admin/SettingsSysinternals/Page_Sysinternals - Workspaces/a_Schedules' is visible&#xD;
&#xD;
2019-08-13 13:23:08 - [MESSAGE][PASSED] - Object 'Object Repository/Admin/SettingsSysinternals/Page_Sysinternals - Workspaces/a_Schedules' is visible&#xD;
&#xD;
2019-08-13 13:23:08 - [TEST_STEP][PASSED] - verifyElementVisible(findTestObject("Admin/SettingsSysinternals/Page_Sysinternals - Workspaces/a_Sync Log"), CONTINUE_ON_FAILURE): Object 'Object Repository/Admin/SettingsSysinternals/Page_Sysinternals - Workspaces/a_Sync Log' is visible&#xD;
&#xD;
2019-08-13 13:23:08 - [MESSAGE][PASSED] - Object 'Object Repository/Admin/SettingsSysinternals/Page_Sysinternals - Workspaces/a_Sync Log' is visible&#xD;
&#xD;
2019-08-13 13:23:08 - [TEST_STEP][PASSED] - verifyElementVisible(findTestObject("Admin/SettingsSysinternals/Page_Sysinternals - Workspaces/a_Triggers"), CONTINUE_ON_FAILURE): Object 'Object Repository/Admin/SettingsSysinternals/Page_Sysinternals - Workspaces/a_Triggers' is visible&#xD;
&#xD;
2019-08-13 13:23:08 - [MESSAGE][PASSED] - Object 'Object Repository/Admin/SettingsSysinternals/Page_Sysinternals - Workspaces/a_Triggers' is visible&#xD;
&#xD;
2019-08-13 13:23:08 - [TEST_STEP][PASSED] - verifyElementVisible(findTestObject("Admin/SettingsSysinternals/Page_Sysinternals - Workspaces/input_Show Activities_showActivities"), CONTINUE_ON_FAILURE): Object 'Object Repository/Admin/SettingsSysinternals/Page_Sysinternals - Workspaces/input_Show Activities_showActivities' is visible&#xD;
&#xD;
2019-08-13 13:23:08 - [MESSAGE][PASSED] - Object 'Object Repository/Admin/SettingsSysinternals/Page_Sysinternals - Workspaces/input_Show Activities_showActivities' is visible&#xD;
&#xD;
2019-08-13 13:23:08 - [MESSAGE][PASSED] - Call Test Case 'Test Cases/Admin/verifyElements_Sysinternals' successfully&#xD;
&#xD;
2019-08-13 13:23:08 - [TEST_STEP][PASSED] - if (verifyElementNotChecked(findTestObject("Admin/SettingsSysinternals/Page_Sysinternals - Workspaces/input_Show Activities_showActivities"), 1, OPTIONAL)): Object 'Object Repository/Admin/SettingsSysinternals/Page_Sysinternals - Workspaces/input_Show Activities_showActivities' is checked (Root cause: com.kms.katalon.core.exception.StepFailedException: Object 'Object Repository/Admin/SettingsSysinternals/Page_Sysinternals - Workspaces/input_Show Activities_showActivities' is checked&#xD;
	at com.kms.katalon.core.webui.keyword.internal.WebUIKeywordMain.stepFailed(WebUIKeywordMain.groovy:64)&#xD;
	at com.kms.katalon.core.webui.keyword.builtin.VerifyElementNotCheckedKeyword$_verifyElementNotChecked_closure1.doCall(VerifyElementNotCheckedKeyword.groovy:82)&#xD;
	at com.kms.katalon.core.webui.keyword.builtin.VerifyElementNotCheckedKeyword$_verifyElementNotChecked_closure1.call(VerifyElementNotCheckedKeyword.groovy)&#xD;
	at com.kms.katalon.core.webui.keyword.internal.WebUIKeywordMain.runKeyword(WebUIKeywordMain.groovy:20)&#xD;
	at com.kms.katalon.core.webui.keyword.builtin.VerifyElementNotCheckedKeyword.verifyElementNotChecked(VerifyElementNotCheckedKeyword.groovy:93)&#xD;
	at com.kms.katalon.core.webui.keyword.builtin.VerifyElementNotCheckedKeyword.execute(VerifyElementNotCheckedKeyword.groovy:68)&#xD;
	at com.kms.katalon.core.keyword.internal.KeywordExecutor.executeKeywordForPlatform(KeywordExecutor.groovy:56)&#xD;
	at com.kms.katalon.core.webui.keyword.WebUiBuiltInKeywords.verifyElementNotChecked(WebUiBuiltInKeywords.groovy:1385)&#xD;
	at com.kms.katalon.core.webui.keyword.WebUiBuiltInKeywords$verifyElementNotChecked$7.call(Unknown Source)&#xD;
	at Login_sysinternals.run(Login_sysinternals:40)&#xD;
	at com.kms.katalon.core.main.ScriptEngine.run(ScriptEngine.java:194)&#xD;
	at com.kms.katalon.core.main.ScriptEngine.runScriptAsRawText(ScriptEngine.java:119)&#xD;
	at com.kms.katalon.core.main.TestCaseExecutor.runScript(TestCaseExecutor.java:337)&#xD;
	at com.kms.katalon.core.main.TestCaseExecutor.doExecute(TestCaseExecutor.java:328)&#xD;
	at com.kms.katalon.core.main.TestCaseExecutor.processExecutionPhase(TestCaseExecutor.java:307)&#xD;
	at com.kms.katalon.core.main.TestCaseExecutor.accessMainPhase(TestCaseExecutor.java:299)&#xD;
	at com.kms.katalon.core.main.TestCaseExecutor.execute(TestCaseExecutor.java:233)&#xD;
	at com.kms.katalon.core.main.TestCaseMain.runTestCase(TestCaseMain.java:114)&#xD;
	at com.kms.katalon.core.keyword.builtin.CallTestCaseKeyword$_callTestCase_closure1.doCall(CallTestCaseKeyword.groovy:59)&#xD;
	at com.kms.katalon.core.keyword.builtin.CallTestCaseKeyword$_callTestCase_closure1.call(CallTestCaseKeyword.groovy)&#xD;
	at com.kms.katalon.core.keyword.internal.KeywordMain.runKeyword(KeywordMain.groovy:68)&#xD;
	at com.kms.katalon.core.keyword.builtin.CallTestCaseKeyword.callTestCase(CallTestCaseKeyword.groovy:81)&#xD;
	at com.kms.katalon.core.keyword.builtin.CallTestCaseKeyword.execute(CallTestCaseKeyword.groovy:44)&#xD;
	at com.kms.katalon.core.keyword.internal.KeywordExecutor.executeKeywordForPlatform(KeywordExecutor.groovy:56)&#xD;
	at com.kms.katalon.core.keyword.BuiltinKeywords.callTestCase(BuiltinKeywords.groovy:334)&#xD;
	at Admin_Settings.run(Admin_Settings:28)&#xD;
	at com.kms.katalon.core.main.ScriptEngine.run(ScriptEngine.java:194)&#xD;
	at com.kms.katalon.core.main.ScriptEngine.runScriptAsRawText(ScriptEngine.java:119)&#xD;
	at com.kms.katalon.core.main.TestCaseExecutor.runScript(TestCaseExecutor.java:337)&#xD;
	at com.kms.katalon.core.main.TestCaseExecutor.doExecute(TestCaseExecutor.java:328)&#xD;
	at com.kms.katalon.core.main.TestCaseExecutor.processExecutionPhase(TestCaseExecutor.java:307)&#xD;
	at com.kms.katalon.core.main.TestCaseExecutor.accessMainPhase(TestCaseExecutor.java:299)&#xD;
	at com.kms.katalon.core.main.TestCaseExecutor.execute(TestCaseExecutor.java:233)&#xD;
	at com.kms.katalon.core.main.TestCaseMain.runTestCase(TestCaseMain.java:114)&#xD;
	at com.kms.katalon.core.keyword.builtin.CallTestCaseKeyword$_callTestCase_closure1.doCall(CallTestCaseKeyword.groovy:59)&#xD;
	at com.kms.katalon.core.keyword.builtin.CallTestCaseKeyword$_callTestCase_closure1.call(CallTestCaseKeyword.groovy)&#xD;
	at com.kms.katalon.core.keyword.internal.KeywordMain.runKeyword(KeywordMain.groovy:68)&#xD;
	at com.kms.katalon.core.keyword.builtin.CallTestCaseKeyword.callTestCase(CallTestCaseKeyword.groovy:81)&#xD;
	at com.kms.katalon.core.keyword.builtin.CallTestCaseKeyword.execute(CallTestCaseKeyword.groovy:44)&#xD;
	at com.kms.katalon.core.keyword.internal.KeywordExecutor.executeKeywordForPlatform(KeywordExecutor.groovy:56)&#xD;
	at com.kms.katalon.core.keyword.BuiltinKeywords.callTestCase(BuiltinKeywords.groovy:334)&#xD;
	at Admin - Testcases.run(Admin - Testcases:16)&#xD;
	at com.kms.katalon.core.main.ScriptEngine.run(ScriptEngine.java:194)&#xD;
	at com.kms.katalon.core.main.ScriptEngine.runScriptAsRawText(ScriptEngine.java:119)&#xD;
	at com.kms.katalon.core.main.TestCaseExecutor.runScript(TestCaseExecutor.java:337)&#xD;
	at com.kms.katalon.core.main.TestCaseExecutor.doExecute(TestCaseExecutor.java:328)&#xD;
	at com.kms.katalon.core.main.TestCaseExecutor.processExecutionPhase(TestCaseExecutor.java:307)&#xD;
	at com.kms.katalon.core.main.TestCaseExecutor.accessMainPhase(TestCaseExecutor.java:299)&#xD;
	at com.kms.katalon.core.main.TestCaseExecutor.execute(TestCaseExecutor.java:233)&#xD;
	at com.kms.katalon.core.main.TestSuiteExecutor.accessTestCaseMainPhase(TestSuiteExecutor.java:150)&#xD;
	at com.kms.katalon.core.main.TestSuiteExecutor.accessTestSuiteMainPhase(TestSuiteExecutor.java:123)&#xD;
	at com.kms.katalon.core.main.TestSuiteExecutor.execute(TestSuiteExecutor.java:87)&#xD;
	at com.kms.katalon.core.main.TestCaseMain.startTestSuite(TestCaseMain.java:157)&#xD;
	at com.kms.katalon.core.main.TestCaseMain$startTestSuite$0.call(Unknown Source)&#xD;
	at TempTestSuite1565691765774.run(TempTestSuite1565691765774.groovy:35)&#xD;
)&#xD;
&#xD;
2019-08-13 13:23:08 - [MESSAGE][WARNING] - Object 'Object Repository/Admin/SettingsSysinternals/Page_Sysinternals - Workspaces/input_Show Activities_showActivities' is checked (Root cause: com.kms.katalon.core.exception.StepFailedException: Object 'Object Repository/Admin/SettingsSysinternals/Page_Sysinternals - Workspaces/input_Show Activities_showActivities' is checked&#xD;
	at com.kms.katalon.core.webui.keyword.internal.WebUIKeywordMain.stepFailed(WebUIKeywordMain.groovy:64)&#xD;
	at com.kms.katalon.core.webui.keyword.builtin.VerifyElementNotCheckedKeyword$_verifyElementNotChecked_closure1.doCall(VerifyElementNotCheckedKeyword.groovy:82)&#xD;
	at com.kms.katalon.core.webui.keyword.builtin.VerifyElementNotCheckedKeyword$_verifyElementNotChecked_closure1.call(VerifyElementNotCheckedKeyword.groovy)&#xD;
	at com.kms.katalon.core.webui.keyword.internal.WebUIKeywordMain.runKeyword(WebUIKeywordMain.groovy:20)&#xD;
	at com.kms.katalon.core.webui.keyword.builtin.VerifyElementNotCheckedKeyword.verifyElementNotChecked(VerifyElementNotCheckedKeyword.groovy:93)&#xD;
	at com.kms.katalon.core.webui.keyword.builtin.VerifyElementNotCheckedKeyword.execute(VerifyElementNotCheckedKeyword.groovy:68)&#xD;
	at com.kms.katalon.core.keyword.internal.KeywordExecutor.executeKeywordForPlatform(KeywordExecutor.groovy:56)&#xD;
	at com.kms.katalon.core.webui.keyword.WebUiBuiltInKeywords.verifyElementNotChecked(WebUiBuiltInKeywords.groovy:1385)&#xD;
	at com.kms.katalon.core.webui.keyword.WebUiBuiltInKeywords$verifyElementNotChecked$7.call(Unknown Source)&#xD;
	at Login_sysinternals.run(Login_sysinternals:40)&#xD;
	at com.kms.katalon.core.main.ScriptEngine.run(ScriptEngine.java:194)&#xD;
	at com.kms.katalon.core.main.ScriptEngine.runScriptAsRawText(ScriptEngine.java:119)&#xD;
	at com.kms.katalon.core.main.TestCaseExecutor.runScript(TestCaseExecutor.java:337)&#xD;
	at com.kms.katalon.core.main.TestCaseExecutor.doExecute(TestCaseExecutor.java:328)&#xD;
	at com.kms.katalon.core.main.TestCaseExecutor.processExecutionPhase(TestCaseExecutor.java:307)&#xD;
	at com.kms.katalon.core.main.TestCaseExecutor.accessMainPhase(TestCaseExecutor.java:299)&#xD;
	at com.kms.katalon.core.main.TestCaseExecutor.execute(TestCaseExecutor.java:233)&#xD;
	at com.kms.katalon.core.main.TestCaseMain.runTestCase(TestCaseMain.java:114)&#xD;
	at com.kms.katalon.core.keyword.builtin.CallTestCaseKeyword$_callTestCase_closure1.doCall(CallTestCaseKeyword.groovy:59)&#xD;
	at com.kms.katalon.core.keyword.builtin.CallTestCaseKeyword$_callTestCase_closure1.call(CallTestCaseKeyword.groovy)&#xD;
	at com.kms.katalon.core.keyword.internal.KeywordMain.runKeyword(KeywordMain.groovy:68)&#xD;
	at com.kms.katalon.core.keyword.builtin.CallTestCaseKeyword.callTestCase(CallTestCaseKeyword.groovy:81)&#xD;
	at com.kms.katalon.core.keyword.builtin.CallTestCaseKeyword.execute(CallTestCaseKeyword.groovy:44)&#xD;
	at com.kms.katalon.core.keyword.internal.KeywordExecutor.executeKeywordForPlatform(KeywordExecutor.groovy:56)&#xD;
	at com.kms.katalon.core.keyword.BuiltinKeywords.callTestCase(BuiltinKeywords.groovy:334)&#xD;
	at Admin_Settings.run(Admin_Settings:28)&#xD;
	at com.kms.katalon.core.main.ScriptEngine.run(ScriptEngine.java:194)&#xD;
	at com.kms.katalon.core.main.ScriptEngine.runScriptAsRawText(ScriptEngine.java:119)&#xD;
	at com.kms.katalon.core.main.TestCaseExecutor.runScript(TestCaseExecutor.java:337)&#xD;
	at com.kms.katalon.core.main.TestCaseExecutor.doExecute(TestCaseExecutor.java:328)&#xD;
	at com.kms.katalon.core.main.TestCaseExecutor.processExecutionPhase(TestCaseExecutor.java:307)&#xD;
	at com.kms.katalon.core.main.TestCaseExecutor.accessMainPhase(TestCaseExecutor.java:299)&#xD;
	at com.kms.katalon.core.main.TestCaseExecutor.execute(TestCaseExecutor.java:233)&#xD;
	at com.kms.katalon.core.main.TestCaseMain.runTestCase(TestCaseMain.java:114)&#xD;
	at com.kms.katalon.core.keyword.builtin.CallTestCaseKeyword$_callTestCase_closure1.doCall(CallTestCaseKeyword.groovy:59)&#xD;
	at com.kms.katalon.core.keyword.builtin.CallTestCaseKeyword$_callTestCase_closure1.call(CallTestCaseKeyword.groovy)&#xD;
	at com.kms.katalon.core.keyword.internal.KeywordMain.runKeyword(KeywordMain.groovy:68)&#xD;
	at com.kms.katalon.core.keyword.builtin.CallTestCaseKeyword.callTestCase(CallTestCaseKeyword.groovy:81)&#xD;
	at com.kms.katalon.core.keyword.builtin.CallTestCaseKeyword.execute(CallTestCaseKeyword.groovy:44)&#xD;
	at com.kms.katalon.core.keyword.internal.KeywordExecutor.executeKeywordForPlatform(KeywordExecutor.groovy:56)&#xD;
	at com.kms.katalon.core.keyword.BuiltinKeywords.callTestCase(BuiltinKeywords.groovy:334)&#xD;
	at Admin - Testcases.run(Admin - Testcases:16)&#xD;
	at com.kms.katalon.core.main.ScriptEngine.run(ScriptEngine.java:194)&#xD;
	at com.kms.katalon.core.main.ScriptEngine.runScriptAsRawText(ScriptEngine.java:119)&#xD;
	at com.kms.katalon.core.main.TestCaseExecutor.runScript(TestCaseExecutor.java:337)&#xD;
	at com.kms.katalon.core.main.TestCaseExecutor.doExecute(TestCaseExecutor.java:328)&#xD;
	at com.kms.katalon.core.main.TestCaseExecutor.processExecutionPhase(TestCaseExecutor.java:307)&#xD;
	at com.kms.katalon.core.main.TestCaseExecutor.accessMainPhase(TestCaseExecutor.java:299)&#xD;
	at com.kms.katalon.core.main.TestCaseExecutor.execute(TestCaseExecutor.java:233)&#xD;
	at com.kms.katalon.core.main.TestSuiteExecutor.accessTestCaseMainPhase(TestSuiteExecutor.java:150)&#xD;
	at com.kms.katalon.core.main.TestSuiteExecutor.accessTestSuiteMainPhase(TestSuiteExecutor.java:123)&#xD;
	at com.kms.katalon.core.main.TestSuiteExecutor.execute(TestSuiteExecutor.java:87)&#xD;
	at com.kms.katalon.core.main.TestCaseMain.startTestSuite(TestCaseMain.java:157)&#xD;
	at com.kms.katalon.core.main.TestCaseMain$startTestSuite$0.call(Unknown Source)&#xD;
	at TempTestSuite1565691765774.run(TempTestSuite1565691765774.groovy:35)&#xD;
)&#xD;
[[ATTACHMENT|C:\\Katalon Projects\\Nido_Patch3\\Reports\\20190813_132245\\Admin - Testsuite\\20190813_132245\\1565691788428.png]]&#xD;
&#xD;
2019-08-13 13:23:08 - [MESSAGE][PASSED] - Call Test Case 'Test Cases/Admin/Login_sysinternals' successfully&#xD;
&#xD;
2019-08-13 13:23:08 - [TEST_STEP][PASSED] - callTestCase(findTestCase("Admin/Create_EmailConnection"), [:], CONTINUE_ON_FAILURE): Call Test Case 'Test Cases/Admin/Create_EmailConnection' successfully&#xD;
&#xD;
2019-08-13 13:23:08 - [TEST_CASE][PASSED] - Test Cases/Admin/Create_EmailConnection: Test Cases/Admin/Create_EmailConnection&#xD;
&#xD;
2019-08-13 13:23:08 - [TEST_STEP][PASSED] - click(findTestObject("Admin/SettingsSysinternals/a_Email"), CONTINUE_ON_FAILURE): Object: 'Object Repository/Admin/SettingsSysinternals/a_Email' is clicked on&#xD;
&#xD;
2019-08-13 13:23:09 - [MESSAGE][PASSED] - Object: 'Object Repository/Admin/SettingsSysinternals/a_Email' is clicked on&#xD;
&#xD;
2019-08-13 13:23:09 - [TEST_STEP][PASSED] - waitForPageLoad(3, CONTINUE_ON_FAILURE): Wait for page load successfully&#xD;
&#xD;
2019-08-13 13:23:09 - [MESSAGE][PASSED] - Wait for page load successfully&#xD;
&#xD;
2019-08-13 13:23:09 - [TEST_STEP][PASSED] - verifyElementText(findTestObject("Admin/SettingsSysinternalsEmail/h2_Email Connections"), "Email Connections", CONTINUE_ON_FAILURE): Actual text and expected text of test object 'Object Repository/Admin/SettingsSysinternalsEmail/h2_Email Connections' are matched.&#xD;
&#xD;
2019-08-13 13:23:09 - [MESSAGE][PASSED] - Actual text and expected text of test object 'Object Repository/Admin/SettingsSysinternalsEmail/h2_Email Connections' are matched.&#xD;
&#xD;
2019-08-13 13:23:09 - [TEST_STEP][PASSED] - verifyElementText(findTestObject("Admin/SettingsSysinternalsEmail/span_Create and manage email c"), "Create and manage email connections.", CONTINUE_ON_FAILURE): Actual text and expected text of test object 'Object Repository/Admin/SettingsSysinternalsEmail/span_Create and manage email c' are matched.&#xD;
&#xD;
2019-08-13 13:23:09 - [MESSAGE][PASSED] - Actual text and expected text of test object 'Object Repository/Admin/SettingsSysinternalsEmail/span_Create and manage email c' are matched.&#xD;
&#xD;
2019-08-13 13:23:09 - [TEST_STEP][PASSED] - verifyElementText(findTestObject("Admin/SettingsSysinternalsEmail/span_Create and manage email c"), "Create and manage email connections.", CONTINUE_ON_FAILURE): Actual text and expected text of test object 'Object Repository/Admin/SettingsSysinternalsEmail/span_Create and manage email c' are matched.&#xD;
&#xD;
2019-08-13 13:23:09 - [MESSAGE][PASSED] - Actual text and expected text of test object 'Object Repository/Admin/SettingsSysinternalsEmail/span_Create and manage email c' are matched.&#xD;
&#xD;
2019-08-13 13:23:09 - [TEST_STEP][PASSED] - verifyElementText(findTestObject("Admin/SettingsSysinternalsEmail/th_Name"), "Name", CONTINUE_ON_FAILURE): Actual text and expected text of test object 'Object Repository/Admin/SettingsSysinternalsEmail/th_Name' are matched.&#xD;
&#xD;
2019-08-13 13:23:09 - [MESSAGE][PASSED] - Actual text and expected text of test object 'Object Repository/Admin/SettingsSysinternalsEmail/th_Name' are matched.&#xD;
&#xD;
2019-08-13 13:23:09 - [TEST_STEP][PASSED] - verifyElementText(findTestObject("Admin/SettingsSysinternalsEmail/th_Status"), "Status", CONTINUE_ON_FAILURE): Actual text and expected text of test object 'Object Repository/Admin/SettingsSysinternalsEmail/th_Status' are matched.&#xD;
&#xD;
2019-08-13 13:23:09 - [MESSAGE][PASSED] - Actual text and expected text of test object 'Object Repository/Admin/SettingsSysinternalsEmail/th_Status' are matched.&#xD;
&#xD;
2019-08-13 13:23:09 - [TEST_STEP][PASSED] - verifyElementText(findTestObject("Admin/SettingsSysinternalsEmail/th_Type"), "Type", CONTINUE_ON_FAILURE): Actual text and expected text of test object 'Object Repository/Admin/SettingsSysinternalsEmail/th_Type' are matched.&#xD;
&#xD;
2019-08-13 13:23:09 - [MESSAGE][PASSED] - Actual text and expected text of test object 'Object Repository/Admin/SettingsSysinternalsEmail/th_Type' are matched.&#xD;
&#xD;
2019-08-13 13:23:09 - [TEST_STEP][PASSED] - verifyElementText(findTestObject("Admin/SettingsSysinternalsEmail/td_No items"), "No items", CONTINUE_ON_FAILURE): Actual text and expected text of test object 'Object Repository/Admin/SettingsSysinternalsEmail/td_No items' are matched.&#xD;
&#xD;
2019-08-13 13:23:09 - [MESSAGE][PASSED] - Actual text and expected text of test object 'Object Repository/Admin/SettingsSysinternalsEmail/td_No items' are matched.&#xD;
&#xD;
2019-08-13 13:23:09 - [TEST_STEP][PASSED] - verifyElementAttributeValue(findTestObject("Admin/SettingsSysinternalsEmail/button_New Connection"), "title", "New Connection", 2, CONTINUE_ON_FAILURE): Object 'Object Repository/Admin/SettingsSysinternalsEmail/button_New Connection' has attribute 'title' with value 'New Connection'&#xD;
&#xD;
2019-08-13 13:23:09 - [MESSAGE][PASSED] - Object 'Object Repository/Admin/SettingsSysinternalsEmail/button_New Connection' has attribute 'title' with value 'New Connection'&#xD;
&#xD;
2019-08-13 13:23:09 - [TEST_STEP][PASSED] - click(findTestObject("Admin/SettingsSysinternalsEmail/button_New Connection"), CONTINUE_ON_FAILURE): Object: 'Object Repository/Admin/SettingsSysinternalsEmail/button_New Connection' is clicked on&#xD;
&#xD;
2019-08-13 13:23:09 - [MESSAGE][PASSED] - Object: 'Object Repository/Admin/SettingsSysinternalsEmail/button_New Connection' is clicked on&#xD;
&#xD;
2019-08-13 13:23:09 - [TEST_STEP][PASSED] - verifyElementText(findTestObject("Admin/SettingsSysinternalsEmail/h4_New Email Connection"), "New Email Connection", CONTINUE_ON_FAILURE): Actual text and expected text of test object 'Object Repository/Admin/SettingsSysinternalsEmail/h4_New Email Connection' are matched.&#xD;
&#xD;
2019-08-13 13:23:10 - [MESSAGE][PASSED] - Actual text and expected text of test object 'Object Repository/Admin/SettingsSysinternalsEmail/h4_New Email Connection' are matched.&#xD;
&#xD;
2019-08-13 13:23:10 - [TEST_STEP][PASSED] - setText(findTestObject("Admin/SettingsSysinternalsEmail/input_connectionNameTxt"), "test_email_123!@#$QWE@#", CONTINUE_ON_FAILURE): Text 'test_email_123!@#$QWE@#' is set on object 'Object Repository/Admin/SettingsSysinternalsEmail/input_connectionNameTxt'&#xD;
&#xD;
2019-08-13 13:23:10 - [MESSAGE][PASSED] - Text 'test_email_123!@#$QWE@#' is set on object 'Object Repository/Admin/SettingsSysinternalsEmail/input_connectionNameTxt'&#xD;
&#xD;
2019-08-13 13:23:10 - [TEST_STEP][PASSED] - selectOptionByValue(findTestObject("Admin/SettingsSysinternalsEmail/select_SMTP"), "ses", false, CONTINUE_ON_FAILURE): All options with value 'ses' are selected in object 'Object Repository/Admin/SettingsSysinternalsEmail/select_SMTP' &#xD;
&#xD;
2019-08-13 13:23:10 - [MESSAGE][PASSED] - All options with value 'ses' are selected in object 'Object Repository/Admin/SettingsSysinternalsEmail/select_SMTP' &#xD;
&#xD;
2019-08-13 13:23:10 - [TEST_STEP][PASSED] - selectOptionByValue(findTestObject("Admin/SettingsSysinternalsEmail/select_SMTP"), "email", false, CONTINUE_ON_FAILURE): All options with value 'email' are selected in object 'Object Repository/Admin/SettingsSysinternalsEmail/select_SMTP' &#xD;
&#xD;
2019-08-13 13:23:10 - [MESSAGE][PASSED] - All options with value 'email' are selected in object 'Object Repository/Admin/SettingsSysinternalsEmail/select_SMTP' &#xD;
&#xD;
2019-08-13 13:23:10 - [TEST_STEP][PASSED] - verifyElementClickable(findTestObject("Admin/SettingsSysinternalsEmail/button_Cancel"), CONTINUE_ON_FAILURE): Object 'Object Repository/Admin/SettingsSysinternalsEmail/button_Cancel' is clickable&#xD;
&#xD;
2019-08-13 13:23:10 - [MESSAGE][PASSED] - Object 'Object Repository/Admin/SettingsSysinternalsEmail/button_Cancel' is clickable&#xD;
&#xD;
2019-08-13 13:23:10 - [TEST_STEP][PASSED] - verifyElementText(findTestObject("Admin/SettingsSysinternalsEmail/button_Cancel"), "Cancel", CONTINUE_ON_FAILURE): Actual text and expected text of test object 'Object Repository/Admin/SettingsSysinternalsEmail/button_Cancel' are matched.&#xD;
&#xD;
2019-08-13 13:23:11 - [MESSAGE][PASSED] - Actual text and expected text of test object 'Object Repository/Admin/SettingsSysinternalsEmail/button_Cancel' are matched.&#xD;
&#xD;
2019-08-13 13:23:11 - [TEST_STEP][PASSED] - verifyElementText(findTestObject("Admin/SettingsSysinternalsEmail/button_Continue"), "Continue", CONTINUE_ON_FAILURE): Actual text and expected text of test object 'Object Repository/Admin/SettingsSysinternalsEmail/button_Continue' are matched.&#xD;
&#xD;
2019-08-13 13:23:11 - [MESSAGE][PASSED] - Actual text and expected text of test object 'Object Repository/Admin/SettingsSysinternalsEmail/button_Continue' are matched.&#xD;
&#xD;
2019-08-13 13:23:11 - [TEST_STEP][PASSED] - click(findTestObject("Admin/SettingsSysinternalsEmail/button_Continue"), CONTINUE_ON_FAILURE): Object: 'Object Repository/Admin/SettingsSysinternalsEmail/button_Continue' is clicked on&#xD;
&#xD;
2019-08-13 13:23:11 - [MESSAGE][PASSED] - Object: 'Object Repository/Admin/SettingsSysinternalsEmail/button_Continue' is clicked on&#xD;
&#xD;
2019-08-13 13:23:11 - [TEST_STEP][PASSED] - verifyElementText(findTestObject("Admin/SettingsSysinternalsEmail/label_From"), "From", CONTINUE_ON_FAILURE): Actual text and expected text of test object 'Object Repository/Admin/SettingsSysinternalsEmail/label_From' are matched.&#xD;
&#xD;
2019-08-13 13:23:11 - [MESSAGE][PASSED] - Actual text and expected text of test object 'Object Repository/Admin/SettingsSysinternalsEmail/label_From' are matched.&#xD;
&#xD;
2019-08-13 13:23:11 - [TEST_STEP][PASSED] - verifyElementText(findTestObject("Admin/SettingsSysinternalsEmail/label_Password"), "Password", CONTINUE_ON_FAILURE): Actual text and expected text of test object 'Object Repository/Admin/SettingsSysinternalsEmail/label_Password' are matched.&#xD;
&#xD;
2019-08-13 13:23:11 - [MESSAGE][PASSED] - Actual text and expected text of test object 'Object Repository/Admin/SettingsSysinternalsEmail/label_Password' are matched.&#xD;
&#xD;
2019-08-13 13:23:11 - [TEST_STEP][PASSED] - verifyElementText(findTestObject("Admin/SettingsSysinternalsEmail/label_Username"), "Username", CONTINUE_ON_FAILURE): Actual text and expected text of test object 'Object Repository/Admin/SettingsSysinternalsEmail/label_Username' are matched.&#xD;
&#xD;
2019-08-13 13:23:11 - [MESSAGE][PASSED] - Actual text and expected text of test object 'Object Repository/Admin/SettingsSysinternalsEmail/label_Username' are matched.&#xD;
&#xD;
2019-08-13 13:23:11 - [TEST_STEP][PASSED] - verifyElementText(findTestObject("Admin/SettingsSysinternalsEmail/label_Port"), "Port", CONTINUE_ON_FAILURE): Actual text and expected text of test object 'Object Repository/Admin/SettingsSysinternalsEmail/label_Port' are matched.&#xD;
&#xD;
2019-08-13 13:23:11 - [MESSAGE][PASSED] - Actual text and expected text of test object 'Object Repository/Admin/SettingsSysinternalsEmail/label_Port' are matched.&#xD;
&#xD;
2019-08-13 13:23:11 - [TEST_STEP][PASSED] - verifyElementText(findTestObject("Admin/SettingsSysinternalsEmail/label_Server Name"), "Server Name", CONTINUE_ON_FAILURE): Actual text and expected text of test object 'Object Repository/Admin/SettingsSysinternalsEmail/label_Server Name' are matched.&#xD;
&#xD;
2019-08-13 13:23:11 - [MESSAGE][PASSED] - Actual text and expected text of test object 'Object Repository/Admin/SettingsSysinternalsEmail/label_Server Name' are matched.&#xD;
&#xD;
2019-08-13 13:23:11 - [TEST_STEP][PASSED] - verifyElementText(findTestObject("Admin/SettingsSysinternalsEmail/strong_Encrypt Connection"), "Encrypt Connection", CONTINUE_ON_FAILURE): Actual text and expected text of test object 'Object Repository/Admin/SettingsSysinternalsEmail/strong_Encrypt Connection' are matched.&#xD;
&#xD;
2019-08-13 13:23:11 - [MESSAGE][PASSED] - Actual text and expected text of test object 'Object Repository/Admin/SettingsSysinternalsEmail/strong_Encrypt Connection' are matched.&#xD;
&#xD;
2019-08-13 13:23:11 - [TEST_STEP][PASSED] - verifyElementText(findTestObject("Admin/SettingsSysinternalsEmail/button_Test Connection"), "Test Connection", CONTINUE_ON_FAILURE): Actual text and expected text of test object 'Object Repository/Admin/SettingsSysinternalsEmail/button_Test Connection' are matched.&#xD;
&#xD;
2019-08-13 13:23:11 - [MESSAGE][PASSED] - Actual text and expected text of test object 'Object Repository/Admin/SettingsSysinternalsEmail/button_Test Connection' are matched.&#xD;
&#xD;
2019-08-13 13:23:11 - [TEST_STEP][PASSED] - verifyElementText(findTestObject("Admin/SettingsSysinternalsEmail/button_Cancel"), "Cancel", CONTINUE_ON_FAILURE): Actual text and expected text of test object 'Object Repository/Admin/SettingsSysinternalsEmail/button_Cancel' are matched.&#xD;
&#xD;
2019-08-13 13:23:11 - [MESSAGE][PASSED] - Actual text and expected text of test object 'Object Repository/Admin/SettingsSysinternalsEmail/button_Cancel' are matched.&#xD;
&#xD;
2019-08-13 13:23:11 - [TEST_STEP][PASSED] - verifyElementText(findTestObject("Admin/SettingsSysinternalsEmail/button_Back"), "Back", CONTINUE_ON_FAILURE): Actual text and expected text of test object 'Object Repository/Admin/SettingsSysinternalsEmail/button_Back' are matched.&#xD;
&#xD;
2019-08-13 13:23:11 - [MESSAGE][PASSED] - Actual text and expected text of test object 'Object Repository/Admin/SettingsSysinternalsEmail/button_Back' are matched.&#xD;
&#xD;
2019-08-13 13:23:11 - [TEST_STEP][PASSED] - verifyElementText(findTestObject("Admin/SettingsSysinternalsEmail/button_Ok"), "Ok", CONTINUE_ON_FAILURE): Actual text and expected text of test object 'Object Repository/Admin/SettingsSysinternalsEmail/button_Ok' are matched.&#xD;
&#xD;
2019-08-13 13:23:11 - [MESSAGE][PASSED] - Actual text and expected text of test object 'Object Repository/Admin/SettingsSysinternalsEmail/button_Ok' are matched.&#xD;
&#xD;
2019-08-13 13:23:11 - [TEST_STEP][PASSED] - verifyElementClickable(findTestObject("Admin/SettingsSysinternalsEmail/button_Cancel"), CONTINUE_ON_FAILURE): Object 'Object Repository/Admin/SettingsSysinternalsEmail/button_Cancel' is clickable&#xD;
&#xD;
2019-08-13 13:23:11 - [MESSAGE][PASSED] - Object 'Object Repository/Admin/SettingsSysinternalsEmail/button_Cancel' is clickable&#xD;
&#xD;
2019-08-13 13:23:11 - [TEST_STEP][PASSED] - verifyElementClickable(findTestObject("Admin/SettingsSysinternalsEmail/button_Back"), CONTINUE_ON_FAILURE): Object 'Object Repository/Admin/SettingsSysinternalsEmail/button_Back' is clickable&#xD;
&#xD;
2019-08-13 13:23:11 - [MESSAGE][PASSED] - Object 'Object Repository/Admin/SettingsSysinternalsEmail/button_Back' is clickable&#xD;
&#xD;
2019-08-13 13:23:11 - [TEST_STEP][PASSED] - setText(findTestObject("Admin/SettingsSysinternalsEmail/input_smtpUserNameTxt"), "test.notifications@ecrion.com", CONTINUE_ON_FAILURE): Text 'test.notifications@ecrion.com' is set on object 'Object Repository/Admin/SettingsSysinternalsEmail/input_smtpUserNameTxt'&#xD;
&#xD;
2019-08-13 13:23:11 - [MESSAGE][PASSED] - Text 'test.notifications@ecrion.com' is set on object 'Object Repository/Admin/SettingsSysinternalsEmail/input_smtpUserNameTxt'&#xD;
&#xD;
2019-08-13 13:23:11 - [TEST_STEP][PASSED] - setText(findTestObject("Admin/SettingsSysinternalsEmail/input_ServerName"), "smtp.office365.com", CONTINUE_ON_FAILURE): Text 'smtp.office365.com' is set on object 'Object Repository/Admin/SettingsSysinternalsEmail/input_ServerName'&#xD;
&#xD;
2019-08-13 13:23:12 - [MESSAGE][PASSED] - Text 'smtp.office365.com' is set on object 'Object Repository/Admin/SettingsSysinternalsEmail/input_ServerName'&#xD;
&#xD;
2019-08-13 13:23:12 - [TEST_STEP][PASSED] - setText(findTestObject("Admin/SettingsSysinternalsEmail/input_passwordTxt"), "3cr1oN123456", CONTINUE_ON_FAILURE): Text '3cr1oN123456' is set on object 'Object Repository/Admin/SettingsSysinternalsEmail/input_passwordTxt'&#xD;
&#xD;
2019-08-13 13:23:12 - [MESSAGE][PASSED] - Text '3cr1oN123456' is set on object 'Object Repository/Admin/SettingsSysinternalsEmail/input_passwordTxt'&#xD;
&#xD;
2019-08-13 13:23:12 - [TEST_STEP][PASSED] - setText(findTestObject("Admin/SettingsSysinternalsEmail/input_smtpFromTxt"), "test.notifications@ecrion.com", CONTINUE_ON_FAILURE): Text 'test.notifications@ecrion.com' is set on object 'Object Repository/Admin/SettingsSysinternalsEmail/input_smtpFromTxt'&#xD;
&#xD;
2019-08-13 13:23:12 - [MESSAGE][PASSED] - Text 'test.notifications@ecrion.com' is set on object 'Object Repository/Admin/SettingsSysinternalsEmail/input_smtpFromTxt'&#xD;
&#xD;
2019-08-13 13:23:12 - [TEST_STEP][PASSED] - setText(findTestObject("Admin/SettingsSysinternalsEmail/input_smtpPortTxt"), "587", CONTINUE_ON_FAILURE): Text '587' is set on object 'Object Repository/Admin/SettingsSysinternalsEmail/input_smtpPortTxt'&#xD;
&#xD;
2019-08-13 13:23:12 - [MESSAGE][PASSED] - Text '587' is set on object 'Object Repository/Admin/SettingsSysinternalsEmail/input_smtpPortTxt'&#xD;
&#xD;
2019-08-13 13:23:12 - [TEST_STEP][PASSED] - check(findTestObject("Admin/SettingsSysinternalsEmail/input_EncryptCOnnection"), CONTINUE_ON_FAILURE): Object 'Object Repository/Admin/SettingsSysinternalsEmail/input_EncryptCOnnection' is checked&#xD;
&#xD;
2019-08-13 13:23:12 - [MESSAGE][PASSED] - Object 'Object Repository/Admin/SettingsSysinternalsEmail/input_EncryptCOnnection' is checked&#xD;
&#xD;
2019-08-13 13:23:12 - [TEST_STEP][PASSED] - click(findTestObject("Admin/SettingsSysinternalsEmail/button_Test Connection"), CONTINUE_ON_FAILURE): Object: 'Object Repository/Admin/SettingsSysinternalsEmail/button_Test Connection' is clicked on&#xD;
&#xD;
2019-08-13 13:23:13 - [MESSAGE][PASSED] - Object: 'Object Repository/Admin/SettingsSysinternalsEmail/button_Test Connection' is clicked on&#xD;
&#xD;
2019-08-13 13:23:13 - [TEST_STEP][PASSED] - waitForElementVisible(findTestObject("Admin/SettingsSysinternalsEmail/Connection_Succeeded_Message"), 3, CONTINUE_ON_FAILURE): Object 'Object Repository/Admin/SettingsSysinternalsEmail/Connection_Succeeded_Message' is visible&#xD;
&#xD;
2019-08-13 13:23:13 - [MESSAGE][PASSED] - Object 'Object Repository/Admin/SettingsSysinternalsEmail/Connection_Succeeded_Message' is visible&#xD;
&#xD;
2019-08-13 13:23:13 - [TEST_STEP][PASSED] - verifyElementVisible(findTestObject("Admin/SettingsSysinternalsEmail/Connection_Succeeded_Message"), CONTINUE_ON_FAILURE): Object 'Object Repository/Admin/SettingsSysinternalsEmail/Connection_Succeeded_Message' is visible&#xD;
&#xD;
2019-08-13 13:23:13 - [MESSAGE][PASSED] - Object 'Object Repository/Admin/SettingsSysinternalsEmail/Connection_Succeeded_Message' is visible&#xD;
&#xD;
2019-08-13 13:23:13 - [TEST_STEP][PASSED] - verifyElementText(findTestObject("Admin/SettingsSysinternalsEmail/Connection_Succeeded_Message"), "Connection Succeeded", CONTINUE_ON_FAILURE): Actual text and expected text of test object 'Object Repository/Admin/SettingsSysinternalsEmail/Connection_Succeeded_Message' are matched.&#xD;
&#xD;
2019-08-13 13:23:13 - [MESSAGE][PASSED] - Actual text and expected text of test object 'Object Repository/Admin/SettingsSysinternalsEmail/Connection_Succeeded_Message' are matched.&#xD;
&#xD;
2019-08-13 13:23:13 - [TEST_STEP][PASSED] - verifyElementText(findTestObject("Admin/SettingsSysinternalsEmail/button_Test Connection"), "Connection succeeded", CONTINUE_ON_FAILURE): Actual text and expected text of test object 'Object Repository/Admin/SettingsSysinternalsEmail/button_Test Connection' are matched.&#xD;
&#xD;
2019-08-13 13:23:13 - [MESSAGE][PASSED] - Actual text and expected text of test object 'Object Repository/Admin/SettingsSysinternalsEmail/button_Test Connection' are matched.&#xD;
&#xD;
2019-08-13 13:23:13 - [TEST_STEP][PASSED] - verifyElementNotClickable(findTestObject("Admin/SettingsSysinternalsEmail/button_Test Connection"), CONTINUE_ON_FAILURE): Object 'Object Repository/Admin/SettingsSysinternalsEmail/button_Test Connection' is NOT clickable&#xD;
&#xD;
2019-08-13 13:23:13 - [MESSAGE][PASSED] - Object 'Object Repository/Admin/SettingsSysinternalsEmail/button_Test Connection' is NOT clickable&#xD;
&#xD;
2019-08-13 13:23:13 - [TEST_STEP][PASSED] - click(findTestObject("Admin/SettingsSysinternalsEmail/button_Ok"), CONTINUE_ON_FAILURE): Object: 'Object Repository/Admin/SettingsSysinternalsEmail/button_Ok' is clicked on&#xD;
&#xD;
2019-08-13 13:23:13 - [MESSAGE][PASSED] - Object: 'Object Repository/Admin/SettingsSysinternalsEmail/button_Ok' is clicked on&#xD;
&#xD;
2019-08-13 13:23:13 - [TEST_STEP][PASSED] - back(CONTINUE_ON_FAILURE): Navigate back successfully&#xD;
&#xD;
2019-08-13 13:23:13 - [MESSAGE][PASSED] - Navigate back successfully&#xD;
&#xD;
2019-08-13 13:23:13 - [TEST_STEP][PASSED] - delay(1, CONTINUE_ON_FAILURE): Delayed 1 second(s)&#xD;
&#xD;
2019-08-13 13:23:15 - [MESSAGE][PASSED] - Delayed 1 second(s)&#xD;
&#xD;
2019-08-13 13:23:15 - [MESSAGE][PASSED] - Call Test Case 'Test Cases/Admin/Create_EmailConnection' successfully&#xD;
&#xD;
2019-08-13 13:23:15 - [TEST_STEP][PASSED] - delay(2, CONTINUE_ON_FAILURE): Delayed 2 second(s)&#xD;
&#xD;
2019-08-13 13:23:17 - [MESSAGE][PASSED] - Delayed 2 second(s)&#xD;
&#xD;
2019-08-13 13:23:17 - [TEST_STEP][PASSED] - callTestCase(findTestCase("Admin/Create_SMSConnection"), [:], CONTINUE_ON_FAILURE): Call Test Case 'Test Cases/Admin/Create_SMSConnection' successfully&#xD;
&#xD;
2019-08-13 13:23:17 - [TEST_CASE][PASSED] - Test Cases/Admin/Create_SMSConnection: Test Cases/Admin/Create_SMSConnection&#xD;
&#xD;
2019-08-13 13:23:17 - [TEST_STEP][NOT_RUN] - callTestCase(findTestCase("Admin/Login_sysinternals"), [:], STOP_ON_FAILURE): NOT_RUN: callTestCase(findTestCase("Admin/Login_sysinternals"), [:], STOP_ON_FAILURE)&#xD;
&#xD;
2019-08-13 13:23:17 - [MESSAGE][NOT_RUN] - NOT_RUN: callTestCase(findTestCase("Admin/Login_sysinternals"), [:], STOP_ON_FAILURE)&#xD;
&#xD;
2019-08-13 13:23:17 - [TEST_STEP][PASSED] - click(findTestObject("Admin/SettingsSysinternals/a_SMS"), CONTINUE_ON_FAILURE): Object: 'Object Repository/Admin/SettingsSysinternals/a_SMS' is clicked on&#xD;
&#xD;
2019-08-13 13:23:17 - [MESSAGE][PASSED] - Object: 'Object Repository/Admin/SettingsSysinternals/a_SMS' is clicked on&#xD;
&#xD;
2019-08-13 13:23:17 - [TEST_STEP][PASSED] - click(findTestObject("Admin/SettingsSysinternalsEmail/button_New Connection"), CONTINUE_ON_FAILURE): Object: 'Object Repository/Admin/SettingsSysinternalsEmail/button_New Connection' is clicked on&#xD;
&#xD;
2019-08-13 13:23:17 - [MESSAGE][PASSED] - Object: 'Object Repository/Admin/SettingsSysinternalsEmail/button_New Connection' is clicked on&#xD;
&#xD;
2019-08-13 13:23:17 - [TEST_STEP][PASSED] - delay(1, CONTINUE_ON_FAILURE): Delayed 1 second(s)&#xD;
&#xD;
2019-08-13 13:23:18 - [MESSAGE][PASSED] - Delayed 1 second(s)&#xD;
&#xD;
2019-08-13 13:23:18 - [TEST_STEP][PASSED] - setText(findTestObject("Admin/SettingsSysinternals/Page_SMSConnection/input_Connection Name_SMS"), SMSConnection, CONTINUE_ON_FAILURE): Text 'SmsConnection' is set on object 'Object Repository/Admin/SettingsSysinternals/Page_SMSConnection/input_Connection Name_SMS'&#xD;
&#xD;
2019-08-13 13:23:18 - [MESSAGE][PASSED] - Text 'SmsConnection' is set on object 'Object Repository/Admin/SettingsSysinternals/Page_SMSConnection/input_Connection Name_SMS'&#xD;
&#xD;
2019-08-13 13:23:18 - [TEST_STEP][PASSED] - click(findTestObject("Admin/SettingsSysinternals/Page_SMSConnection/button_Save_SmsConnection"), CONTINUE_ON_FAILURE): Object: 'Object Repository/Admin/SettingsSysinternals/Page_SMSConnection/button_Save_SmsConnection' is clicked on&#xD;
&#xD;
2019-08-13 13:23:18 - [MESSAGE][PASSED] - Object: 'Object Repository/Admin/SettingsSysinternals/Page_SMSConnection/button_Save_SmsConnection' is clicked on&#xD;
&#xD;
2019-08-13 13:23:18 - [TEST_STEP][PASSED] - if (verifyElementVisible(findTestObject("Admin/SettingsSysinternals/Page_SMSConnection/text_Connection_AlreadyExists"), OPTIONAL) == false): Object 'Object Repository/Admin/SettingsSysinternals/Page_SMSConnection/verify_ConnectionPresent' is visible&#xD;
&#xD;
2019-08-13 13:23:19 - [MESSAGE][WARNING] - Object 'Object Repository/Admin/SettingsSysinternals/Page_SMSConnection/text_Connection_AlreadyExists' is NOT visible (Root cause: com.kms.katalon.core.exception.StepFailedException: Object 'Object Repository/Admin/SettingsSysinternals/Page_SMSConnection/text_Connection_AlreadyExists' is NOT visible&#xD;
	at com.kms.katalon.core.webui.keyword.internal.WebUIKeywordMain.stepFailed(WebUIKeywordMain.groovy:64)&#xD;
	at com.kms.katalon.core.webui.keyword.builtin.VerifyElementVisibleKeyword$_verifyElementVisible_closure1.doCall(VerifyElementVisibleKeyword.groovy:83)&#xD;
	at com.kms.katalon.core.webui.keyword.builtin.VerifyElementVisibleKeyword$_verifyElementVisible_closure1.call(VerifyElementVisibleKeyword.groovy)&#xD;
	at com.kms.katalon.core.webui.keyword.internal.WebUIKeywordMain.runKeyword(WebUIKeywordMain.groovy:20)&#xD;
	at com.kms.katalon.core.webui.keyword.builtin.VerifyElementVisibleKeyword.verifyElementVisible(VerifyElementVisibleKeyword.groovy:97)&#xD;
	at com.kms.katalon.core.webui.keyword.builtin.VerifyElementVisibleKeyword.execute(VerifyElementVisibleKeyword.groovy:67)&#xD;
	at com.kms.katalon.core.keyword.internal.KeywordExecutor.executeKeywordForPlatform(KeywordExecutor.groovy:56)&#xD;
	at com.kms.katalon.core.webui.keyword.WebUiBuiltInKeywords.verifyElementVisible(WebUiBuiltInKeywords.groovy:358)&#xD;
	at com.kms.katalon.core.webui.keyword.WebUiBuiltInKeywords$verifyElementVisible$3.call(Unknown Source)&#xD;
	at Create_SMSConnection.run(Create_SMSConnection:29)&#xD;
	at com.kms.katalon.core.main.ScriptEngine.run(ScriptEngine.java:194)&#xD;
	at com.kms.katalon.core.main.ScriptEngine.runScriptAsRawText(ScriptEngine.java:119)&#xD;
	at com.kms.katalon.core.main.TestCaseExecutor.runScript(TestCaseExecutor.java:337)&#xD;
	at com.kms.katalon.core.main.TestCaseExecutor.doExecute(TestCaseExecutor.java:328)&#xD;
	at com.kms.katalon.core.main.TestCaseExecutor.processExecutionPhase(TestCaseExecutor.java:307)&#xD;
	at com.kms.katalon.core.main.TestCaseExecutor.accessMainPhase(TestCaseExecutor.java:299)&#xD;
	at com.kms.katalon.core.main.TestCaseExecutor.execute(TestCaseExecutor.java:233)&#xD;
	at com.kms.katalon.core.main.TestCaseMain.runTestCase(TestCaseMain.java:114)&#xD;
	at com.kms.katalon.core.keyword.builtin.CallTestCaseKeyword$_callTestCase_closure1.doCall(CallTestCaseKeyword.groovy:59)&#xD;
	at com.kms.katalon.core.keyword.builtin.CallTestCaseKeyword$_callTestCase_closure1.call(CallTestCaseKeyword.groovy)&#xD;
	at com.kms.katalon.core.keyword.internal.KeywordMain.runKeyword(KeywordMain.groovy:68)&#xD;
	at com.kms.katalon.core.keyword.builtin.CallTestCaseKeyword.callTestCase(CallTestCaseKeyword.groovy:81)&#xD;
	at com.kms.katalon.core.keyword.builtin.CallTestCaseKeyword.execute(CallTestCaseKeyword.groovy:44)&#xD;
	at com.kms.katalon.core.keyword.internal.KeywordExecutor.executeKeywordForPlatform(KeywordExecutor.groovy:56)&#xD;
	at com.kms.katalon.core.keyword.BuiltinKeywords.callTestCase(BuiltinKeywords.groovy:334)&#xD;
	at Admin_Settings.run(Admin_Settings:34)&#xD;
	at com.kms.katalon.core.main.ScriptEngine.run(ScriptEngine.java:194)&#xD;
	at com.kms.katalon.core.main.ScriptEngine.runScriptAsRawText(ScriptEngine.java:119)&#xD;
	at com.kms.katalon.core.main.TestCaseExecutor.runScript(TestCaseExecutor.java:337)&#xD;
	at com.kms.katalon.core.main.TestCaseExecutor.doExecute(TestCaseExecutor.java:328)&#xD;
	at com.kms.katalon.core.main.TestCaseExecutor.processExecutionPhase(TestCaseExecutor.java:307)&#xD;
	at com.kms.katalon.core.main.TestCaseExecutor.accessMainPhase(TestCaseExecutor.java:299)&#xD;
	at com.kms.katalon.core.main.TestCaseExecutor.execute(TestCaseExecutor.java:233)&#xD;
	at com.kms.katalon.core.main.TestCaseMain.runTestCase(TestCaseMain.java:114)&#xD;
	at com.kms.katalon.core.keyword.builtin.CallTestCaseKeyword$_callTestCase_closure1.doCall(CallTestCaseKeyword.groovy:59)&#xD;
	at com.kms.katalon.core.keyword.builtin.CallTestCaseKeyword$_callTestCase_closure1.call(CallTestCaseKeyword.groovy)&#xD;
	at com.kms.katalon.core.keyword.internal.KeywordMain.runKeyword(KeywordMain.groovy:68)&#xD;
	at com.kms.katalon.core.keyword.builtin.CallTestCaseKeyword.callTestCase(CallTestCaseKeyword.groovy:81)&#xD;
	at com.kms.katalon.core.keyword.builtin.CallTestCaseKeyword.execute(CallTestCaseKeyword.groovy:44)&#xD;
	at com.kms.katalon.core.keyword.internal.KeywordExecutor.executeKeywordForPlatform(KeywordExecutor.groovy:56)&#xD;
	at com.kms.katalon.core.keyword.BuiltinKeywords.callTestCase(BuiltinKeywords.groovy:334)&#xD;
	at Admin - Testcases.run(Admin - Testcases:16)&#xD;
	at com.kms.katalon.core.main.ScriptEngine.run(ScriptEngine.java:194)&#xD;
	at com.kms.katalon.core.main.ScriptEngine.runScriptAsRawText(ScriptEngine.java:119)&#xD;
	at com.kms.katalon.core.main.TestCaseExecutor.runScript(TestCaseExecutor.java:337)&#xD;
	at com.kms.katalon.core.main.TestCaseExecutor.doExecute(TestCaseExecutor.java:328)&#xD;
	at com.kms.katalon.core.main.TestCaseExecutor.processExecutionPhase(TestCaseExecutor.java:307)&#xD;
	at com.kms.katalon.core.main.TestCaseExecutor.accessMainPhase(TestCaseExecutor.java:299)&#xD;
	at com.kms.katalon.core.main.TestCaseExecutor.execute(TestCaseExecutor.java:233)&#xD;
	at com.kms.katalon.core.main.TestSuiteExecutor.accessTestCaseMainPhase(TestSuiteExecutor.java:150)&#xD;
	at com.kms.katalon.core.main.TestSuiteExecutor.accessTestSuiteMainPhase(TestSuiteExecutor.java:123)&#xD;
	at com.kms.katalon.core.main.TestSuiteExecutor.execute(TestSuiteExecutor.java:87)&#xD;
	at com.kms.katalon.core.main.TestCaseMain.startTestSuite(TestCaseMain.java:157)&#xD;
	at com.kms.katalon.core.main.TestCaseMain$startTestSuite$0.call(Unknown Source)&#xD;
	at TempTestSuite1565691765774.run(TempTestSuite1565691765774.groovy:35)&#xD;
)&#xD;
[[ATTACHMENT|C:\\Katalon Projects\\Nido_Patch3\\Reports\\20190813_132245\\Admin - Testsuite\\20190813_132245\\1565691798761.png]]&#xD;
&#xD;
2019-08-13 13:23:19 - [TEST_STEP][PASSED] - verifyElementVisible(findTestObject("Admin/SettingsSysinternals/Page_SMSConnection/verify_ConnectionPresent"), CONTINUE_ON_FAILURE): Object 'Object Repository/Admin/SettingsSysinternals/Page_SMSConnection/verify_ConnectionPresent' is visible&#xD;
&#xD;
2019-08-13 13:23:19 - [MESSAGE][PASSED] - Object 'Object Repository/Admin/SettingsSysinternals/Page_SMSConnection/verify_ConnectionPresent' is visible&#xD;
&#xD;
2019-08-13 13:23:19 - [TEST_STEP][PASSED] - delay(1, CONTINUE_ON_FAILURE): Delayed 1 second(s)&#xD;
&#xD;
2019-08-13 13:23:20 - [MESSAGE][PASSED] - Delayed 1 second(s)&#xD;
&#xD;
2019-08-13 13:23:20 - [TEST_STEP][PASSED] - click(findTestObject("Admin/SettingsSysinternals/Page_SMSConnection/verify_ConnectionPresent"), CONTINUE_ON_FAILURE): Object: 'Object Repository/Admin/SettingsSysinternals/Page_SMSConnection/verify_ConnectionPresent' is clicked on&#xD;
&#xD;
2019-08-13 13:23:20 - [MESSAGE][PASSED] - Object: 'Object Repository/Admin/SettingsSysinternals/Page_SMSConnection/verify_ConnectionPresent' is clicked on&#xD;
&#xD;
2019-08-13 13:23:20 - [TEST_STEP][PASSED] - delay(1, CONTINUE_ON_FAILURE): Delayed 1 second(s)&#xD;
&#xD;
2019-08-13 13:23:21 - [MESSAGE][PASSED] - Delayed 1 second(s)&#xD;
&#xD;
2019-08-13 13:23:21 - [TEST_STEP][PASSED] - click(findTestObject("Admin/SettingsSysinternals/Page_SMSConnection/button_DeleteConnection"), CONTINUE_ON_FAILURE): Object: 'Object Repository/Admin/SettingsSysinternals/Page_SMSConnection/button_DeleteConnection' is clicked on&#xD;
&#xD;
2019-08-13 13:23:21 - [MESSAGE][PASSED] - Object: 'Object Repository/Admin/SettingsSysinternals/Page_SMSConnection/button_DeleteConnection' is clicked on&#xD;
&#xD;
2019-08-13 13:23:21 - [TEST_STEP][PASSED] - delay(1, CONTINUE_ON_FAILURE): Delayed 1 second(s)&#xD;
&#xD;
2019-08-13 13:23:22 - [MESSAGE][PASSED] - Delayed 1 second(s)&#xD;
&#xD;
2019-08-13 13:23:22 - [TEST_STEP][PASSED] - click(findTestObject("Admin/SettingsSysinternals/Page_SMSConnection/button_ConfirmDeleteConnection"), CONTINUE_ON_FAILURE): Object: 'Object Repository/Admin/SettingsSysinternals/Page_SMSConnection/button_ConfirmDeleteConnection' is clicked on&#xD;
&#xD;
2019-08-13 13:23:22 - [MESSAGE][PASSED] - Object: 'Object Repository/Admin/SettingsSysinternals/Page_SMSConnection/button_ConfirmDeleteConnection' is clicked on&#xD;
&#xD;
2019-08-13 13:23:22 - [TEST_STEP][PASSED] - delay(1, CONTINUE_ON_FAILURE): Delayed 1 second(s)&#xD;
&#xD;
2019-08-13 13:23:23 - [MESSAGE][PASSED] - Delayed 1 second(s)&#xD;
&#xD;
[...]
&#xD;
2019-08-13 13:25:11 - [MESSAGE][PASSED] - Delayed 1 second(s)&#xD;
&#xD;
2019-08-13 13:25:11 - [TEST_STEP][PASSED] - verifyElementVisible(findTestObject("Workspaces/verify_CreatedWorkspace")): Object 'Object Repository/Workspaces/verify_CreatedWorkspace' is visible&#xD;
&#xD;
2019-08-13 13:25:11 - [MESSAGE][PASSED] - Object 'Object Repository/Workspaces/verify_CreatedWorkspace' is visible&#xD;
&#xD;
2019-08-13 13:25:11 - [TEST_STEP][PASSED] - verifyElementVisible(findTestObject("Workspaces/verify_JobsActiviry")): Object 'Object Repository/Workspaces/verify_JobsActiviry' is visible&#xD;
&#xD;
2019-08-13 13:25:11 - [MESSAGE][PASSED] - Object 'Object Repository/Workspaces/verify_JobsActiviry' is visible&#xD;
&#xD;
2019-08-13 13:25:11 - [TEST_STEP][PASSED] - verifyElementVisible(findTestObject("Workspaces/verify_Schedules")): Object 'Object Repository/Workspaces/verify_Schedules' is visible&#xD;
&#xD;
2019-08-13 13:25:11 - [MESSAGE][PASSED] - Object 'Object Repository/Workspaces/verify_Schedules' is visible&#xD;
&#xD;
2019-08-13 13:25:11 - [TEST_STEP][PASSED] - verifyElementVisible(findTestObject("Workspaces/verify_Triggers")): Object 'Object Repository/Workspaces/verify_Triggers' is visible&#xD;
&#xD;
2019-08-13 13:25:12 - [MESSAGE][PASSED] - Object 'Object Repository/Workspaces/verify_Triggers' is visible&#xD;
&#xD;
2019-08-13 13:25:12 - [TEST_STEP][PASSED] - verifyElementText(findTestObject("Workspaces/verify_CreatedWorkspace"), Workspace_Name): Actual text and expected text of test object 'Object Repository/Workspaces/verify_CreatedWorkspace' are matched.&#xD;
&#xD;
2019-08-13 13:25:12 - [MESSAGE][PASSED] - Actual text and expected text of test object 'Object Repository/Workspaces/verify_CreatedWorkspace' are matched.&#xD;
&#xD;
2019-08-13 13:25:12 - [MESSAGE][PASSED] - Call Test Case 'Test Cases/Workspaces/Create_Workspace' successfully&#xD;
&#xD;
2019-08-13 13:25:12 - [TEST_STEP][PASSED] - delay(2, CONTINUE_ON_FAILURE): Delayed 2 second(s)&#xD;
&#xD;
2019-08-13 13:25:14 - [MESSAGE][PASSED] - Delayed 2 second(s)&#xD;
&#xD;
2019-08-13 13:25:14 - [TEST_STEP][PASSED] - callTestCase(findTestCase("Groups_Users/Create Group_Users"), [:], CONTINUE_ON_FAILURE): Call Test Case 'Test Cases/Groups_Users/Create Group_Users' successfully&#xD;
&#xD;
2019-08-13 13:25:14 - [TEST_CASE][PASSED] - Test Cases/Groups_Users/Create Group_Users: Test Cases/Groups_Users/Create Group_Users&#xD;
&#xD;
2019-08-13 13:25:14 - [TEST_STEP][NOT_RUN] - callTestCase(findTestCase("Main Login Page/login_Enterprise"), [:], STOP_ON_FAILURE): NOT_RUN: callTestCase(findTestCase("Main Login Page/login_Enterprise"), [:], STOP_ON_FAILURE)&#xD;
&#xD;
2019-08-13 13:25:14 - [MESSAGE][NOT_RUN] - NOT_RUN: callTestCase(findTestCase("Main Login Page/login_Enterprise"), [:], STOP_ON_FAILURE)&#xD;
&#xD;
2019-08-13 13:25:14 - [TEST_STEP][PASSED] - navigateToUrl(url_enterprise): Navigate to 'http://192.168.1.97:8094/' successfully&#xD;
&#xD;
2019-08-13 13:25:14 - [MESSAGE][PASSED] - Navigate to 'http://192.168.1.97:8094/' successfully&#xD;
&#xD;
2019-08-13 13:25:14 - [TEST_STEP][PASSED] - click(findTestObject("Groups_Users/Page_Welcome - EOS/a_Admin")): Object: 'Object Repository/Groups_Users/Page_Welcome - EOS/a_Admin' is clicked on&#xD;
&#xD;
2019-08-13 13:25:15 - [MESSAGE][PASSED] - Object: 'Object Repository/Groups_Users/Page_Welcome - EOS/a_Admin' is clicked on&#xD;
&#xD;
2019-08-13 13:25:15 - [TEST_STEP][PASSED] - click(findTestObject("Groups_Users/Page_Settings - EOS/div_Users")): Object: 'Object Repository/Groups_Users/Page_Settings - EOS/div_Users' is clicked on&#xD;
&#xD;
2019-08-13 13:25:15 - [MESSAGE][PASSED] - Object: 'Object Repository/Groups_Users/Page_Settings - EOS/div_Users' is clicked on&#xD;
&#xD;
2019-08-13 13:25:15 - [TEST_STEP][PASSED] - click(findTestObject("Groups_Users/Page_Users - Settings - EOS/button_New User")): Object: 'Object Repository/Groups_Users/Page_Users - Settings - EOS/button_New User' is clicked on&#xD;
&#xD;
2019-08-13 13:25:16 - [MESSAGE][PASSED] - Object: 'Object Repository/Groups_Users/Page_Users - Settings - EOS/button_New User' is clicked on&#xD;
&#xD;
2019-08-13 13:25:16 - [TEST_STEP][PASSED] - delay(1, STOP_ON_FAILURE): Delayed 1 second(s)&#xD;
&#xD;
2019-08-13 13:25:17 - [MESSAGE][PASSED] - Delayed 1 second(s)&#xD;
&#xD;
2019-08-13 13:25:17 - [TEST_STEP][PASSED] - setText(findTestObject("Groups_Users/Page_Users - Settings - EOS/input_emailTxtName"), email_NonAdmin): Text 'test@test.ro' is set on object 'Object Repository/Groups_Users/Page_Users - Settings - EOS/input_emailTxtName'&#xD;
&#xD;
2019-08-13 13:25:17 - [MESSAGE][PASSED] - Text 'test@test.ro' is set on object 'Object Repository/Groups_Users/Page_Users - Settings - EOS/input_emailTxtName'&#xD;
&#xD;
2019-08-13 13:25:17 - [TEST_STEP][PASSED] - click(findTestObject("Groups_Users/Page_Users - Settings - EOS/input_userNext")): Object: 'Object Repository/Groups_Users/Page_Users - Settings - EOS/input_userNext' is clicked on&#xD;
&#xD;
2019-08-13 13:25:17 - [MESSAGE][PASSED] - Object: 'Object Repository/Groups_Users/Page_Users - Settings - EOS/input_userNext' is clicked on&#xD;
&#xD;
2019-08-13 13:25:17 - [TEST_STEP][PASSED] - delay(1): Delayed 1 second(s)&#xD;
&#xD;
2019-08-13 13:25:18 - [MESSAGE][PASSED] - Delayed 1 second(s)&#xD;
&#xD;
2019-08-13 13:25:18 - [TEST_STEP][PASSED] - setText(findTestObject("Groups_Users/Page_Users - Settings - EOS/input_loginTxtName"), username_NonAdmin): Text 'Erre' is set on object 'Object Repository/Groups_Users/Page_Users - Settings - EOS/input_loginTxtName'&#xD;
&#xD;
2019-08-13 13:25:18 - [MESSAGE][PASSED] - Text 'Erre' is set on object 'Object Repository/Groups_Users/Page_Users - Settings - EOS/input_loginTxtName'&#xD;
&#xD;
2019-08-13 13:25:18 - [TEST_STEP][PASSED] - js_Actions.JS_Click.clickUsingJS(findTestObject("Object Repository/Groups_Users/Page_Users - Settings - EOS/input_autoPasswordChkBox"), 0): js_Actions.JS_Click.clickUsingJS is PASSED&#xD;
&#xD;
2019-08-13 13:25:18 - [MESSAGE][WARNING] - Timeout '0' is invalid. Using default page load timeout: '5'&#xD;
&#xD;
2019-08-13 13:25:19 - [MESSAGE][PASSED] - js_Actions.JS_Click.clickUsingJS is PASSED&#xD;
&#xD;
2019-08-13 13:25:19 - [TEST_STEP][PASSED] - delay(1): Delayed 1 second(s)&#xD;
&#xD;
2019-08-13 13:25:20 - [MESSAGE][PASSED] - Delayed 1 second(s)&#xD;
&#xD;
2019-08-13 13:25:20 - [TEST_STEP][PASSED] - setText(findTestObject("Groups_Users/Page_Users - Settings - EOS/input_passwordTxtName"), password_NonAdmin): Text 'ere123' is set on object 'Object Repository/Groups_Users/Page_Users - Settings - EOS/input_passwordTxtName'&#xD;
&#xD;
2019-08-13 13:25:20 - [MESSAGE][PASSED] - Text 'ere123' is set on object 'Object Repository/Groups_Users/Page_Users - Settings - EOS/input_passwordTxtName'&#xD;
&#xD;
2019-08-13 13:25:20 - [TEST_STEP][PASSED] - setText(findTestObject("Groups_Users/Page_Users - Settings - EOS/input_confirmPasswordTxtName"), password_NonAdmin): Text 'ere123' is set on object 'Object Repository/Groups_Users/Page_Users - Settings - EOS/input_confirmPasswordTxtName'&#xD;
&#xD;
2019-08-13 13:25:20 - [MESSAGE][PASSED] - Text 'ere123' is set on object 'Object Repository/Groups_Users/Page_Users - Settings - EOS/input_confirmPasswordTxtName'&#xD;
&#xD;
2019-08-13 13:25:20 - [TEST_STEP][PASSED] - setText(findTestObject("Groups_Users/Page_Users - Settings - EOS/input_firstName"), findTestData("NonAdminUser_Data").getValue(1, 1)): Text 'Non_Admin_FirstnAME' is set on object 'Object Repository/Groups_Users/Page_Users - Settings - EOS/input_firstName'&#xD;
&#xD;
2019-08-13 13:25:20 - [MESSAGE][PASSED] - Text 'Non_Admin_FirstnAME' is set on object 'Object Repository/Groups_Users/Page_Users - Settings - EOS/input_firstName'&#xD;
&#xD;
2019-08-13 13:25:20 - [TEST_STEP][PASSED] - setText(findTestObject("Groups_Users/Page_Users - Settings - EOS/input_lastName"), findTestData("NonAdminUser_Data").getValue(1, 2)): Text 'Non_admin_LastName' is set on object 'Object Repository/Groups_Users/Page_Users - Settings - EOS/input_lastName'&#xD;
&#xD;
2019-08-13 13:25:20 - [MESSAGE][PASSED] - Text 'Non_admin_LastName' is set on object 'Object Repository/Groups_Users/Page_Users - Settings - EOS/input_lastName'&#xD;
&#xD;
2019-08-13 13:25:20 - [TEST_STEP][PASSED] - setText(findTestObject("Groups_Users/Page_Users - Settings - EOS/input_jobTitle"), findTestData("NonAdminUser_Data").getValue(1, 3)): Text 'Jobless' is set on object 'Object Repository/Groups_Users/Page_Users - Settings - EOS/input_jobTitle'&#xD;
&#xD;
2019-08-13 13:25:20 - [MESSAGE][PASSED] - Text 'Jobless' is set on object 'Object Repository/Groups_Users/Page_Users - Settings - EOS/input_jobTitle'&#xD;
&#xD;
2019-08-13 13:25:20 - [TEST_STEP][PASSED] - check(findTestObject("Groups_Users/Page_Users - Settings - EOS/input_enabledChkBox")): Object 'Object Repository/Groups_Users/Page_Users - Settings - EOS/input_enabledChkBox' is checked&#xD;
&#xD;
2019-08-13 13:25:20 - [MESSAGE][PASSED] - Object 'Object Repository/Groups_Users/Page_Users - Settings - EOS/input_enabledChkBox' is checked&#xD;
&#xD;
2019-08-13 13:25:20 - [TEST_STEP][PASSED] - delay(1, STOP_ON_FAILURE): Delayed 1 second(s)&#xD;
&#xD;
2019-08-13 13:25:21 - [MESSAGE][PASSED] - Delayed 1 second(s)&#xD;
&#xD;
2019-08-13 13:25:21 - [TEST_STEP][PASSED] - click(findTestObject("Groups_Users/Page_Users - Settings - EOS/input_ok")): Object: 'Object Repository/Groups_Users/Page_Users - Settings - EOS/input_ok' is clicked on&#xD;
&#xD;
2019-08-13 13:25:22 - [MESSAGE][PASSED] - Object: 'Object Repository/Groups_Users/Page_Users - Settings - EOS/input_ok' is clicked on&#xD;
&#xD;
2019-08-13 13:25:22 - [TEST_STEP][PASSED] - delay(1, STOP_ON_FAILURE): Delayed 1 second(s)&#xD;
&#xD;
2019-08-13 13:25:23 - [MESSAGE][PASSED] - Delayed 1 second(s)&#xD;
&#xD;
2019-08-13 13:25:23 - [TEST_STEP][PASSED] - click(findTestObject("Groups_Users/Page_Settings - EOS/div_Groups")): Object: 'Object Repository/Groups_Users/Page_Settings - EOS/div_Groups' is clicked on&#xD;
&#xD;
2019-08-13 13:25:23 - [MESSAGE][PASSED] - Object: 'Object Repository/Groups_Users/Page_Settings - EOS/div_Groups' is clicked on&#xD;
&#xD;
2019-08-13 13:25:23 - [TEST_STEP][PASSED] - delay(1, STOP_ON_FAILURE): Delayed 1 second(s)&#xD;
&#xD;
2019-08-13 13:25:24 - [MESSAGE][PASSED] - Delayed 1 second(s)&#xD;
&#xD;
2019-08-13 13:25:24 - [TEST_STEP][PASSED] - click(findTestObject("Groups_Users/Page_Groups - Settings - EOS/button_New Group")): Object: 'Object Repository/Groups_Users/Page_Groups - Settings - EOS/button_New Group' is clicked on&#xD;
&#xD;
2019-08-13 13:25:24 - [MESSAGE][PASSED] - Object: 'Object Repository/Groups_Users/Page_Groups - Settings - EOS/button_New Group' is clicked on&#xD;
&#xD;
2019-08-13 13:25:24 - [TEST_STEP][PASSED] - delay(1, STOP_ON_FAILURE): Delayed 1 second(s)&#xD;
&#xD;
2019-08-13 13:25:25 - [MESSAGE][PASSED] - Delayed 1 second(s)&#xD;
&#xD;
2019-08-13 13:25:25 - [TEST_STEP][PASSED] - setText(findTestObject("Groups_Users/Page_Groups - Settings - EOS/input_groupName"), GroupName_NonAdmin): Text 'NonAdminGroup' is set on object 'Object Repository/Groups_Users/Page_Groups - Settings - EOS/input_groupName'&#xD;
&#xD;
2019-08-13 13:25:25 - [MESSAGE][PASSED] - Text 'NonAdminGroup' is set on object 'Object Repository/Groups_Users/Page_Groups - Settings - EOS/input_groupName'&#xD;
&#xD;
2019-08-13 13:25:25 - [TEST_STEP][PASSED] - click(findTestObject("Groups_Users/Page_Groups - Settings - EOS/button_Add")): Object: 'Object Repository/Groups_Users/Page_Groups - Settings - EOS/button_Add' is clicked on&#xD;
&#xD;
2019-08-13 13:25:25 - [MESSAGE][PASSED] - Object: 'Object Repository/Groups_Users/Page_Groups - Settings - EOS/button_Add' is clicked on&#xD;
&#xD;
2019-08-13 13:25:25 - [TEST_STEP][PASSED] - click(findTestObject("Groups_Users/Page_Groups - Settings - EOS/user_Dropdown")): Object: 'Object Repository/Groups_Users/Page_Groups - Settings - EOS/user_Dropdown' is clicked on&#xD;
&#xD;
2019-08-13 13:25:25 - [MESSAGE][PASSED] - Object: 'Object Repository/Groups_Users/Page_Groups - Settings - EOS/user_Dropdown' is clicked on&#xD;
&#xD;
2019-08-13 13:25:25 - [TEST_STEP][PASSED] - click(findTestObject("Groups_Users/Page_Groups - Settings - EOS/select_User2")): Object: 'Object Repository/Groups_Users/Page_Groups - Settings - EOS/select_User2' is clicked on&#xD;
&#xD;
2019-08-13 13:25:25 - [MESSAGE][PASSED] - Object: 'Object Repository/Groups_Users/Page_Groups - Settings - EOS/select_User2' is clicked on&#xD;
&#xD;
2019-08-13 13:25:25 - [TEST_STEP][PASSED] - click(findTestObject("Groups_Users/Page_Groups - Settings - EOS/button_AddUser_Ok")): Object: 'Object Repository/Groups_Users/Page_Groups - Settings - EOS/button_AddUser_Ok' is clicked on&#xD;
&#xD;
2019-08-13 13:25:25 - [MESSAGE][PASSED] - Object: 'Object Repository/Groups_Users/Page_Groups - Settings - EOS/button_AddUser_Ok' is clicked on&#xD;
&#xD;
2019-08-13 13:25:25 - [TEST_STEP][PASSED] - delay(2, STOP_ON_FAILURE): Delayed 2 second(s)&#xD;
&#xD;
2019-08-13 13:25:27 - [MESSAGE][PASSED] - Delayed 2 second(s)&#xD;
&#xD;
2019-08-13 13:25:27 - [TEST_STEP][PASSED] - waitForElementClickable(findTestObject("Groups_Users/Page_Groups - Settings - EOS/button_AddWorkspace"), 3): Object 'Object Repository/Groups_Users/Page_Groups - Settings - EOS/button_AddWorkspace' is clickable&#xD;
&#xD;
2019-08-13 13:25:27 - [MESSAGE][PASSED] - Object 'Object Repository/Groups_Users/Page_Groups - Settings - EOS/button_AddWorkspace' is clickable&#xD;
&#xD;
2019-08-13 13:25:27 - [TEST_STEP][PASSED] - click(findTestObject("Groups_Users/Page_Groups - Settings - EOS/button_AddWorkspace")): Object: 'Object Repository/Groups_Users/Page_Groups - Settings - EOS/button_AddWorkspace' is clicked on&#xD;
&#xD;
2019-08-13 13:25:28 - [MESSAGE][PASSED] - Object: 'Object Repository/Groups_Users/Page_Groups - Settings - EOS/button_AddWorkspace' is clicked on&#xD;
&#xD;
2019-08-13 13:25:28 - [TEST_STEP][PASSED] - delay(1, STOP_ON_FAILURE): Delayed 1 second(s)&#xD;
&#xD;
2019-08-13 13:25:29 - [MESSAGE][PASSED] - Delayed 1 second(s)&#xD;
&#xD;
2019-08-13 13:25:29 - [TEST_STEP][PASSED] - click(findTestObject("Groups_Users/Page_Groups - Settings - EOS/button_AddWorkspace_Ok")): Object: 'Object Repository/Groups_Users/Page_Groups - Settings - EOS/button_AddWorkspace_Ok' is clicked on&#xD;
&#xD;
2019-08-13 13:25:29 - [MESSAGE][PASSED] - Object: 'Object Repository/Groups_Users/Page_Groups - Settings - EOS/button_AddWorkspace_Ok' is clicked on&#xD;
&#xD;
2019-08-13 13:25:29 - [TEST_STEP][PASSED] - delay(2): Delayed 2 second(s)&#xD;
&#xD;
2019-08-13 13:25:31 - [MESSAGE][PASSED] - Delayed 2 second(s)&#xD;
&#xD;
2019-08-13 13:25:31 - [TEST_STEP][PASSED] - check(findTestObject("Groups_Users/Page_Groups - Settings - EOS/input_access_Default")): Object 'Object Repository/Groups_Users/Page_Groups - Settings - EOS/input_access_Default' is checked&#xD;
&#xD;
2019-08-13 13:25:31 - [MESSAGE][PASSED] - Object 'Object Repository/Groups_Users/Page_Groups - Settings - EOS/input_access_Default' is checked&#xD;
&#xD;
2019-08-13 13:25:31 - [TEST_STEP][PASSED] - click(findTestObject("Groups_Users/Page_Groups - Settings - EOS/input_editGroupOk")): Object: 'Object Repository/Groups_Users/Page_Groups - Settings - EOS/input_editGroupOk' is clicked on&#xD;
&#xD;
2019-08-13 13:25:31 - [MESSAGE][PASSED] - Object: 'Object Repository/Groups_Users/Page_Groups - Settings - EOS/input_editGroupOk' is clicked on&#xD;
&#xD;
2019-08-13 13:25:31 - [TEST_STEP][PASSED] - delay(1, STOP_ON_FAILURE): Delayed 1 second(s)&#xD;
&#xD;
2019-08-13 13:25:32 - [MESSAGE][PASSED] - Delayed 1 second(s)&#xD;
&#xD;
2019-08-13 13:25:32 - [TEST_STEP][PASSED] - click(findTestObject("Groups_Users/Page_Users - Settings - EOS/a_Ere")): Object: 'Object Repository/Groups_Users/Page_Users - Settings - EOS/a_Ere' is clicked on&#xD;
&#xD;
2019-08-13 13:25:32 - [MESSAGE][PASSED] - Object: 'Object Repository/Groups_Users/Page_Users - Settings - EOS/a_Ere' is clicked on&#xD;
&#xD;
2019-08-13 13:25:32 - [TEST_STEP][PASSED] - delay(1): Delayed 1 second(s)&#xD;
&#xD;
2019-08-13 13:25:33 - [MESSAGE][PASSED] - Delayed 1 second(s)&#xD;
&#xD;
2019-08-13 13:25:33 - [TEST_STEP][PASSED] - click(findTestObject("Groups_Users/Page_Users - Settings - EOS/a_Logout")): Object: 'Object Repository/Groups_Users/Page_Users - Settings - EOS/a_Logout' is clicked on&#xD;
&#xD;
2019-08-13 13:25:33 - [MESSAGE][PASSED] - Object: 'Object Repository/Groups_Users/Page_Users - Settings - EOS/a_Logout' is clicked on&#xD;
&#xD;
2019-08-13 13:25:33 - [TEST_STEP][PASSED] - waitForElementVisible(findTestObject("Main Login Page/input_userName"), 15): Object 'Object Repository/Main Login Page/input_userName' is visible&#xD;
&#xD;
2019-08-13 13:25:34 - [MESSAGE][PASSED] - Object 'Object Repository/Main Login Page/input_userName' is visible&#xD;
&#xD;
2019-08-13 13:25:34 - [TEST_STEP][PASSED] - setText(findTestObject("Main Login Page/input_userName"), username_NonAdmin, CONTINUE_ON_FAILURE): Text 'Erre' is set on object 'Object Repository/Main Login Page/input_userName'&#xD;
&#xD;
2019-08-13 13:25:34 - [MESSAGE][PASSED] - Text 'Erre' is set on object 'Object Repository/Main Login Page/input_userName'&#xD;
&#xD;
2019-08-13 13:25:34 - [TEST_STEP][PASSED] - setText(findTestObject("Main Login Page/input_password"), password_NonAdmin, CONTINUE_ON_FAILURE): Text 'ere123' is set on object 'Object Repository/Main Login Page/input_password'&#xD;
&#xD;
2019-08-13 13:25:34 - [MESSAGE][PASSED] - Text 'ere123' is set on object 'Object Repository/Main Login Page/input_password'&#xD;
&#xD;
2019-08-13 13:25:34 - [TEST_STEP][PASSED] - click(findTestObject("Main Login Page/button_Sign in"), CONTINUE_ON_FAILURE): Object: 'Object Repository/Main Login Page/button_Sign in' is clicked on&#xD;
&#xD;
2019-08-13 13:25:34 - [MESSAGE][PASSED] - Object: 'Object Repository/Main Login Page/button_Sign in' is clicked on&#xD;
&#xD;
2019-08-13 13:25:34 - [TEST_STEP][PASSED] - delay(3, CONTINUE_ON_FAILURE): Delayed 3 second(s)&#xD;
&#xD;
2019-08-13 13:25:37 - [MESSAGE][PASSED] - Delayed 3 second(s)&#xD;
&#xD;
2019-08-13 13:25:37 - [TEST_STEP][PASSED] - verifyElementNotPresent(findTestObject("Groups_Users/Page_Welcome - EOS/a_Admin"), 0): Web element with id: 'Object Repository/Groups_Users/Page_Welcome - EOS/a_Admin' located by 'By.xpath: //a[@href = '/EOS/Settings/#settings' and (text() = '
                
                
                
                Admin
            ' or . = '
                
                
                
                Admin
            ')]' is not present after '5' second(s)&#xD;
&#xD;
2019-08-13 13:25:37 - [MESSAGE][WARNING] - Timeout '0' is invalid. Using default page load timeout: '5'&#xD;
&#xD;
2019-08-13 13:25:37 - [MESSAGE][PASSED] - Web element with id: 'Object Repository/Groups_Users/Page_Welcome - EOS/a_Admin' located by 'By.xpath: //a[@href = '/EOS/Settings/#settings' and (text() = '
                
                
                
                Admin
            ' or . = '
                
                
                
                Admin
            ')]' is not present after '5' second(s)&#xD;
&#xD;
2019-08-13 13:25:37 - [TEST_STEP][PASSED] - closeBrowser(): Browser is closed&#xD;
&#xD;
2019-08-13 13:25:38 - [MESSAGE][PASSED] - Browser is closed&#xD;
&#xD;
2019-08-13 13:25:38 - [MESSAGE][PASSED] - Call Test Case 'Test Cases/Groups_Users/Create Group_Users' successfully&#xD;
&#xD;
2019-08-13 13:25:38 - [TEST_STEP][PASSED] - windowsCommands.taskKill.kill_service(): windowsCommands.taskKill.kill_service is PASSED&#xD;
&#xD;
2019-08-13 13:25:38 - [MESSAGE][PASSED] - windowsCommands.taskKill.kill_service is PASSED</system-out>
            <system-err></system-err>
        </testcase>
        <system-out>2019-08-13 13:22:49 - [TEST_SUITE][INCOMPLETE] - Admin - Testsuite: null</system-out>
        <system-err>2019-08-13 13:22:49 - [TEST_SUITE][INCOMPLETE] - Admin - Testsuite: null</system-err>
    </testsuite>
</testsuites>
