<?xml version="1.0" encoding="UTF-8" standalone="yes"?>
<testsuites name="Sanity Check - 12.2.4 - 8506" time="699" tests="5" failures="0" errors="0">
    <testsuite name="Sanity Check - 12.2.4 - 8506" tests="5" failures="0" errors="0" time="699" timestamp="2019-08-19 13:01:59" hostname="bogdan.eremia - ROECR-L013.roecr.ecrion.com" id="Test Suites/Sanity Check - 12.2.4 - 8506">
        <properties>
[...]
</properties>
        <testcase name="Test Cases/TESTCASE COLLECTIONS/Sysadmin - Testcases" classname="Test Cases/TESTCASE COLLECTIONS/Sysadmin - Testcases" status="PASSED">
            <system-out>2019-08-19 13:02:00 - [TEST_CASE][PASSED] - Test Cases/TESTCASE COLLECTIONS/Sysadmin - Testcases: Test Cases/TESTCASE COLLECTIONS/Sysadmin - Testcases&#xD;
&#xD;
2019-08-19 13:02:00 - [TEST_STEP][PASSED] - callTestCase(findTestCase("Sysadmin Portal/Create Multiple Environments"), ["Develop_env":findTestData("Environment Names").getValue(1, 1), "Username":Username_Admin, "Experience_Env":findTestData("Environment Names").getValue(1, 2), ... ], CONTINUE_ON_FAILURE): Call Test Case 'Test Cases/Sysadmin Portal/Create Multiple Environments' successfully&#xD;
&#xD;
2019-08-19 13:02:00 - [TEST_CASE][PASSED] - Test Cases/Sysadmin Portal/Create Multiple Environments: Test Cases/Sysadmin Portal/Create Multiple Environments&#xD;
&#xD;
2019-08-19 13:02:01 - [TEST_STEP][PASSED] - callTestCase(findTestCase("Sysadmin Login Page/login_Sysadmin"), [:], STOP_ON_FAILURE): Call Test Case 'Test Cases/Sysadmin Login Page/login_Sysadmin' successfully&#xD;
&#xD;
2019-08-19 13:02:01 - [TEST_CASE][PASSED] - Test Cases/Sysadmin Login Page/login_Sysadmin: Test Cases/Sysadmin Login Page/login_Sysadmin&#xD;
&#xD;
2019-08-19 13:02:01 - [TEST_STEP][PASSED] - openBrowser(url_sysadmin, CONTINUE_ON_FAILURE): Browser is opened with url: 'http://192.168.1.97:8095/'&#xD;
&#xD;
2019-08-19 13:02:01 - [MESSAGE][INFO] - Starting 'Chrome' driver&#xD;
&#xD;
2019-08-19 13:02:01 - [MESSAGE][INFO] - Action delay is set to 0 seconds&#xD;
&#xD;
2019-08-19 13:02:06 - [MESSAGE][PASSED] - Browser is opened with url: 'http://192.168.1.97:8095/'&#xD;
&#xD;
2019-08-19 13:02:06 - [TEST_STEP][PASSED] - maximizeWindow(CONTINUE_ON_FAILURE): Current window maximized&#xD;
&#xD;
2019-08-19 13:02:07 - [MESSAGE][PASSED] - Current window maximized&#xD;
&#xD;
2019-08-19 13:02:07 - [TEST_STEP][PASSED] - setText(findTestObject("Sysadmin Login Page/input_userName"), "sysadmin", CONTINUE_ON_FAILURE): Text 'sysadmin' is set on object 'Object Repository/Sysadmin Login Page/input_userName'&#xD;
&#xD;
2019-08-19 13:02:07 - [MESSAGE][PASSED] - Text 'sysadmin' is set on object 'Object Repository/Sysadmin Login Page/input_userName'&#xD;
&#xD;
2019-08-19 13:02:07 - [TEST_STEP][PASSED] - setText(findTestObject("Sysadmin Login Page/input_password"), "sysadmin", CONTINUE_ON_FAILURE): Text 'sysadmin' is set on object 'Object Repository/Sysadmin Login Page/input_password'&#xD;
&#xD;
2019-08-19 13:02:07 - [MESSAGE][PASSED] - Text 'sysadmin' is set on object 'Object Repository/Sysadmin Login Page/input_password'&#xD;
&#xD;
2019-08-19 13:02:07 - [TEST_STEP][PASSED] - click(findTestObject("Sysadmin Login Page/button_Sign in"), CONTINUE_ON_FAILURE): Object: 'Object Repository/Sysadmin Login Page/button_Sign in' is clicked on&#xD;
&#xD;
2019-08-19 13:02:07 - [MESSAGE][PASSED] - Object: 'Object Repository/Sysadmin Login Page/button_Sign in' is clicked on&#xD;
&#xD;
2019-08-19 13:02:07 - [TEST_STEP][PASSED] - if (verifyElementVisible(findTestObject("Sysadmin Login Page/Change_Password_Window/Textbox_Confirm_Password"), OPTIONAL)): Web element with id: 'Object Repository/Sysadmin Login Page/Change_Password_Window/Textbox_Confirm_Password' located by 'By.cssSelector: [id="confirmPasswordTxt"]' not found (Root cause: com.kms.katalon.core.exception.StepFailedException: Web element with id: 'Object Repository/Sysadmin Login Page/Change_Password_Window/Textbox_Confirm_Password' located by 'By.cssSelector: [id="confirmPasswordTxt"]' not found&#xD;
	at com.kms.katalon.core.webui.keyword.internal.WebUIKeywordMain.stepFailed(WebUIKeywordMain.groovy:64)&#xD;
	at com.kms.katalon.core.webui.keyword.builtin.VerifyElementVisibleKeyword$_verifyElementVisible_closure1.doCall(VerifyElementVisibleKeyword.groovy:89)&#xD;
	at com.kms.katalon.core.webui.keyword.builtin.VerifyElementVisibleKeyword$_verifyElementVisible_closure1.call(VerifyElementVisibleKeyword.groovy)&#xD;
	at com.kms.katalon.core.webui.keyword.internal.WebUIKeywordMain.runKeyword(WebUIKeywordMain.groovy:20)&#xD;
	at com.kms.katalon.core.webui.keyword.builtin.VerifyElementVisibleKeyword.verifyElementVisible(VerifyElementVisibleKeyword.groovy:97)&#xD;
	at com.kms.katalon.core.webui.keyword.builtin.VerifyElementVisibleKeyword.execute(VerifyElementVisibleKeyword.groovy:67)&#xD;
	at com.kms.katalon.core.keyword.internal.KeywordExecutor.executeKeywordForPlatform(KeywordExecutor.groovy:56)&#xD;
	at com.kms.katalon.core.webui.keyword.WebUiBuiltInKeywords.verifyElementVisible(WebUiBuiltInKeywords.groovy:358)&#xD;
	at com.kms.katalon.core.webui.keyword.WebUiBuiltInKeywords$verifyElementVisible$3.call(Unknown Source)&#xD;
	at login_Sysadmin.run(login_Sysadmin:32)&#xD;
	at com.kms.katalon.core.main.ScriptEngine.run(ScriptEngine.java:194)&#xD;
	at com.kms.katalon.core.main.ScriptEngine.runScriptAsRawText(ScriptEngine.java:119)&#xD;
	at com.kms.katalon.core.main.TestCaseExecutor.runScript(TestCaseExecutor.java:337)&#xD;
	at com.kms.katalon.core.main.TestCaseExecutor.doExecute(TestCaseExecutor.java:328)&#xD;
	at com.kms.katalon.core.main.TestCaseExecutor.processExecutionPhase(TestCaseExecutor.java:307)&#xD;
	at com.kms.katalon.core.main.TestCaseExecutor.accessMainPhase(TestCaseExecutor.java:299)&#xD;
	at com.kms.katalon.core.main.TestCaseExecutor.execute(TestCaseExecutor.java:233)&#xD;
	at com.kms.katalon.core.main.TestCaseMain.runTestCase(TestCaseMain.java:114)&#xD;
	at com.kms.katalon.core.keyword.builtin.CallTestCaseKeyword$_callTestCase_closure1.doCall(CallTestCaseKeyword.groovy:59)&#xD;
	at com.kms.katalon.core.keyword.builtin.CallTestCaseKeyword$_callTestCase_closure1.call(CallTestCaseKeyword.groovy)&#xD;
	at com.kms.katalon.core.keyword.internal.KeywordMain.runKeyword(KeywordMain.groovy:68)&#xD;
	at com.kms.katalon.core.keyword.builtin.CallTestCaseKeyword.callTestCase(CallTestCaseKeyword.groovy:81)&#xD;
	at com.kms.katalon.core.keyword.builtin.CallTestCaseKeyword.execute(CallTestCaseKeyword.groovy:44)&#xD;
	at com.kms.katalon.core.keyword.internal.KeywordExecutor.executeKeywordForPlatform(KeywordExecutor.groovy:56)&#xD;
	at com.kms.katalon.core.keyword.BuiltinKeywords.callTestCase(BuiltinKeywords.groovy:334)&#xD;
	at Create Multiple Environments.run(Create Multiple Environments:23)&#xD;
	at com.kms.katalon.core.main.ScriptEngine.run(ScriptEngine.java:194)&#xD;
	at com.kms.katalon.core.main.ScriptEngine.runScriptAsRawText(ScriptEngine.java:119)&#xD;
	at com.kms.katalon.core.main.TestCaseExecutor.runScript(TestCaseExecutor.java:337)&#xD;
	at com.kms.katalon.core.main.TestCaseExecutor.doExecute(TestCaseExecutor.java:328)&#xD;
	at com.kms.katalon.core.main.TestCaseExecutor.processExecutionPhase(TestCaseExecutor.java:307)&#xD;
	at com.kms.katalon.core.main.TestCaseExecutor.accessMainPhase(TestCaseExecutor.java:299)&#xD;
	at com.kms.katalon.core.main.TestCaseExecutor.execute(TestCaseExecutor.java:233)&#xD;
	at com.kms.katalon.core.main.TestCaseMain.runTestCase(TestCaseMain.java:114)&#xD;
	at com.kms.katalon.core.keyword.builtin.CallTestCaseKeyword$_callTestCase_closure1.doCall(CallTestCaseKeyword.groovy:59)&#xD;
	at com.kms.katalon.core.keyword.builtin.CallTestCaseKeyword$_callTestCase_closure1.call(CallTestCaseKeyword.groovy)&#xD;
	at com.kms.katalon.core.keyword.internal.KeywordMain.runKeyword(KeywordMain.groovy:68)&#xD;
	at com.kms.katalon.core.keyword.builtin.CallTestCaseKeyword.callTestCase(CallTestCaseKeyword.groovy:81)&#xD;
	at com.kms.katalon.core.keyword.builtin.CallTestCaseKeyword.execute(CallTestCaseKeyword.groovy:44)&#xD;
	at com.kms.katalon.core.keyword.internal.KeywordExecutor.executeKeywordForPlatform(KeywordExecutor.groovy:56)&#xD;
	at com.kms.katalon.core.keyword.BuiltinKeywords.callTestCase(BuiltinKeywords.groovy:334)&#xD;
	at Sysadmin - Testcases.run(Sysadmin - Testcases:25)&#xD;
	at com.kms.katalon.core.main.ScriptEngine.run(ScriptEngine.java:194)&#xD;
	at com.kms.katalon.core.main.ScriptEngine.runScriptAsRawText(ScriptEngine.java:119)&#xD;
	at com.kms.katalon.core.main.TestCaseExecutor.runScript(TestCaseExecutor.java:337)&#xD;
	at com.kms.katalon.core.main.TestCaseExecutor.doExecute(TestCaseExecutor.java:328)&#xD;
	at com.kms.katalon.core.main.TestCaseExecutor.processExecutionPhase(TestCaseExecutor.java:307)&#xD;
	at com.kms.katalon.core.main.TestCaseExecutor.accessMainPhase(TestCaseExecutor.java:299)&#xD;
	at com.kms.katalon.core.main.TestCaseExecutor.execute(TestCaseExecutor.java:233)&#xD;
	at com.kms.katalon.core.main.TestSuiteExecutor.accessTestCaseMainPhase(TestSuiteExecutor.java:150)&#xD;
	at com.kms.katalon.core.main.TestSuiteExecutor.accessTestSuiteMainPhase(TestSuiteExecutor.java:123)&#xD;
	at com.kms.katalon.core.main.TestSuiteExecutor.execute(TestSuiteExecutor.java:87)&#xD;
	at com.kms.katalon.core.main.TestCaseMain.startTestSuite(TestCaseMain.java:157)&#xD;
	at com.kms.katalon.core.main.TestCaseMain$startTestSuite$0.call(Unknown Source)&#xD;
	at TempTestSuite1566208914512.run(TempTestSuite1566208914512.groovy:35)&#xD;
)&#xD;
&#xD;
2019-08-19 13:02:12 - [MESSAGE][INFO] - Unable to find the element located by 'By.cssSelector: [id="confirmPasswordTxt"]'. Please recheck the objects properties to make sure the desired element is located. &#xD;
&#xD;
2019-08-19 13:02:13 - [MESSAGE][WARNING] - Web element with id: 'Object Repository/Sysadmin Login Page/Change_Password_Window/Textbox_Confirm_Password' located by 'By.cssSelector: [id="confirmPasswordTxt"]' not found (Root cause: com.kms.katalon.core.exception.StepFailedException: Web element with id: 'Object Repository/Sysadmin Login Page/Change_Password_Window/Textbox_Confirm_Password' located by 'By.cssSelector: [id="confirmPasswordTxt"]' not found&#xD;
	at com.kms.katalon.core.webui.keyword.internal.WebUIKeywordMain.stepFailed(WebUIKeywordMain.groovy:64)&#xD;
	at com.kms.katalon.core.webui.keyword.builtin.VerifyElementVisibleKeyword$_verifyElementVisible_closure1.doCall(VerifyElementVisibleKeyword.groovy:89)&#xD;
	at com.kms.katalon.core.webui.keyword.builtin.VerifyElementVisibleKeyword$_verifyElementVisible_closure1.call(VerifyElementVisibleKeyword.groovy)&#xD;
	at com.kms.katalon.core.webui.keyword.internal.WebUIKeywordMain.runKeyword(WebUIKeywordMain.groovy:20)&#xD;
	at com.kms.katalon.core.webui.keyword.builtin.VerifyElementVisibleKeyword.verifyElementVisible(VerifyElementVisibleKeyword.groovy:97)&#xD;
	at com.kms.katalon.core.webui.keyword.builtin.VerifyElementVisibleKeyword.execute(VerifyElementVisibleKeyword.groovy:67)&#xD;
	at com.kms.katalon.core.keyword.internal.KeywordExecutor.executeKeywordForPlatform(KeywordExecutor.groovy:56)&#xD;
	at com.kms.katalon.core.webui.keyword.WebUiBuiltInKeywords.verifyElementVisible(WebUiBuiltInKeywords.groovy:358)&#xD;
	at com.kms.katalon.core.webui.keyword.WebUiBuiltInKeywords$verifyElementVisible$3.call(Unknown Source)&#xD;
	at login_Sysadmin.run(login_Sysadmin:32)&#xD;
	at com.kms.katalon.core.main.ScriptEngine.run(ScriptEngine.java:194)&#xD;
	at com.kms.katalon.core.main.ScriptEngine.runScriptAsRawText(ScriptEngine.java:119)&#xD;
	at com.kms.katalon.core.main.TestCaseExecutor.runScript(TestCaseExecutor.java:337)&#xD;
	at com.kms.katalon.core.main.TestCaseExecutor.doExecute(TestCaseExecutor.java:328)&#xD;
	at com.kms.katalon.core.main.TestCaseExecutor.processExecutionPhase(TestCaseExecutor.java:307)&#xD;
	at com.kms.katalon.core.main.TestCaseExecutor.accessMainPhase(TestCaseExecutor.java:299)&#xD;
	at com.kms.katalon.core.main.TestCaseExecutor.execute(TestCaseExecutor.java:233)&#xD;
	at com.kms.katalon.core.main.TestCaseMain.runTestCase(TestCaseMain.java:114)&#xD;
	at com.kms.katalon.core.keyword.builtin.CallTestCaseKeyword$_callTestCase_closure1.doCall(CallTestCaseKeyword.groovy:59)&#xD;
	at com.kms.katalon.core.keyword.builtin.CallTestCaseKeyword$_callTestCase_closure1.call(CallTestCaseKeyword.groovy)&#xD;
	at com.kms.katalon.core.keyword.internal.KeywordMain.runKeyword(KeywordMain.groovy:68)&#xD;
	at com.kms.katalon.core.keyword.builtin.CallTestCaseKeyword.callTestCase(CallTestCaseKeyword.groovy:81)&#xD;
	at com.kms.katalon.core.keyword.builtin.CallTestCaseKeyword.execute(CallTestCaseKeyword.groovy:44)&#xD;
	at com.kms.katalon.core.keyword.internal.KeywordExecutor.executeKeywordForPlatform(KeywordExecutor.groovy:56)&#xD;
	at com.kms.katalon.core.keyword.BuiltinKeywords.callTestCase(BuiltinKeywords.groovy:334)&#xD;
	at Create Multiple Environments.run(Create Multiple Environments:23)&#xD;
	at com.kms.katalon.core.main.ScriptEngine.run(ScriptEngine.java:194)&#xD;
	at com.kms.katalon.core.main.ScriptEngine.runScriptAsRawText(ScriptEngine.java:119)&#xD;
	at com.kms.katalon.core.main.TestCaseExecutor.runScript(TestCaseExecutor.java:337)&#xD;
	at com.kms.katalon.core.main.TestCaseExecutor.doExecute(TestCaseExecutor.java:328)&#xD;
	at com.kms.katalon.core.main.TestCaseExecutor.processExecutionPhase(TestCaseExecutor.java:307)&#xD;
	at com.kms.katalon.core.main.TestCaseExecutor.accessMainPhase(TestCaseExecutor.java:299)&#xD;
	at com.kms.katalon.core.main.TestCaseExecutor.execute(TestCaseExecutor.java:233)&#xD;
	at com.kms.katalon.core.main.TestCaseMain.runTestCase(TestCaseMain.java:114)&#xD;
	at com.kms.katalon.core.keyword.builtin.CallTestCaseKeyword$_callTestCase_closure1.doCall(CallTestCaseKeyword.groovy:59)&#xD;
	at com.kms.katalon.core.keyword.builtin.CallTestCaseKeyword$_callTestCase_closure1.call(CallTestCaseKeyword.groovy)&#xD;
	at com.kms.katalon.core.keyword.internal.KeywordMain.runKeyword(KeywordMain.groovy:68)&#xD;
	at com.kms.katalon.core.keyword.builtin.CallTestCaseKeyword.callTestCase(CallTestCaseKeyword.groovy:81)&#xD;
	at com.kms.katalon.core.keyword.builtin.CallTestCaseKeyword.execute(CallTestCaseKeyword.groovy:44)&#xD;
	at com.kms.katalon.core.keyword.internal.KeywordExecutor.executeKeywordForPlatform(KeywordExecutor.groovy:56)&#xD;
	at com.kms.katalon.core.keyword.BuiltinKeywords.callTestCase(BuiltinKeywords.groovy:334)&#xD;
	at Sysadmin - Testcases.run(Sysadmin - Testcases:25)&#xD;
	at com.kms.katalon.core.main.ScriptEngine.run(ScriptEngine.java:194)&#xD;
	at com.kms.katalon.core.main.ScriptEngine.runScriptAsRawText(ScriptEngine.java:119)&#xD;
	at com.kms.katalon.core.main.TestCaseExecutor.runScript(TestCaseExecutor.java:337)&#xD;
	at com.kms.katalon.core.main.TestCaseExecutor.doExecute(TestCaseExecutor.java:328)&#xD;
	at com.kms.katalon.core.main.TestCaseExecutor.processExecutionPhase(TestCaseExecutor.java:307)&#xD;
	at com.kms.katalon.core.main.TestCaseExecutor.accessMainPhase(TestCaseExecutor.java:299)&#xD;
	at com.kms.katalon.core.main.TestCaseExecutor.execute(TestCaseExecutor.java:233)&#xD;
	at com.kms.katalon.core.main.TestSuiteExecutor.accessTestCaseMainPhase(TestSuiteExecutor.java:150)&#xD;
	at com.kms.katalon.core.main.TestSuiteExecutor.accessTestSuiteMainPhase(TestSuiteExecutor.java:123)&#xD;
	at com.kms.katalon.core.main.TestSuiteExecutor.execute(TestSuiteExecutor.java:87)&#xD;
	at com.kms.katalon.core.main.TestCaseMain.startTestSuite(TestCaseMain.java:157)&#xD;
	at com.kms.katalon.core.main.TestCaseMain$startTestSuite$0.call(Unknown Source)&#xD;
	at TempTestSuite1566208914512.run(TempTestSuite1566208914512.groovy:35)&#xD;
)&#xD;
[[ATTACHMENT|C:\\Katalon Projects\\Nido_Patch3\\Reports\\20190819_130154\\Sanity Check - 12.2.4 - 8506\\20190819_130154\\1566208932900.png]]&#xD;
&#xD;
2019-08-19 13:02:13 - [TEST_STEP][PASSED] - waitForElementVisible(findTestObject("Sysadmin Login Page/Environments card"), 5, CONTINUE_ON_FAILURE): Object 'Object Repository/Sysadmin Login Page/Environments card' is visible&#xD;
&#xD;
2019-08-19 13:02:13 - [MESSAGE][PASSED] - Object 'Object Repository/Sysadmin Login Page/Environments card' is visible&#xD;
&#xD;
2019-08-19 13:02:13 - [MESSAGE][PASSED] - Call Test Case 'Test Cases/Sysadmin Login Page/login_Sysadmin' successfully&#xD;
&#xD;
2019-08-19 13:02:13 - [TEST_STEP][PASSED] - click(findTestObject("Sysadmin Portal/a_Environments"), CONTINUE_ON_FAILURE): Object: 'Object Repository/Sysadmin Portal/a_Environments' is clicked on&#xD;
&#xD;
2019-08-19 13:02:13 - [MESSAGE][PASSED] - Object: 'Object Repository/Sysadmin Portal/a_Environments' is clicked on&#xD;
&#xD;
2019-08-19 13:02:13 - [TEST_STEP][PASSED] - sysadmin.Environment.Create_env("1_Develop", "eossi"): sysadmin.Environment.Create_env is PASSED&#xD;
&#xD;
2019-08-19 13:02:14 - [MESSAGE][PASSED] - Object 'Object Repository/Sysadmin Portal/Environments Page/button_New Environment' is visible&#xD;
&#xD;
2019-08-19 13:02:14 - [MESSAGE][PASSED] - Object: 'Object Repository/Sysadmin Portal/Environments Page/button_New Environment' is clicked on&#xD;
&#xD;
2019-08-19 13:02:14 - [MESSAGE][PASSED] - Object 'Object Repository/Sysadmin Portal/Environments Page/input_environmentName' is visible&#xD;
&#xD;
2019-08-19 13:02:15 - [MESSAGE][PASSED] - Text '1_Develop' is set on object 'Object Repository/Sysadmin Portal/Environments Page/input_environmentName'&#xD;
&#xD;
2019-08-19 13:02:15 - [MESSAGE][PASSED] - Text 'Ere' is set on object 'Object Repository/Sysadmin Portal/Environments Page/input_administratorName'&#xD;
&#xD;
2019-08-19 13:02:15 - [MESSAGE][PASSED] - Object 'Object Repository/Main Login Page/checkbox_GeneratePassworf' is un-checked&#xD;
&#xD;
2019-08-19 13:02:15 - [MESSAGE][PASSED] - Text 'ere123' is set on object 'Object Repository/Sysadmin Portal/Environments Page/input_administratorPassword'&#xD;
&#xD;
2019-08-19 13:02:15 - [MESSAGE][PASSED] - Text 'ere123' is set on object 'Object Repository/Sysadmin Portal/Environments Page/input_confirmAdministratorPass'&#xD;
&#xD;
2019-08-19 13:02:16 - [MESSAGE][PASSED] - Text 'bogdan.eremia@ecrion.com' is set on object 'Object Repository/Sysadmin Portal/Environments Page/input_administratorEmail'&#xD;
&#xD;
2019-08-19 13:02:16 - [MESSAGE][PASSED] - Object: 'Object Repository/Sysadmin Portal/Environments Page/createNewEnv_button' is clicked on&#xD;
&#xD;
2019-08-19 13:02:20 - [MESSAGE][PASSED] - Delayed 4 second(s)&#xD;
&#xD;
2019-08-19 13:02:20 - [MESSAGE][WARNING] - Object 'Object Repository/Sysadmin Portal/Environments Page/createNewEnv_button' is NOT visible (Root cause: com.kms.katalon.core.exception.StepFailedException: Object 'Object Repository/Sysadmin Portal/Environments Page/createNewEnv_button' is NOT visible&#xD;
	at com.kms.katalon.core.webui.keyword.internal.WebUIKeywordMain.stepFailed(WebUIKeywordMain.groovy:64)&#xD;
	at com.kms.katalon.core.webui.keyword.builtin.VerifyElementVisibleKeyword$_verifyElementVisible_closure1.doCall(VerifyElementVisibleKeyword.groovy:83)&#xD;
	at com.kms.katalon.core.webui.keyword.builtin.VerifyElementVisibleKeyword$_verifyElementVisible_closure1.call(VerifyElementVisibleKeyword.groovy)&#xD;
	at com.kms.katalon.core.webui.keyword.internal.WebUIKeywordMain.runKeyword(WebUIKeywordMain.groovy:20)&#xD;
	at com.kms.katalon.core.webui.keyword.builtin.VerifyElementVisibleKeyword.verifyElementVisible(VerifyElementVisibleKeyword.groovy:97)&#xD;
	at com.kms.katalon.core.webui.keyword.builtin.VerifyElementVisibleKeyword.execute(VerifyElementVisibleKeyword.groovy:67)&#xD;
	at com.kms.katalon.core.keyword.internal.KeywordExecutor.executeKeywordForPlatform(KeywordExecutor.groovy:56)&#xD;
	at com.kms.katalon.core.webui.keyword.WebUiBuiltInKeywords.verifyElementVisible(WebUiBuiltInKeywords.groovy:358)&#xD;
	at com.kms.katalon.core.webui.keyword.WebUiBuiltInKeywords$verifyElementVisible$3.call(Unknown Source)&#xD;
	at sysadmin.Environment.Create_env(Create_environment.groovy:54)&#xD;
	at sysadmin.Environment.invokeMethod(Create_environment.groovy)&#xD;
	at com.kms.katalon.core.main.CustomKeywordDelegatingMetaClass.invokeStaticMethod(CustomKeywordDelegatingMetaClass.java:50)&#xD;
	at Create Multiple Environments.run(Create Multiple Environments:28)&#xD;
	at com.kms.katalon.core.main.ScriptEngine.run(ScriptEngine.java:194)&#xD;
	at com.kms.katalon.core.main.ScriptEngine.runScriptAsRawText(ScriptEngine.java:119)&#xD;
	at com.kms.katalon.core.main.TestCaseExecutor.runScript(TestCaseExecutor.java:337)&#xD;
	at com.kms.katalon.core.main.TestCaseExecutor.doExecute(TestCaseExecutor.java:328)&#xD;
	at com.kms.katalon.core.main.TestCaseExecutor.processExecutionPhase(TestCaseExecutor.java:307)&#xD;
	at com.kms.katalon.core.main.TestCaseExecutor.accessMainPhase(TestCaseExecutor.java:299)&#xD;
	at com.kms.katalon.core.main.TestCaseExecutor.execute(TestCaseExecutor.java:233)&#xD;
	at com.kms.katalon.core.main.TestCaseMain.runTestCase(TestCaseMain.java:114)&#xD;
	at com.kms.katalon.core.keyword.builtin.CallTestCaseKeyword$_callTestCase_closure1.doCall(CallTestCaseKeyword.groovy:59)&#xD;
	at com.kms.katalon.core.keyword.builtin.CallTestCaseKeyword$_callTestCase_closure1.call(CallTestCaseKeyword.groovy)&#xD;
	at com.kms.katalon.core.keyword.internal.KeywordMain.runKeyword(KeywordMain.groovy:68)&#xD;
	at com.kms.katalon.core.keyword.builtin.CallTestCaseKeyword.callTestCase(CallTestCaseKeyword.groovy:81)&#xD;
	at com.kms.katalon.core.keyword.builtin.CallTestCaseKeyword.execute(CallTestCaseKeyword.groovy:44)&#xD;
	at com.kms.katalon.core.keyword.internal.KeywordExecutor.executeKeywordForPlatform(KeywordExecutor.groovy:56)&#xD;
	at com.kms.katalon.core.keyword.BuiltinKeywords.callTestCase(BuiltinKeywords.groovy:334)&#xD;
	at Sysadmin - Testcases.run(Sysadmin - Testcases:25)&#xD;
	at com.kms.katalon.core.main.ScriptEngine.run(ScriptEngine.java:194)&#xD;
	at com.kms.katalon.core.main.ScriptEngine.runScriptAsRawText(ScriptEngine.java:119)&#xD;
	at com.kms.katalon.core.main.TestCaseExecutor.runScript(TestCaseExecutor.java:337)&#xD;
	at com.kms.katalon.core.main.TestCaseExecutor.doExecute(TestCaseExecutor.java:328)&#xD;
	at com.kms.katalon.core.main.TestCaseExecutor.processExecutionPhase(TestCaseExecutor.java:307)&#xD;
	at com.kms.katalon.core.main.TestCaseExecutor.accessMainPhase(TestCaseExecutor.java:299)&#xD;
	at com.kms.katalon.core.main.TestCaseExecutor.execute(TestCaseExecutor.java:233)&#xD;
	at com.kms.katalon.core.main.TestSuiteExecutor.accessTestCaseMainPhase(TestSuiteExecutor.java:150)&#xD;
	at com.kms.katalon.core.main.TestSuiteExecutor.accessTestSuiteMainPhase(TestSuiteExecutor.java:123)&#xD;
	at com.kms.katalon.core.main.TestSuiteExecutor.execute(TestSuiteExecutor.java:87)&#xD;
	at com.kms.katalon.core.main.TestCaseMain.startTestSuite(TestCaseMain.java:157)&#xD;
	at com.kms.katalon.core.main.TestCaseMain$startTestSuite$0.call(Unknown Source)&#xD;
	at TempTestSuite1566208914512.run(TempTestSuite1566208914512.groovy:35)&#xD;
)&#xD;
[[ATTACHMENT|C:\\Katalon Projects\\Nido_Patch3\\Reports\\20190819_130154\\Sanity Check - 12.2.4 - 8506\\20190819_130154\\1566208940225.png]]&#xD;
&#xD;
2019-08-19 13:02:20 - [MESSAGE][PASSED] - Object 'Object Repository/Page_Environments - EOS/select_FeatureSet' is visible&#xD;
&#xD;
2019-08-19 13:02:20 - [MESSAGE][PASSED] - All options with value 'eossi' are selected in object 'Object Repository/Page_Environments - EOS/select_FeatureSet'  using regular expression&#xD;
&#xD;
2019-08-19 13:02:21 - [MESSAGE][PASSED] - Object: 'Object Repository/Sysadmin Portal/Environments Page/Ok button_Edit Environment' is clicked on&#xD;
&#xD;
2019-08-19 13:02:21 - [MESSAGE][PASSED] - sysadmin.Environment.Create_env is PASSED&#xD;
&#xD;
2019-08-19 13:02:21 - [TEST_STEP][PASSED] - delay(4, CONTINUE_ON_FAILURE): Delayed 4 second(s)&#xD;
&#xD;
2019-08-19 13:02:25 - [MESSAGE][PASSED] - Delayed 4 second(s)&#xD;
&#xD;
2019-08-19 13:02:25 - [TEST_STEP][PASSED] - sysadmin.Environment.Create_env("2_Experience_Env", "eoscem"): sysadmin.Environment.Create_env is PASSED&#xD;
&#xD;
2019-08-19 13:02:25 - [MESSAGE][PASSED] - Object 'Object Repository/Sysadmin Portal/Environments Page/button_New Environment' is visible&#xD;
&#xD;
2019-08-19 13:02:25 - [MESSAGE][PASSED] - Object: 'Object Repository/Sysadmin Portal/Environments Page/button_New Environment' is clicked on&#xD;
&#xD;
2019-08-19 13:02:25 - [MESSAGE][PASSED] - Object 'Object Repository/Sysadmin Portal/Environments Page/input_environmentName' is visible&#xD;
&#xD;
2019-08-19 13:02:25 - [MESSAGE][PASSED] - Text '2_Experience_Env' is set on object 'Object Repository/Sysadmin Portal/Environments Page/input_environmentName'&#xD;
&#xD;
2019-08-19 13:02:26 - [MESSAGE][PASSED] - Text 'Ere' is set on object 'Object Repository/Sysadmin Portal/Environments Page/input_administratorName'&#xD;
&#xD;
2019-08-19 13:02:26 - [MESSAGE][PASSED] - Object 'Object Repository/Main Login Page/checkbox_GeneratePassworf' is un-checked&#xD;
&#xD;
2019-08-19 13:02:26 - [MESSAGE][PASSED] - Text 'ere123' is set on object 'Object Repository/Sysadmin Portal/Environments Page/input_administratorPassword'&#xD;
&#xD;
2019-08-19 13:02:26 - [MESSAGE][PASSED] - Text 'ere123' is set on object 'Object Repository/Sysadmin Portal/Environments Page/input_confirmAdministratorPass'&#xD;
&#xD;
2019-08-19 13:02:26 - [MESSAGE][PASSED] - Text 'bogdan.eremia@ecrion.com' is set on object 'Object Repository/Sysadmin Portal/Environments Page/input_administratorEmail'&#xD;
&#xD;
2019-08-19 13:02:26 - [MESSAGE][PASSED] - Object: 'Object Repository/Sysadmin Portal/Environments Page/createNewEnv_button' is clicked on&#xD;
&#xD;
2019-08-19 13:02:30 - [MESSAGE][PASSED] - Delayed 4 second(s)&#xD;
&#xD;
2019-08-19 13:02:31 - [MESSAGE][WARNING] - Object 'Object Repository/Sysadmin Portal/Environments Page/createNewEnv_button' is NOT visible (Root cause: com.kms.katalon.core.exception.StepFailedException: Object 'Object Repository/Sysadmin Portal/Environments Page/createNewEnv_button' is NOT visible&#xD;
	at com.kms.katalon.core.webui.keyword.internal.WebUIKeywordMain.stepFailed(WebUIKeywordMain.groovy:64)&#xD;
	at com.kms.katalon.core.webui.keyword.builtin.VerifyElementVisibleKeyword$_verifyElementVisible_closure1.doCall(VerifyElementVisibleKeyword.groovy:83)&#xD;
	at com.kms.katalon.core.webui.keyword.builtin.VerifyElementVisibleKeyword$_verifyElementVisible_closure1.call(VerifyElementVisibleKeyword.groovy)&#xD;
	at com.kms.katalon.core.webui.keyword.internal.WebUIKeywordMain.runKeyword(WebUIKeywordMain.groovy:20)&#xD;
	at com.kms.katalon.core.webui.keyword.builtin.VerifyElementVisibleKeyword.verifyElementVisible(VerifyElementVisibleKeyword.groovy:97)&#xD;
	at com.kms.katalon.core.webui.keyword.builtin.VerifyElementVisibleKeyword.execute(VerifyElementVisibleKeyword.groovy:67)&#xD;
	at com.kms.katalon.core.keyword.internal.KeywordExecutor.executeKeywordForPlatform(KeywordExecutor.groovy:56)&#xD;
	at com.kms.katalon.core.webui.keyword.WebUiBuiltInKeywords.verifyElementVisible(WebUiBuiltInKeywords.groovy:358)&#xD;
	at com.kms.katalon.core.webui.keyword.WebUiBuiltInKeywords$verifyElementVisible$3.call(Unknown Source)&#xD;
	at sysadmin.Environment.Create_env(Create_environment.groovy:54)&#xD;
	at sysadmin.Environment.invokeMethod(Create_environment.groovy)&#xD;
	at com.kms.katalon.core.main.CustomKeywordDelegatingMetaClass.invokeStaticMethod(CustomKeywordDelegatingMetaClass.java:50)&#xD;
	at Create Multiple Environments.run(Create Multiple Environments:32)&#xD;
	at com.kms.katalon.core.main.ScriptEngine.run(ScriptEngine.java:194)&#xD;
	at com.kms.katalon.core.main.ScriptEngine.runScriptAsRawText(ScriptEngine.java:119)&#xD;
	at com.kms.katalon.core.main.TestCaseExecutor.runScript(TestCaseExecutor.java:337)&#xD;
	at com.kms.katalon.core.main.TestCaseExecutor.doExecute(TestCaseExecutor.java:328)&#xD;
	at com.kms.katalon.core.main.TestCaseExecutor.processExecutionPhase(TestCaseExecutor.java:307)&#xD;
	at com.kms.katalon.core.main.TestCaseExecutor.accessMainPhase(TestCaseExecutor.java:299)&#xD;
	at com.kms.katalon.core.main.TestCaseExecutor.execute(TestCaseExecutor.java:233)&#xD;
	at com.kms.katalon.core.main.TestCaseMain.runTestCase(TestCaseMain.java:114)&#xD;
	at com.kms.katalon.core.keyword.builtin.CallTestCaseKeyword$_callTestCase_closure1.doCall(CallTestCaseKeyword.groovy:59)&#xD;
	at com.kms.katalon.core.keyword.builtin.CallTestCaseKeyword$_callTestCase_closure1.call(CallTestCaseKeyword.groovy)&#xD;
	at com.kms.katalon.core.keyword.internal.KeywordMain.runKeyword(KeywordMain.groovy:68)&#xD;
	at com.kms.katalon.core.keyword.builtin.CallTestCaseKeyword.callTestCase(CallTestCaseKeyword.groovy:81)&#xD;
	at com.kms.katalon.core.keyword.builtin.CallTestCaseKeyword.execute(CallTestCaseKeyword.groovy:44)&#xD;
	at com.kms.katalon.core.keyword.internal.KeywordExecutor.executeKeywordForPlatform(KeywordExecutor.groovy:56)&#xD;
	at com.kms.katalon.core.keyword.BuiltinKeywords.callTestCase(BuiltinKeywords.groovy:334)&#xD;
	at Sysadmin - Testcases.run(Sysadmin - Testcases:25)&#xD;
	at com.kms.katalon.core.main.ScriptEngine.run(ScriptEngine.java:194)&#xD;
	at com.kms.katalon.core.main.ScriptEngine.runScriptAsRawText(ScriptEngine.java:119)&#xD;
	at com.kms.katalon.core.main.TestCaseExecutor.runScript(TestCaseExecutor.java:337)&#xD;
	at com.kms.katalon.core.main.TestCaseExecutor.doExecute(TestCaseExecutor.java:328)&#xD;
	at com.kms.katalon.core.main.TestCaseExecutor.processExecutionPhase(TestCaseExecutor.java:307)&#xD;
	at com.kms.katalon.core.main.TestCaseExecutor.accessMainPhase(TestCaseExecutor.java:299)&#xD;
	at com.kms.katalon.core.main.TestCaseExecutor.execute(TestCaseExecutor.java:233)&#xD;
	at com.kms.katalon.core.main.TestSuiteExecutor.accessTestCaseMainPhase(TestSuiteExecutor.java:150)&#xD;
	at com.kms.katalon.core.main.TestSuiteExecutor.accessTestSuiteMainPhase(TestSuiteExecutor.java:123)&#xD;
	at com.kms.katalon.core.main.TestSuiteExecutor.execute(TestSuiteExecutor.java:87)&#xD;
	at com.kms.katalon.core.main.TestCaseMain.startTestSuite(TestCaseMain.java:157)&#xD;
	at com.kms.katalon.core.main.TestCaseMain$startTestSuite$0.call(Unknown Source)&#xD;
	at TempTestSuite1566208914512.run(TempTestSuite1566208914512.groovy:35)&#xD;
)&#xD;
[[ATTACHMENT|C:\\Katalon Projects\\Nido_Patch3\\Reports\\20190819_130154\\Sanity Check - 12.2.4 - 8506\\20190819_130154\\1566208950781.png]]&#xD;
&#xD;
2019-08-19 13:02:31 - [MESSAGE][PASSED] - Object 'Object Repository/Page_Environments - EOS/select_FeatureSet' is visible&#xD;
&#xD;
2019-08-19 13:02:31 - [MESSAGE][PASSED] - All options with value 'eoscem' are selected in object 'Object Repository/Page_Environments - EOS/select_FeatureSet'  using regular expression&#xD;
&#xD;
2019-08-19 13:02:31 - [MESSAGE][PASSED] - Object: 'Object Repository/Sysadmin Portal/Environments Page/Ok button_Edit Environment' is clicked on&#xD;
&#xD;
2019-08-19 13:02:31 - [MESSAGE][PASSED] - sysadmin.Environment.Create_env is PASSED&#xD;
&#xD;
2019-08-19 13:02:31 - [TEST_STEP][PASSED] - delay(4, CONTINUE_ON_FAILURE): Delayed 4 second(s)&#xD;
&#xD;
2019-08-19 13:02:35 - [MESSAGE][PASSED] - Delayed 4 second(s)&#xD;
&#xD;
2019-08-19 13:02:35 - [TEST_STEP][PASSED] - sysadmin.Environment.Create_env("3_Custom_Env", "eoscustom"): sysadmin.Environment.Create_env is PASSED&#xD;
&#xD;
2019-08-19 13:02:35 - [MESSAGE][PASSED] - Object 'Object Repository/Sysadmin Portal/Environments Page/button_New Environment' is visible&#xD;
&#xD;
2019-08-19 13:02:35 - [MESSAGE][PASSED] - Object: 'Object Repository/Sysadmin Portal/Environments Page/button_New Environment' is clicked on&#xD;
&#xD;
2019-08-19 13:02:36 - [MESSAGE][PASSED] - Object 'Object Repository/Sysadmin Portal/Environments Page/input_environmentName' is visible&#xD;
&#xD;
2019-08-19 13:02:36 - [MESSAGE][PASSED] - Text '3_Custom_Env' is set on object 'Object Repository/Sysadmin Portal/Environments Page/input_environmentName'&#xD;
&#xD;
2019-08-19 13:02:36 - [MESSAGE][PASSED] - Text 'Ere' is set on object 'Object Repository/Sysadmin Portal/Environments Page/input_administratorName'&#xD;
&#xD;
2019-08-19 13:02:36 - [MESSAGE][PASSED] - Object 'Object Repository/Main Login Page/checkbox_GeneratePassworf' is un-checked&#xD;
&#xD;
2019-08-19 13:02:36 - [MESSAGE][PASSED] - Text 'ere123' is set on object 'Object Repository/Sysadmin Portal/Environments Page/input_administratorPassword'&#xD;
&#xD;
2019-08-19 13:02:36 - [MESSAGE][PASSED] - Text 'ere123' is set on object 'Object Repository/Sysadmin Portal/Environments Page/input_confirmAdministratorPass'&#xD;
&#xD;
2019-08-19 13:02:37 - [MESSAGE][PASSED] - Text 'bogdan.eremia@ecrion.com' is set on object 'Object Repository/Sysadmin Portal/Environments Page/input_administratorEmail'&#xD;
&#xD;
2019-08-19 13:02:37 - [MESSAGE][PASSED] - Object: 'Object Repository/Sysadmin Portal/Environments Page/createNewEnv_button' is clicked on&#xD;
&#xD;
2019-08-19 13:02:41 - [MESSAGE][PASSED] - Delayed 4 second(s)&#xD;
&#xD;
2019-08-19 13:02:41 - [MESSAGE][WARNING] - Object 'Object Repository/Sysadmin Portal/Environments Page/createNewEnv_button' is NOT visible (Root cause: com.kms.katalon.core.exception.StepFailedException: Object 'Object Repository/Sysadmin Portal/Environments Page/createNewEnv_button' is NOT visible&#xD;
	at com.kms.katalon.core.webui.keyword.internal.WebUIKeywordMain.stepFailed(WebUIKeywordMain.groovy:64)&#xD;
	at com.kms.katalon.core.webui.keyword.builtin.VerifyElementVisibleKeyword$_verifyElementVisible_closure1.doCall(VerifyElementVisibleKeyword.groovy:83)&#xD;
	at com.kms.katalon.core.webui.keyword.builtin.VerifyElementVisibleKeyword$_verifyElementVisible_closure1.call(VerifyElementVisibleKeyword.groovy)&#xD;
	at com.kms.katalon.core.webui.keyword.internal.WebUIKeywordMain.runKeyword(WebUIKeywordMain.groovy:20)&#xD;
	at com.kms.katalon.core.webui.keyword.builtin.VerifyElementVisibleKeyword.verifyElementVisible(VerifyElementVisibleKeyword.groovy:97)&#xD;
	at com.kms.katalon.core.webui.keyword.builtin.VerifyElementVisibleKeyword.execute(VerifyElementVisibleKeyword.groovy:67)&#xD;
	at com.kms.katalon.core.keyword.internal.KeywordExecutor.executeKeywordForPlatform(KeywordExecutor.groovy:56)&#xD;
	at com.kms.katalon.core.webui.keyword.WebUiBuiltInKeywords.verifyElementVisible(WebUiBuiltInKeywords.groovy:358)&#xD;
	at com.kms.katalon.core.webui.keyword.WebUiBuiltInKeywords$verifyElementVisible$3.call(Unknown Source)&#xD;
	at sysadmin.Environment.Create_env(Create_environment.groovy:54)&#xD;
	at sysadmin.Environment.invokeMethod(Create_environment.groovy)&#xD;
	at com.kms.katalon.core.main.CustomKeywordDelegatingMetaClass.invokeStaticMethod(CustomKeywordDelegatingMetaClass.java:50)&#xD;
	at Create Multiple Environments.run(Create Multiple Environments:36)&#xD;
	at com.kms.katalon.core.main.ScriptEngine.run(ScriptEngine.java:194)&#xD;
	at com.kms.katalon.core.main.ScriptEngine.runScriptAsRawText(ScriptEngine.java:119)&#xD;
	at com.kms.katalon.core.main.TestCaseExecutor.runScript(TestCaseExecutor.java:337)&#xD;
	at com.kms.katalon.core.main.TestCaseExecutor.doExecute(TestCaseExecutor.java:328)&#xD;
	at com.kms.katalon.core.main.TestCaseExecutor.processExecutionPhase(TestCaseExecutor.java:307)&#xD;
	at com.kms.katalon.core.main.TestCaseExecutor.accessMainPhase(TestCaseExecutor.java:299)&#xD;
	at com.kms.katalon.core.main.TestCaseExecutor.execute(TestCaseExecutor.java:233)&#xD;
	at com.kms.katalon.core.main.TestCaseMain.runTestCase(TestCaseMain.java:114)&#xD;
	at com.kms.katalon.core.keyword.builtin.CallTestCaseKeyword$_callTestCase_closure1.doCall(CallTestCaseKeyword.groovy:59)&#xD;
	at com.kms.katalon.core.keyword.builtin.CallTestCaseKeyword$_callTestCase_closure1.call(CallTestCaseKeyword.groovy)&#xD;
	at com.kms.katalon.core.keyword.internal.KeywordMain.runKeyword(KeywordMain.groovy:68)&#xD;
	at com.kms.katalon.core.keyword.builtin.CallTestCaseKeyword.callTestCase(CallTestCaseKeyword.groovy:81)&#xD;
	at com.kms.katalon.core.keyword.builtin.CallTestCaseKeyword.execute(CallTestCaseKeyword.groovy:44)&#xD;
	at com.kms.katalon.core.keyword.internal.KeywordExecutor.executeKeywordForPlatform(KeywordExecutor.groovy:56)&#xD;
	at com.kms.katalon.core.keyword.BuiltinKeywords.callTestCase(BuiltinKeywords.groovy:334)&#xD;
	at Sysadmin - Testcases.run(Sysadmin - Testcases:25)&#xD;
	at com.kms.katalon.core.main.ScriptEngine.run(ScriptEngine.java:194)&#xD;
	at com.kms.katalon.core.main.ScriptEngine.runScriptAsRawText(ScriptEngine.java:119)&#xD;
	at com.kms.katalon.core.main.TestCaseExecutor.runScript(TestCaseExecutor.java:337)&#xD;
	at com.kms.katalon.core.main.TestCaseExecutor.doExecute(TestCaseExecutor.java:328)&#xD;
	at com.kms.katalon.core.main.TestCaseExecutor.processExecutionPhase(TestCaseExecutor.java:307)&#xD;
	at com.kms.katalon.core.main.TestCaseExecutor.accessMainPhase(TestCaseExecutor.java:299)&#xD;
	at com.kms.katalon.core.main.TestCaseExecutor.execute(TestCaseExecutor.java:233)&#xD;
	at com.kms.katalon.core.main.TestSuiteExecutor.accessTestCaseMainPhase(TestSuiteExecutor.java:150)&#xD;
	at com.kms.katalon.core.main.TestSuiteExecutor.accessTestSuiteMainPhase(TestSuiteExecutor.java:123)&#xD;
	at com.kms.katalon.core.main.TestSuiteExecutor.execute(TestSuiteExecutor.java:87)&#xD;
	at com.kms.katalon.core.main.TestCaseMain.startTestSuite(TestCaseMain.java:157)&#xD;
	at com.kms.katalon.core.main.TestCaseMain$startTestSuite$0.call(Unknown Source)&#xD;
	at TempTestSuite1566208914512.run(TempTestSuite1566208914512.groovy:35)&#xD;
)&#xD;
[[ATTACHMENT|C:\\Katalon Projects\\Nido_Patch3\\Reports\\20190819_130154\\Sanity Check - 12.2.4 - 8506\\20190819_130154\\1566208961282.png]]&#xD;
&#xD;
2019-08-19 13:02:41 - [MESSAGE][PASSED] - Object 'Object Repository/Page_Environments - EOS/select_FeatureSet' is visible&#xD;
&#xD;
2019-08-19 13:02:41 - [MESSAGE][PASSED] - All options with value 'eoscustom' are selected in object 'Object Repository/Page_Environments - EOS/select_FeatureSet'  using regular expression&#xD;
&#xD;
2019-08-19 13:02:41 - [MESSAGE][PASSED] - Object: 'Object Repository/Sysadmin Portal/Environments Page/Ok button_Edit Environment' is clicked on&#xD;
&#xD;
2019-08-19 13:02:41 - [MESSAGE][PASSED] - sysadmin.Environment.Create_env is PASSED&#xD;
&#xD;
2019-08-19 13:02:41 - [TEST_STEP][PASSED] - delay(4, CONTINUE_ON_FAILURE): Delayed 4 second(s)&#xD;
&#xD;
2019-08-19 13:02:45 - [MESSAGE][PASSED] - Delayed 4 second(s)&#xD;
&#xD;
2019-08-19 13:02:45 - [TEST_STEP][PASSED] - sysadmin.Environment.Create_env("4_Converse_Env", "eosccm"): sysadmin.Environment.Create_env is PASSED&#xD;
&#xD;
2019-08-19 13:02:46 - [MESSAGE][PASSED] - Object 'Object Repository/Sysadmin Portal/Environments Page/button_New Environment' is visible&#xD;
&#xD;
2019-08-19 13:02:46 - [MESSAGE][PASSED] - Object: 'Object Repository/Sysadmin Portal/Environments Page/button_New Environment' is clicked on&#xD;
&#xD;
2019-08-19 13:02:46 - [MESSAGE][PASSED] - Object 'Object Repository/Sysadmin Portal/Environments Page/input_environmentName' is visible&#xD;
&#xD;
2019-08-19 13:02:46 - [MESSAGE][PASSED] - Text '4_Converse_Env' is set on object 'Object Repository/Sysadmin Portal/Environments Page/input_environmentName'&#xD;
&#xD;
2019-08-19 13:02:46 - [MESSAGE][PASSED] - Text 'Ere' is set on object 'Object Repository/Sysadmin Portal/Environments Page/input_administratorName'&#xD;
&#xD;
2019-08-19 13:02:47 - [MESSAGE][PASSED] - Object 'Object Repository/Main Login Page/checkbox_GeneratePassworf' is un-checked&#xD;
&#xD;
2019-08-19 13:02:47 - [MESSAGE][PASSED] - Text 'ere123' is set on object 'Object Repository/Sysadmin Portal/Environments Page/input_administratorPassword'&#xD;
&#xD;
2019-08-19 13:02:47 - [MESSAGE][PASSED] - Text 'ere123' is set on object 'Object Repository/Sysadmin Portal/Environments Page/input_confirmAdministratorPass'&#xD;
&#xD;
2019-08-19 13:02:47 - [MESSAGE][PASSED] - Text 'bogdan.eremia@ecrion.com' is set on object 'Object Repository/Sysadmin Portal/Environments Page/input_administratorEmail'&#xD;
&#xD;
2019-08-19 13:02:47 - [MESSAGE][PASSED] - Object: 'Object Repository/Sysadmin Portal/Environments Page/createNewEnv_button' is clicked on&#xD;
&#xD;
2019-08-19 13:02:51 - [MESSAGE][PASSED] - Delayed 4 second(s)&#xD;
&#xD;
2019-08-19 13:02:51 - [MESSAGE][WARNING] - Object 'Object Repository/Sysadmin Portal/Environments Page/createNewEnv_button' is NOT visible (Root cause: com.kms.katalon.core.exception.StepFailedException: Object 'Object Repository/Sysadmin Portal/Environments Page/createNewEnv_button' is NOT visible&#xD;
	at com.kms.katalon.core.webui.keyword.internal.WebUIKeywordMain.stepFailed(WebUIKeywordMain.groovy:64)&#xD;
	at com.kms.katalon.core.webui.keyword.builtin.VerifyElementVisibleKeyword$_verifyElementVisible_closure1.doCall(VerifyElementVisibleKeyword.groovy:83)&#xD;
	at com.kms.katalon.core.webui.keyword.builtin.VerifyElementVisibleKeyword$_verifyElementVisible_closure1.call(VerifyElementVisibleKeyword.groovy)&#xD;
	at com.kms.katalon.core.webui.keyword.internal.WebUIKeywordMain.runKeyword(WebUIKeywordMain.groovy:20)&#xD;
	at com.kms.katalon.core.webui.keyword.builtin.VerifyElementVisibleKeyword.verifyElementVisible(VerifyElementVisibleKeyword.groovy:97)&#xD;
	at com.kms.katalon.core.webui.keyword.builtin.VerifyElementVisibleKeyword.execute(VerifyElementVisibleKeyword.groovy:67)&#xD;
	at com.kms.katalon.core.keyword.internal.KeywordExecutor.executeKeywordForPlatform(KeywordExecutor.groovy:56)&#xD;
	at com.kms.katalon.core.webui.keyword.WebUiBuiltInKeywords.verifyElementVisible(WebUiBuiltInKeywords.groovy:358)&#xD;
	at com.kms.katalon.core.webui.keyword.WebUiBuiltInKeywords$verifyElementVisible$3.call(Unknown Source)&#xD;
	at sysadmin.Environment.Create_env(Create_environment.groovy:54)&#xD;
	at sysadmin.Environment.invokeMethod(Create_environment.groovy)&#xD;
	at com.kms.katalon.core.main.CustomKeywordDelegatingMetaClass.invokeStaticMethod(CustomKeywordDelegatingMetaClass.java:50)&#xD;
	at Create Multiple Environments.run(Create Multiple Environments:40)&#xD;
	at com.kms.katalon.core.main.ScriptEngine.run(ScriptEngine.java:194)&#xD;
	at com.kms.katalon.core.main.ScriptEngine.runScriptAsRawText(ScriptEngine.java:119)&#xD;
	at com.kms.katalon.core.main.TestCaseExecutor.runScript(TestCaseExecutor.java:337)&#xD;
	at com.kms.katalon.core.main.TestCaseExecutor.doExecute(TestCaseExecutor.java:328)&#xD;
	at com.kms.katalon.core.main.TestCaseExecutor.processExecutionPhase(TestCaseExecutor.java:307)&#xD;
	at com.kms.katalon.core.main.TestCaseExecutor.accessMainPhase(TestCaseExecutor.java:299)&#xD;
	at com.kms.katalon.core.main.TestCaseExecutor.execute(TestCaseExecutor.java:233)&#xD;
	at com.kms.katalon.core.main.TestCaseMain.runTestCase(TestCaseMain.java:114)&#xD;
	at com.kms.katalon.core.keyword.builtin.CallTestCaseKeyword$_callTestCase_closure1.doCall(CallTestCaseKeyword.groovy:59)&#xD;
	at com.kms.katalon.core.keyword.builtin.CallTestCaseKeyword$_callTestCase_closure1.call(CallTestCaseKeyword.groovy)&#xD;
	at com.kms.katalon.core.keyword.internal.KeywordMain.runKeyword(KeywordMain.groovy:68)&#xD;
	at com.kms.katalon.core.keyword.builtin.CallTestCaseKeyword.callTestCase(CallTestCaseKeyword.groovy:81)&#xD;
	at com.kms.katalon.core.keyword.builtin.CallTestCaseKeyword.execute(CallTestCaseKeyword.groovy:44)&#xD;
	at com.kms.katalon.core.keyword.internal.KeywordExecutor.executeKeywordForPlatform(KeywordExecutor.groovy:56)&#xD;
	at com.kms.katalon.core.keyword.BuiltinKeywords.callTestCase(BuiltinKeywords.groovy:334)&#xD;
	at Sysadmin - Testcases.run(Sysadmin - Testcases:25)&#xD;
	at com.kms.katalon.core.main.ScriptEngine.run(ScriptEngine.java:194)&#xD;
	at com.kms.katalon.core.main.ScriptEngine.runScriptAsRawText(ScriptEngine.java:119)&#xD;
	at com.kms.katalon.core.main.TestCaseExecutor.runScript(TestCaseExecutor.java:337)&#xD;
	at com.kms.katalon.core.main.TestCaseExecutor.doExecute(TestCaseExecutor.java:328)&#xD;
	at com.kms.katalon.core.main.TestCaseExecutor.processExecutionPhase(TestCaseExecutor.java:307)&#xD;
	at com.kms.katalon.core.main.TestCaseExecutor.accessMainPhase(TestCaseExecutor.java:299)&#xD;
	at com.kms.katalon.core.main.TestCaseExecutor.execute(TestCaseExecutor.java:233)&#xD;
	at com.kms.katalon.core.main.TestSuiteExecutor.accessTestCaseMainPhase(TestSuiteExecutor.java:150)&#xD;
	at com.kms.katalon.core.main.TestSuiteExecutor.accessTestSuiteMainPhase(TestSuiteExecutor.java:123)&#xD;
	at com.kms.katalon.core.main.TestSuiteExecutor.execute(TestSuiteExecutor.java:87)&#xD;
	at com.kms.katalon.core.main.TestCaseMain.startTestSuite(TestCaseMain.java:157)&#xD;
	at com.kms.katalon.core.main.TestCaseMain$startTestSuite$0.call(Unknown Source)&#xD;
	at TempTestSuite1566208914512.run(TempTestSuite1566208914512.groovy:35)&#xD;
)&#xD;
[[ATTACHMENT|C:\\Katalon Projects\\Nido_Patch3\\Reports\\20190819_130154\\Sanity Check - 12.2.4 - 8506\\20190819_130154\\1566208971641.png]]&#xD;
&#xD;
2019-08-19 13:02:52 - [MESSAGE][PASSED] - Object 'Object Repository/Page_Environments - EOS/select_FeatureSet' is visible&#xD;
&#xD;
2019-08-19 13:02:52 - [MESSAGE][PASSED] - All options with value 'eosccm' are selected in object 'Object Repository/Page_Environments - EOS/select_FeatureSet'  using regular expression&#xD;
&#xD;
2019-08-19 13:02:52 - [MESSAGE][PASSED] - Object: 'Object Repository/Sysadmin Portal/Environments Page/Ok button_Edit Environment' is clicked on&#xD;
&#xD;
2019-08-19 13:02:52 - [MESSAGE][PASSED] - sysadmin.Environment.Create_env is PASSED&#xD;
&#xD;
2019-08-19 13:02:52 - [MESSAGE][PASSED] - Call Test Case 'Test Cases/Sysadmin Portal/Create Multiple Environments' successfully&#xD;
&#xD;
2019-08-19 13:02:52 - [TEST_STEP][PASSED] - delay(3, CONTINUE_ON_FAILURE): Delayed 3 second(s)&#xD;
&#xD;
2019-08-19 13:02:55 - [MESSAGE][PASSED] - Delayed 3 second(s)&#xD;
&#xD;
2019-08-19 13:02:55 - [TEST_STEP][PASSED] - callTestCase(findTestCase("Sysadmin Portal/Set_NoOfThreads"), ["EnvName":"QaTest", "Username":"Ere"], CONTINUE_ON_FAILURE): Call Test Case 'Test Cases/Sysadmin Portal/Set_NoOfThreads' successfully&#xD;
&#xD;
2019-08-19 13:02:55 - [TEST_CASE][PASSED] - Test Cases/Sysadmin Portal/Set_NoOfThreads: Test Cases/Sysadmin Portal/Set_NoOfThreads&#xD;
&#xD;
2019-08-19 13:02:55 - [TEST_STEP][NOT_RUN] - callTestCase(findTestCase("Sysadmin Login Page/login_Sysadmin"), [:], STOP_ON_FAILURE): NOT_RUN: callTestCase(findTestCase("Sysadmin Login Page/login_Sysadmin"), [:], STOP_ON_FAILURE)&#xD;
&#xD;
2019-08-19 13:02:55 - [MESSAGE][NOT_RUN] - NOT_RUN: callTestCase(findTestCase("Sysadmin Login Page/login_Sysadmin"), [:], STOP_ON_FAILURE)&#xD;
&#xD;
2019-08-19 13:02:55 - [TEST_STEP][NOT_RUN] - click(findTestObject("Sysadmin Portal/a_Environments"), CONTINUE_ON_FAILURE): NOT_RUN: click(findTestObject("Sysadmin Portal/a_Environments"), CONTINUE_ON_FAILURE)&#xD;
&#xD;
2019-08-19 13:02:55 - [MESSAGE][NOT_RUN] - NOT_RUN: click(findTestObject("Sysadmin Portal/a_Environments"), CONTINUE_ON_FAILURE)&#xD;
&#xD;
2019-08-19 13:02:55 - [TEST_STEP][PASSED] - click(findTestObject("Sysadmin Portal/Environments Page/select_2_Experience_Env"), STOP_ON_FAILURE): Object: 'Object Repository/Sysadmin Portal/Environments Page/select_2_Experience_Env' is clicked on&#xD;
&#xD;
2019-08-19 13:02:55 - [MESSAGE][PASSED] - Object: 'Object Repository/Sysadmin Portal/Environments Page/select_2_Experience_Env' is clicked on&#xD;
&#xD;
2019-08-19 13:02:55 - [TEST_STEP][PASSED] - delay(1, STOP_ON_FAILURE): Delayed 1 second(s)&#xD;
&#xD;
2019-08-19 13:02:56 - [MESSAGE][PASSED] - Delayed 1 second(s)&#xD;
&#xD;
2019-08-19 13:02:56 - [TEST_STEP][PASSED] - click(findTestObject("Object Repository/Page_Environments - EOS/Page_Environments - EOS/a_Resources")): Object: 'Object Repository/Page_Environments - EOS/Page_Environments - EOS/a_Resources' is clicked on&#xD;
&#xD;
2019-08-19 13:02:56 - [MESSAGE][PASSED] - Object: 'Object Repository/Page_Environments - EOS/Page_Environments - EOS/a_Resources' is clicked on&#xD;
&#xD;
2019-08-19 13:02:56 - [TEST_STEP][PASSED] - click(findTestObject("Object Repository/Page_Environments - EOS/Page_Environments - EOS/button_8 Threads - Large Instance")): Object: 'Object Repository/Page_Environments - EOS/Page_Environments - EOS/button_8 Threads - Large Instance' is clicked on&#xD;
&#xD;
2019-08-19 13:02:56 - [MESSAGE][PASSED] - Object: 'Object Repository/Page_Environments - EOS/Page_Environments - EOS/button_8 Threads - Large Instance' is clicked on&#xD;
&#xD;
2019-08-19 13:02:56 - [TEST_STEP][PASSED] - delay(1, STOP_ON_FAILURE): Delayed 1 second(s)&#xD;
&#xD;
2019-08-19 13:02:57 - [MESSAGE][PASSED] - Delayed 1 second(s)&#xD;
&#xD;
2019-08-19 13:02:57 - [TEST_STEP][PASSED] - click(findTestObject("Object Repository/Page_Environments - EOS/Page_Environments - EOS/a_8 Threads - Large Instance")): Object: 'Object Repository/Page_Environments - EOS/Page_Environments - EOS/a_8 Threads - Large Instance' is clicked on&#xD;
&#xD;
2019-08-19 13:02:58 - [MESSAGE][PASSED] - Object: 'Object Repository/Page_Environments - EOS/Page_Environments - EOS/a_8 Threads - Large Instance' is clicked on&#xD;
&#xD;
2019-08-19 13:02:58 - [TEST_STEP][PASSED] - delay(1, STOP_ON_FAILURE): Delayed 1 second(s)&#xD;
&#xD;
2019-08-19 13:02:59 - [MESSAGE][PASSED] - Delayed 1 second(s)&#xD;
&#xD;
2019-08-19 13:02:59 - [TEST_STEP][PASSED] - click(findTestObject("Object Repository/Page_Environments - EOS/Page_Environments - EOS/button_Ok")): Object: 'Object Repository/Page_Environments - EOS/Page_Environments - EOS/button_Ok' is clicked on&#xD;
&#xD;
2019-08-19 13:02:59 - [MESSAGE][PASSED] - Object: 'Object Repository/Page_Environments - EOS/Page_Environments - EOS/button_Ok' is clicked on&#xD;
&#xD;
2019-08-19 13:02:59 - [MESSAGE][PASSED] - Call Test Case 'Test Cases/Sysadmin Portal/Set_NoOfThreads' successfully&#xD;
&#xD;
2019-08-19 13:02:59 - [TEST_STEP][PASSED] - delay(3, CONTINUE_ON_FAILURE): Delayed 3 second(s)&#xD;
&#xD;
2019-08-19 13:03:02 - [MESSAGE][PASSED] - Delayed 3 second(s)&#xD;
&#xD;
2019-08-19 13:03:02 - [TEST_STEP][PASSED] - callTestCase(findTestCase("Sysadmin Portal/Domain/PreProd_Test"), [:], CONTINUE_ON_FAILURE): Call Test Case 'Test Cases/Sysadmin Portal/Domain/PreProd_Test' successfully&#xD;
&#xD;
2019-08-19 13:03:02 - [TEST_CASE][PASSED] - Test Cases/Sysadmin Portal/Domain/PreProd_Test: Test Cases/Sysadmin Portal/Domain/PreProd_Test&#xD;
&#xD;
2019-08-19 13:03:02 - [TEST_STEP][NOT_RUN] - callTestCase(findTestCase("Sysadmin Login Page/login_Sysadmin"), [:], STOP_ON_FAILURE): NOT_RUN: callTestCase(findTestCase("Sysadmin Login Page/login_Sysadmin"), [:], STOP_ON_FAILURE)&#xD;
&#xD;
2019-08-19 13:03:02 - [MESSAGE][NOT_RUN] - NOT_RUN: callTestCase(findTestCase("Sysadmin Login Page/login_Sysadmin"), [:], STOP_ON_FAILURE)&#xD;
&#xD;
2019-08-19 13:03:02 - [TEST_STEP][PASSED] - navigateToUrl(url_sysadmin): Navigate to 'http://192.168.1.97:8095/' successfully&#xD;
&#xD;
2019-08-19 13:03:02 - [MESSAGE][PASSED] - Navigate to 'http://192.168.1.97:8095/' successfully&#xD;
&#xD;
2019-08-19 13:03:02 - [TEST_STEP][PASSED] - delay(2): Delayed 2 second(s)&#xD;
&#xD;
2019-08-19 13:03:04 - [MESSAGE][PASSED] - Delayed 2 second(s)&#xD;
&#xD;
2019-08-19 13:03:04 - [TEST_STEP][PASSED] - click(findTestObject("Sysadmin Portal/Domain/Page_Welcome - EOS/a_Domain")): Object: 'Object Repository/Sysadmin Portal/Domain/Page_Welcome - EOS/a_Domain' is clicked on&#xD;
&#xD;
2019-08-19 13:03:04 - [MESSAGE][PASSED] - Object: 'Object Repository/Sysadmin Portal/Domain/Page_Welcome - EOS/a_Domain' is clicked on&#xD;
&#xD;
2019-08-19 13:03:04 - [TEST_STEP][PASSED] - click(findTestObject("Sysadmin Portal/Domain/button_PreProduction_Test")): Object: 'Object Repository/Sysadmin Portal/Domain/button_PreProduction_Test' is clicked on&#xD;
&#xD;
2019-08-19 13:03:05 - [MESSAGE][PASSED] - Object: 'Object Repository/Sysadmin Portal/Domain/button_PreProduction_Test' is clicked on&#xD;
&#xD;
2019-08-19 13:03:05 - [TEST_STEP][PASSED] - while (verifyElementAttributeValue(findTestObject("Sysadmin Portal/Domain/verify_PreProdTestFinish"), "class", "fa fa-circle-o-notch fa-spin", 1, OPTIONAL) == true): Object 'Object Repository/Sysadmin Portal/Domain/verify_PreProdTestFinish' has attribute 'class' with actual value 'fa fa-check-circle' instead of expected value 'fa fa-circle-o-notch fa-spin' (Root cause: com.kms.katalon.core.exception.StepFailedException: Object 'Object Repository/Sysadmin Portal/Domain/verify_PreProdTestFinish' has attribute 'class' with actual value 'fa fa-check-circle' instead of expected value 'fa fa-circle-o-notch fa-spin'&#xD;
	at com.kms.katalon.core.webui.keyword.internal.WebUIKeywordMain.stepFailed(WebUIKeywordMain.groovy:64)&#xD;
	at com.kms.katalon.core.webui.keyword.builtin.VerifyElementAttributeValueKeyword$_verifyElementAttributeValue_closure1.doCall(VerifyElementAttributeValueKeyword.groovy:94)&#xD;
	at com.kms.katalon.core.webui.keyword.builtin.VerifyElementAttributeValueKeyword$_verifyElementAttributeValue_closure1.call(VerifyElementAttributeValueKeyword.groovy)&#xD;
	at com.kms.katalon.core.webui.keyword.internal.WebUIKeywordMain.runKeyword(WebUIKeywordMain.groovy:20)&#xD;
	at com.kms.katalon.core.webui.keyword.builtin.VerifyElementAttributeValueKeyword.verifyElementAttributeValue(VerifyElementAttributeValueKeyword.groovy:109)&#xD;
	at com.kms.katalon.core.webui.keyword.builtin.VerifyElementAttributeValueKeyword.execute(VerifyElementAttributeValueKeyword.groovy:70)&#xD;
	at com.kms.katalon.core.keyword.internal.KeywordExecutor.executeKeywordForPlatform(KeywordExecutor.groovy:56)&#xD;
	at com.kms.katalon.core.webui.keyword.WebUiBuiltInKeywords.verifyElementAttributeValue(WebUiBuiltInKeywords.groovy:3234)&#xD;
	at com.kms.katalon.core.webui.keyword.WebUiBuiltInKeywords$verifyElementAttributeValue$10.call(Unknown Source)&#xD;
	at PreProd_Test.run(PreProd_Test:33)&#xD;
	at com.kms.katalon.core.main.ScriptEngine.run(ScriptEngine.java:194)&#xD;
	at com.kms.katalon.core.main.ScriptEngine.runScriptAsRawText(ScriptEngine.java:119)&#xD;
	at com.kms.katalon.core.main.TestCaseExecutor.runScript(TestCaseExecutor.java:337)&#xD;
	at com.kms.katalon.core.main.TestCaseExecutor.doExecute(TestCaseExecutor.java:328)&#xD;
	at com.kms.katalon.core.main.TestCaseExecutor.processExecutionPhase(TestCaseExecutor.java:307)&#xD;
	at com.kms.katalon.core.main.TestCaseExecutor.accessMainPhase(TestCaseExecutor.java:299)&#xD;
	at com.kms.katalon.core.main.TestCaseExecutor.execute(TestCaseExecutor.java:233)&#xD;
	at com.kms.katalon.core.main.TestCaseMain.runTestCase(TestCaseMain.java:114)&#xD;
	at com.kms.katalon.core.keyword.builtin.CallTestCaseKeyword$_callTestCase_closure1.doCall(CallTestCaseKeyword.groovy:59)&#xD;
	at com.kms.katalon.core.keyword.builtin.CallTestCaseKeyword$_callTestCase_closure1.call(CallTestCaseKeyword.groovy)&#xD;
	at com.kms.katalon.core.keyword.internal.KeywordMain.runKeyword(KeywordMain.groovy:68)&#xD;
	at com.kms.katalon.core.keyword.builtin.CallTestCaseKeyword.callTestCase(CallTestCaseKeyword.groovy:81)&#xD;
	at com.kms.katalon.core.keyword.builtin.CallTestCaseKeyword.execute(CallTestCaseKeyword.groovy:44)&#xD;
	at com.kms.katalon.core.keyword.internal.KeywordExecutor.executeKeywordForPlatform(KeywordExecutor.groovy:56)&#xD;
	at com.kms.katalon.core.keyword.BuiltinKeywords.callTestCase(BuiltinKeywords.groovy:334)&#xD;
	at Sysadmin - Testcases.run(Sysadmin - Testcases:33)&#xD;
	at com.kms.katalon.core.main.ScriptEngine.run(ScriptEngine.java:194)&#xD;
	at com.kms.katalon.core.main.ScriptEngine.runScriptAsRawText(ScriptEngine.java:119)&#xD;
	at com.kms.katalon.core.main.TestCaseExecutor.runScript(TestCaseExecutor.java:337)&#xD;
	at com.kms.katalon.core.main.TestCaseExecutor.doExecute(TestCaseExecutor.java:328)&#xD;
	at com.kms.katalon.core.main.TestCaseExecutor.processExecutionPhase(TestCaseExecutor.java:307)&#xD;
	at com.kms.katalon.core.main.TestCaseExecutor.accessMainPhase(TestCaseExecutor.java:299)&#xD;
	at com.kms.katalon.core.main.TestCaseExecutor.execute(TestCaseExecutor.java:233)&#xD;
	at com.kms.katalon.core.main.TestSuiteExecutor.accessTestCaseMainPhase(TestSuiteExecutor.java:150)&#xD;
	at com.kms.katalon.core.main.TestSuiteExecutor.accessTestSuiteMainPhase(TestSuiteExecutor.java:123)&#xD;
	at com.kms.katalon.core.main.TestSuiteExecutor.execute(TestSuiteExecutor.java:87)&#xD;
	at com.kms.katalon.core.main.TestCaseMain.startTestSuite(TestCaseMain.java:157)&#xD;
	at com.kms.katalon.core.main.TestCaseMain$startTestSuite$0.call(Unknown Source)&#xD;
	at TempTestSuite1566208914512.run(TempTestSuite1566208914512.groovy:35)&#xD;
)&#xD;
&#xD;
2019-08-19 13:03:05 - [MESSAGE][PASSED] - Object 'Object Repository/Sysadmin Portal/Domain/verify_PreProdTestFinish' has attribute 'class' with value 'fa fa-circle-o-notch fa-spin'&#xD;
&#xD;
2019-08-19 13:03:05 - [TEST_STEP][PASSED] - delay(2): Object 'Object Repository/Sysadmin Portal/Domain/verify_PreProdTestFinish' has attribute 'class' with value 'fa fa-circle-o-notch fa-spin'&#xD;
&#xD;
2019-08-19 13:03:07 - [MESSAGE][PASSED] - Delayed 2 second(s)&#xD;
&#xD;
2019-08-19 13:03:07 - [MESSAGE][PASSED] - Object 'Object Repository/Sysadmin Portal/Domain/verify_PreProdTestFinish' has attribute 'class' with value 'fa fa-circle-o-notch fa-spin'&#xD;
&#xD;
2019-08-19 13:03:07 - [TEST_STEP][PASSED] - delay(2): Object 'Object Repository/Sysadmin Portal/Domain/verify_PreProdTestFinish' has attribute 'class' with value 'fa fa-circle-o-notch fa-spin'&#xD;
&#xD;
2019-08-19 13:03:09 - [MESSAGE][PASSED] - Delayed 2 second(s)&#xD;
&#xD;
2019-08-19 13:03:09 - [MESSAGE][PASSED] - Object 'Object Repository/Sysadmin Portal/Domain/verify_PreProdTestFinish' has attribute 'class' with value 'fa fa-circle-o-notch fa-spin'&#xD;
&#xD;
2019-08-19 13:03:09 - [TEST_STEP][PASSED] - delay(2): Object 'Object Repository/Sysadmin Portal/Domain/verify_PreProdTestFinish' has attribute 'class' with value 'fa fa-circle-o-notch fa-spin'&#xD;
&#xD;
2019-08-19 13:03:11 - [MESSAGE][PASSED] - Delayed 2 second(s)&#xD;
&#xD;
2019-08-19 13:03:11 - [MESSAGE][PASSED] - Object 'Object Repository/Sysadmin Portal/Domain/verify_PreProdTestFinish' has attribute 'class' with value 'fa fa-circle-o-notch fa-spin'&#xD;
&#xD;
2019-08-19 13:03:11 - [TEST_STEP][PASSED] - delay(2): Object 'Object Repository/Sysadmin Portal/Domain/verify_PreProdTestFinish' has attribute 'class' with value 'fa fa-circle-o-notch fa-spin'&#xD;
&#xD;
2019-08-19 13:03:13 - [MESSAGE][PASSED] - Delayed 2 second(s)&#xD;
&#xD;
2019-08-19 13:03:13 - [MESSAGE][PASSED] - Object 'Object Repository/Sysadmin Portal/Domain/verify_PreProdTestFinish' has attribute 'class' with value 'fa fa-circle-o-notch fa-spin'&#xD;
&#xD;
2019-08-19 13:03:13 - [TEST_STEP][PASSED] - delay(2): Object 'Object Repository/Sysadmin Portal/Domain/verify_PreProdTestFinish' has attribute 'class' with value 'fa fa-circle-o-notch fa-spin'&#xD;
&#xD;
2019-08-19 13:03:15 - [MESSAGE][PASSED] - Delayed 2 second(s)&#xD;
&#xD;
2019-08-19 13:03:15 - [MESSAGE][PASSED] - Object 'Object Repository/Sysadmin Portal/Domain/verify_PreProdTestFinish' has attribute 'class' with value 'fa fa-circle-o-notch fa-spin'&#xD;
&#xD;
2019-08-19 13:03:15 - [TEST_STEP][PASSED] - delay(2): Object 'Object Repository/Sysadmin Portal/Domain/verify_PreProdTestFinish' has attribute 'class' with value 'fa fa-circle-o-notch fa-spin'&#xD;
&#xD;
2019-08-19 13:03:17 - [MESSAGE][PASSED] - Delayed 2 second(s)&#xD;
&#xD;
2019-08-19 13:03:17 - [MESSAGE][PASSED] - Object 'Object Repository/Sysadmin Portal/Domain/verify_PreProdTestFinish' has attribute 'class' with value 'fa fa-circle-o-notch fa-spin'&#xD;
&#xD;
2019-08-19 13:03:17 - [TEST_STEP][PASSED] - delay(2): Object 'Object Repository/Sysadmin Portal/Domain/verify_PreProdTestFinish' has attribute 'class' with value 'fa fa-circle-o-notch fa-spin'&#xD;
&#xD;
2019-08-19 13:03:19 - [MESSAGE][PASSED] - Delayed 2 second(s)&#xD;
&#xD;
2019-08-19 13:03:19 - [MESSAGE][PASSED] - Object 'Object Repository/Sysadmin Portal/Domain/verify_PreProdTestFinish' has attribute 'class' with value 'fa fa-circle-o-notch fa-spin'&#xD;
&#xD;
2019-08-19 13:03:19 - [TEST_STEP][PASSED] - delay(2): Object 'Object Repository/Sysadmin Portal/Domain/verify_PreProdTestFinish' has attribute 'class' with value 'fa fa-circle-o-notch fa-spin'&#xD;
&#xD;
2019-08-19 13:03:21 - [MESSAGE][PASSED] - Delayed 2 second(s)&#xD;
&#xD;
2019-08-19 13:03:21 - [MESSAGE][PASSED] - Object 'Object Repository/Sysadmin Portal/Domain/verify_PreProdTestFinish' has attribute 'class' with value 'fa fa-circle-o-notch fa-spin'&#xD;
&#xD;
2019-08-19 13:03:21 - [TEST_STEP][PASSED] - delay(2): Object 'Object Repository/Sysadmin Portal/Domain/verify_PreProdTestFinish' has attribute 'class' with value 'fa fa-circle-o-notch fa-spin'&#xD;
&#xD;
2019-08-19 13:03:23 - [MESSAGE][PASSED] - Delayed 2 second(s)&#xD;
&#xD;
2019-08-19 13:03:23 - [MESSAGE][PASSED] - Object 'Object Repository/Sysadmin Portal/Domain/verify_PreProdTestFinish' has attribute 'class' with value 'fa fa-circle-o-notch fa-spin'&#xD;
&#xD;
2019-08-19 13:03:23 - [TEST_STEP][PASSED] - delay(2): Object 'Object Repository/Sysadmin Portal/Domain/verify_PreProdTestFinish' has attribute 'class' with value 'fa fa-circle-o-notch fa-spin'&#xD;
&#xD;
2019-08-19 13:03:25 - [MESSAGE][PASSED] - Delayed 2 second(s)&#xD;
&#xD;
2019-08-19 13:03:25 - [MESSAGE][PASSED] - Object 'Object Repository/Sysadmin Portal/Domain/verify_PreProdTestFinish' has attribute 'class' with value 'fa fa-circle-o-notch fa-spin'&#xD;
&#xD;
2019-08-19 13:03:25 - [TEST_STEP][PASSED] - delay(2): Object 'Object Repository/Sysadmin Portal/Domain/verify_PreProdTestFinish' has attribute 'class' with value 'fa fa-circle-o-notch fa-spin'&#xD;
&#xD;
2019-08-19 13:03:27 - [MESSAGE][PASSED] - Delayed 2 second(s)&#xD;
&#xD;
2019-08-19 13:03:28 - [MESSAGE][PASSED] - Object 'Object Repository/Sysadmin Portal/Domain/verify_PreProdTestFinish' has attribute 'class' with value 'fa fa-circle-o-notch fa-spin'&#xD;
&#xD;
2019-08-19 13:03:28 - [TEST_STEP][PASSED] - delay(2): Object 'Object Repository/Sysadmin Portal/Domain/verify_PreProdTestFinish' has attribute 'class' with value 'fa fa-circle-o-notch fa-spin'&#xD;
&#xD;
2019-08-19 13:03:30 - [MESSAGE][PASSED] - Delayed 2 second(s)&#xD;
&#xD;
2019-08-19 13:03:30 - [MESSAGE][PASSED] - Object 'Object Repository/Sysadmin Portal/Domain/verify_PreProdTestFinish' has attribute 'class' with value 'fa fa-circle-o-notch fa-spin'&#xD;
&#xD;
2019-08-19 13:03:30 - [TEST_STEP][PASSED] - delay(2): Object 'Object Repository/Sysadmin Portal/Domain/verify_PreProdTestFinish' has attribute 'class' with value 'fa fa-circle-o-notch fa-spin'&#xD;
&#xD;
2019-08-19 13:03:32 - [MESSAGE][PASSED] - Delayed 2 second(s)&#xD;
&#xD;
2019-08-19 13:03:32 - [MESSAGE][PASSED] - Object 'Object Repository/Sysadmin Portal/Domain/verify_PreProdTestFinish' has attribute 'class' with value 'fa fa-circle-o-notch fa-spin'&#xD;
&#xD;
2019-08-19 13:03:32 - [TEST_STEP][PASSED] - delay(2): Object 'Object Repository/Sysadmin Portal/Domain/verify_PreProdTestFinish' has attribute 'class' with value 'fa fa-circle-o-notch fa-spin'&#xD;
&#xD;
2019-08-19 13:03:34 - [MESSAGE][PASSED] - Delayed 2 second(s)&#xD;
&#xD;
2019-08-19 13:03:34 - [MESSAGE][PASSED] - Object 'Object Repository/Sysadmin Portal/Domain/verify_PreProdTestFinish' has attribute 'class' with value 'fa fa-circle-o-notch fa-spin'&#xD;
&#xD;
2019-08-19 13:03:34 - [TEST_STEP][PASSED] - delay(2): Object 'Object Repository/Sysadmin Portal/Domain/verify_PreProdTestFinish' has attribute 'class' with value 'fa fa-circle-o-notch fa-spin'&#xD;
&#xD;
2019-08-19 13:03:36 - [MESSAGE][PASSED] - Delayed 2 second(s)&#xD;
&#xD;
2019-08-19 13:03:36 - [MESSAGE][PASSED] - Object 'Object Repository/Sysadmin Portal/Domain/verify_PreProdTestFinish' has attribute 'class' with value 'fa fa-circle-o-notch fa-spin'&#xD;
&#xD;
2019-08-19 13:03:36 - [TEST_STEP][PASSED] - delay(2): Object 'Object Repository/Sysadmin Portal/Domain/verify_PreProdTestFinish' has attribute 'class' with value 'fa fa-circle-o-notch fa-spin'&#xD;
&#xD;
2019-08-19 13:03:38 - [MESSAGE][PASSED] - Delayed 2 second(s)&#xD;
&#xD;
2019-08-19 13:03:38 - [MESSAGE][PASSED] - Object 'Object Repository/Sysadmin Portal/Domain/verify_PreProdTestFinish' has attribute 'class' with value 'fa fa-circle-o-notch fa-spin'&#xD;
&#xD;
2019-08-19 13:03:38 - [TEST_STEP][PASSED] - delay(2): Object 'Object Repository/Sysadmin Portal/Domain/verify_PreProdTestFinish' has attribute 'class' with value 'fa fa-circle-o-notch fa-spin'&#xD;
&#xD;
2019-08-19 13:03:40 - [MESSAGE][PASSED] - Delayed 2 second(s)&#xD;
&#xD;
2019-08-19 13:03:40 - [MESSAGE][PASSED] - Object 'Object Repository/Sysadmin Portal/Domain/verify_PreProdTestFinish' has attribute 'class' with value 'fa fa-circle-o-notch fa-spin'&#xD;
&#xD;
2019-08-19 13:03:40 - [TEST_STEP][PASSED] - delay(2): Object 'Object Repository/Sysadmin Portal/Domain/verify_PreProdTestFinish' has attribute 'class' with value 'fa fa-circle-o-notch fa-spin'&#xD;
&#xD;
2019-08-19 13:03:42 - [MESSAGE][PASSED] - Delayed 2 second(s)&#xD;
&#xD;
2019-08-19 13:03:42 - [MESSAGE][PASSED] - Object 'Object Repository/Sysadmin Portal/Domain/verify_PreProdTestFinish' has attribute 'class' with value 'fa fa-circle-o-notch fa-spin'&#xD;
&#xD;
2019-08-19 13:03:42 - [TEST_STEP][PASSED] - delay(2): Object 'Object Repository/Sysadmin Portal/Domain/verify_PreProdTestFinish' has attribute 'class' with value 'fa fa-circle-o-notch fa-spin'&#xD;
&#xD;
2019-08-19 13:03:44 - [MESSAGE][PASSED] - Delayed 2 second(s)&#xD;
&#xD;
2019-08-19 13:03:44 - [MESSAGE][PASSED] - Object 'Object Repository/Sysadmin Portal/Domain/verify_PreProdTestFinish' has attribute 'class' with value 'fa fa-circle-o-notch fa-spin'&#xD;
&#xD;
2019-08-19 13:03:44 - [TEST_STEP][PASSED] - delay(2): Object 'Object Repository/Sysadmin Portal/Domain/verify_PreProdTestFinish' has attribute 'class' with actual value 'fa fa-check-circle' instead of expected value 'fa fa-circle-o-notch fa-spin' (Root cause: com.kms.katalon.core.exception.StepFailedException: Object 'Object Repository/Sysadmin Portal/Domain/verify_PreProdTestFinish' has attribute 'class' with actual value 'fa fa-check-circle' instead of expected value 'fa fa-circle-o-notch fa-spin'&#xD;
	at com.kms.katalon.core.webui.keyword.internal.WebUIKeywordMain.stepFailed(WebUIKeywordMain.groovy:64)&#xD;
	at com.kms.katalon.core.webui.keyword.builtin.VerifyElementAttributeValueKeyword$_verifyElementAttributeValue_closure1.doCall(VerifyElementAttributeValueKeyword.groovy:94)&#xD;
	at com.kms.katalon.core.webui.keyword.builtin.VerifyElementAttributeValueKeyword$_verifyElementAttributeValue_closure1.call(VerifyElementAttributeValueKeyword.groovy)&#xD;
	at com.kms.katalon.core.webui.keyword.internal.WebUIKeywordMain.runKeyword(WebUIKeywordMain.groovy:20)&#xD;
	at com.kms.katalon.core.webui.keyword.builtin.VerifyElementAttributeValueKeyword.verifyElementAttributeValue(VerifyElementAttributeValueKeyword.groovy:109)&#xD;
	at com.kms.katalon.core.webui.keyword.builtin.VerifyElementAttributeValueKeyword.execute(VerifyElementAttributeValueKeyword.groovy:70)&#xD;
	at com.kms.katalon.core.keyword.internal.KeywordExecutor.executeKeywordForPlatform(KeywordExecutor.groovy:56)&#xD;
	at com.kms.katalon.core.webui.keyword.WebUiBuiltInKeywords.verifyElementAttributeValue(WebUiBuiltInKeywords.groovy:3234)&#xD;
	at com.kms.katalon.core.webui.keyword.WebUiBuiltInKeywords$verifyElementAttributeValue$10.call(Unknown Source)&#xD;
	at PreProd_Test.run(PreProd_Test:33)&#xD;
	at com.kms.katalon.core.main.ScriptEngine.run(ScriptEngine.java:194)&#xD;
	at com.kms.katalon.core.main.ScriptEngine.runScriptAsRawText(ScriptEngine.java:119)&#xD;
	at com.kms.katalon.core.main.TestCaseExecutor.runScript(TestCaseExecutor.java:337)&#xD;
	at com.kms.katalon.core.main.TestCaseExecutor.doExecute(TestCaseExecutor.java:328)&#xD;
	at com.kms.katalon.core.main.TestCaseExecutor.processExecutionPhase(TestCaseExecutor.java:307)&#xD;
	at com.kms.katalon.core.main.TestCaseExecutor.accessMainPhase(TestCaseExecutor.java:299)&#xD;
	at com.kms.katalon.core.main.TestCaseExecutor.execute(TestCaseExecutor.java:233)&#xD;
	at com.kms.katalon.core.main.TestCaseMain.runTestCase(TestCaseMain.java:114)&#xD;
	at com.kms.katalon.core.keyword.builtin.CallTestCaseKeyword$_callTestCase_closure1.doCall(CallTestCaseKeyword.groovy:59)&#xD;
	at com.kms.katalon.core.keyword.builtin.CallTestCaseKeyword$_callTestCase_closure1.call(CallTestCaseKeyword.groovy)&#xD;
	at com.kms.katalon.core.keyword.internal.KeywordMain.runKeyword(KeywordMain.groovy:68)&#xD;
	at com.kms.katalon.core.keyword.builtin.CallTestCaseKeyword.callTestCase(CallTestCaseKeyword.groovy:81)&#xD;
	at com.kms.katalon.core.keyword.builtin.CallTestCaseKeyword.execute(CallTestCaseKeyword.groovy:44)&#xD;
	at com.kms.katalon.core.keyword.internal.KeywordExecutor.executeKeywordForPlatform(KeywordExecutor.groovy:56)&#xD;
	at com.kms.katalon.core.keyword.BuiltinKeywords.callTestCase(BuiltinKeywords.groovy:334)&#xD;
	at Sysadmin - Testcases.run(Sysadmin - Testcases:33)&#xD;
	at com.kms.katalon.core.main.ScriptEngine.run(ScriptEngine.java:194)&#xD;
	at com.kms.katalon.core.main.ScriptEngine.runScriptAsRawText(ScriptEngine.java:119)&#xD;
	at com.kms.katalon.core.main.TestCaseExecutor.runScript(TestCaseExecutor.java:337)&#xD;
	at com.kms.katalon.core.main.TestCaseExecutor.doExecute(TestCaseExecutor.java:328)&#xD;
	at com.kms.katalon.core.main.TestCaseExecutor.processExecutionPhase(TestCaseExecutor.java:307)&#xD;
	at com.kms.katalon.core.main.TestCaseExecutor.accessMainPhase(TestCaseExecutor.java:299)&#xD;
	at com.kms.katalon.core.main.TestCaseExecutor.execute(TestCaseExecutor.java:233)&#xD;
	at com.kms.katalon.core.main.TestSuiteExecutor.accessTestCaseMainPhase(TestSuiteExecutor.java:150)&#xD;
	at com.kms.katalon.core.main.TestSuiteExecutor.accessTestSuiteMainPhase(TestSuiteExecutor.java:123)&#xD;
	at com.kms.katalon.core.main.TestSuiteExecutor.execute(TestSuiteExecutor.java:87)&#xD;
	at com.kms.katalon.core.main.TestCaseMain.startTestSuite(TestCaseMain.java:157)&#xD;
	at com.kms.katalon.core.main.TestCaseMain$startTestSuite$0.call(Unknown Source)&#xD;
	at TempTestSuite1566208914512.run(TempTestSuite1566208914512.groovy:35)&#xD;
)&#xD;
&#xD;
2019-08-19 13:03:46 - [MESSAGE][PASSED] - Delayed 2 second(s)&#xD;
&#xD;
2019-08-19 13:03:46 - [MESSAGE][WARNING] - Object 'Object Repository/Sysadmin Portal/Domain/verify_PreProdTestFinish' has attribute 'class' with actual value 'fa fa-check-circle' instead of expected value 'fa fa-circle-o-notch fa-spin' (Root cause: com.kms.katalon.core.exception.StepFailedException: Object 'Object Repository/Sysadmin Portal/Domain/verify_PreProdTestFinish' has attribute 'class' with actual value 'fa fa-check-circle' instead of expected value 'fa fa-circle-o-notch fa-spin'&#xD;
	at com.kms.katalon.core.webui.keyword.internal.WebUIKeywordMain.stepFailed(WebUIKeywordMain.groovy:64)&#xD;
	at com.kms.katalon.core.webui.keyword.builtin.VerifyElementAttributeValueKeyword$_verifyElementAttributeValue_closure1.doCall(VerifyElementAttributeValueKeyword.groovy:94)&#xD;
	at com.kms.katalon.core.webui.keyword.builtin.VerifyElementAttributeValueKeyword$_verifyElementAttributeValue_closure1.call(VerifyElementAttributeValueKeyword.groovy)&#xD;
	at com.kms.katalon.core.webui.keyword.internal.WebUIKeywordMain.runKeyword(WebUIKeywordMain.groovy:20)&#xD;
	at com.kms.katalon.core.webui.keyword.builtin.VerifyElementAttributeValueKeyword.verifyElementAttributeValue(VerifyElementAttributeValueKeyword.groovy:109)&#xD;
	at com.kms.katalon.core.webui.keyword.builtin.VerifyElementAttributeValueKeyword.execute(VerifyElementAttributeValueKeyword.groovy:70)&#xD;
	at com.kms.katalon.core.keyword.internal.KeywordExecutor.executeKeywordForPlatform(KeywordExecutor.groovy:56)&#xD;
	at com.kms.katalon.core.webui.keyword.WebUiBuiltInKeywords.verifyElementAttributeValue(WebUiBuiltInKeywords.groovy:3234)&#xD;
	at com.kms.katalon.core.webui.keyword.WebUiBuiltInKeywords$verifyElementAttributeValue$10.call(Unknown Source)&#xD;
	at PreProd_Test.run(PreProd_Test:33)&#xD;
	at com.kms.katalon.core.main.ScriptEngine.run(ScriptEngine.java:194)&#xD;
	at com.kms.katalon.core.main.ScriptEngine.runScriptAsRawText(ScriptEngine.java:119)&#xD;
	at com.kms.katalon.core.main.TestCaseExecutor.runScript(TestCaseExecutor.java:337)&#xD;
	at com.kms.katalon.core.main.TestCaseExecutor.doExecute(TestCaseExecutor.java:328)&#xD;
	at com.kms.katalon.core.main.TestCaseExecutor.processExecutionPhase(TestCaseExecutor.java:307)&#xD;
	at com.kms.katalon.core.main.TestCaseExecutor.accessMainPhase(TestCaseExecutor.java:299)&#xD;
	at com.kms.katalon.core.main.TestCaseExecutor.execute(TestCaseExecutor.java:233)&#xD;
	at com.kms.katalon.core.main.TestCaseMain.runTestCase(TestCaseMain.java:114)&#xD;
	at com.kms.katalon.core.keyword.builtin.CallTestCaseKeyword$_callTestCase_closure1.doCall(CallTestCaseKeyword.groovy:59)&#xD;
	at com.kms.katalon.core.keyword.builtin.CallTestCaseKeyword$_callTestCase_closure1.call(CallTestCaseKeyword.groovy)&#xD;
	at com.kms.katalon.core.keyword.internal.KeywordMain.runKeyword(KeywordMain.groovy:68)&#xD;
	at com.kms.katalon.core.keyword.builtin.CallTestCaseKeyword.callTestCase(CallTestCaseKeyword.groovy:81)&#xD;
	at com.kms.katalon.core.keyword.builtin.CallTestCaseKeyword.execute(CallTestCaseKeyword.groovy:44)&#xD;
	at com.kms.katalon.core.keyword.internal.KeywordExecutor.executeKeywordForPlatform(KeywordExecutor.groovy:56)&#xD;
	at com.kms.katalon.core.keyword.BuiltinKeywords.callTestCase(BuiltinKeywords.groovy:334)&#xD;
	at Sysadmin - Testcases.run(Sysadmin - Testcases:33)&#xD;
	at com.kms.katalon.core.main.ScriptEngine.run(ScriptEngine.java:194)&#xD;
	at com.kms.katalon.core.main.ScriptEngine.runScriptAsRawText(ScriptEngine.java:119)&#xD;
	at com.kms.katalon.core.main.TestCaseExecutor.runScript(TestCaseExecutor.java:337)&#xD;
	at com.kms.katalon.core.main.TestCaseExecutor.doExecute(TestCaseExecutor.java:328)&#xD;
	at com.kms.katalon.core.main.TestCaseExecutor.processExecutionPhase(TestCaseExecutor.java:307)&#xD;
	at com.kms.katalon.core.main.TestCaseExecutor.accessMainPhase(TestCaseExecutor.java:299)&#xD;
	at com.kms.katalon.core.main.TestCaseExecutor.execute(TestCaseExecutor.java:233)&#xD;
	at com.kms.katalon.core.main.TestSuiteExecutor.accessTestCaseMainPhase(TestSuiteExecutor.java:150)&#xD;
	at com.kms.katalon.core.main.TestSuiteExecutor.accessTestSuiteMainPhase(TestSuiteExecutor.java:123)&#xD;
	at com.kms.katalon.core.main.TestSuiteExecutor.execute(TestSuiteExecutor.java:87)&#xD;
	at com.kms.katalon.core.main.TestCaseMain.startTestSuite(TestCaseMain.java:157)&#xD;
	at com.kms.katalon.core.main.TestCaseMain$startTestSuite$0.call(Unknown Source)&#xD;
	at TempTestSuite1566208914512.run(TempTestSuite1566208914512.groovy:35)&#xD;
)&#xD;
[[ATTACHMENT|C:\\Katalon Projects\\Nido_Patch3\\Reports\\20190819_130154\\Sanity Check - 12.2.4 - 8506\\20190819_130154\\1566209026630.png]]&#xD;
&#xD;
2019-08-19 13:03:46 - [TEST_STEP][PASSED] - verifyElementNotPresent(findTestObject("Sysadmin Portal/Domain/Details_Button_Visible"), 1): Web element with id: 'Object Repository/Sysadmin Portal/Domain/Details_Button_Visible' located by 'By.cssSelector: [id="stepInfoBody"] [class="btn btn-link errorDetails"]' is not present after '1' second(s)&#xD;
&#xD;
2019-08-19 13:03:47 - [MESSAGE][PASSED] - Web element with id: 'Object Repository/Sysadmin Portal/Domain/Details_Button_Visible' located by 'By.cssSelector: [id="stepInfoBody"] [class="btn btn-link errorDetails"]' is not present after '1' second(s)&#xD;
&#xD;
2019-08-19 13:03:47 - [TEST_STEP][PASSED] - click(findTestObject("Sysadmin Portal/Domain/button_PreProd_Close")): Object: 'Object Repository/Sysadmin Portal/Domain/button_PreProd_Close' is clicked on&#xD;
&#xD;
2019-08-19 13:03:47 - [MESSAGE][PASSED] - Object: 'Object Repository/Sysadmin Portal/Domain/button_PreProd_Close' is clicked on&#xD;
&#xD;
2019-08-19 13:03:47 - [MESSAGE][PASSED] - Call Test Case 'Test Cases/Sysadmin Portal/Domain/PreProd_Test' successfully&#xD;
&#xD;
2019-08-19 13:03:47 - [TEST_STEP][PASSED] - delay(3, CONTINUE_ON_FAILURE): Delayed 3 second(s)&#xD;
&#xD;
2019-08-19 13:03:50 - [MESSAGE][PASSED] - Delayed 3 second(s)&#xD;
&#xD;
2019-08-19 13:03:50 - [TEST_STEP][PASSED] - callTestCase(findTestCase("Sysadmin Portal/Help/Sysadmin_Ask a question_Window"), [:], CONTINUE_ON_FAILURE): Call Test Case 'Test Cases/Sysadmin Portal/Help/Sysadmin_Ask a question_Window' successfully&#xD;
&#xD;
2019-08-19 13:03:50 - [TEST_CASE][PASSED] - Test Cases/Sysadmin Portal/Help/Sysadmin_Ask a question_Window: Test Cases/Sysadmin Portal/Help/Sysadmin_Ask a question_Window&#xD;
&#xD;
2019-08-19 13:03:50 - [TEST_STEP][NOT_RUN] - callTestCase(findTestCase("Sysadmin Login Page/login_Sysadmin"), [:], STOP_ON_FAILURE): NOT_RUN: callTestCase(findTestCase("Sysadmin Login Page/login_Sysadmin"), [:], STOP_ON_FAILURE)&#xD;
&#xD;
2019-08-19 13:03:50 - [MESSAGE][NOT_RUN] - NOT_RUN: callTestCase(findTestCase("Sysadmin Login Page/login_Sysadmin"), [:], STOP_ON_FAILURE)&#xD;
&#xD;
2019-08-19 13:03:50 - [TEST_STEP][PASSED] - delay(1): Delayed 1 second(s)&#xD;
&#xD;
2019-08-19 13:03:51 - [MESSAGE][PASSED] - Delayed 1 second(s)&#xD;
&#xD;
2019-08-19 13:03:51 - [TEST_STEP][PASSED] - click(findTestObject("Sysadmin Portal/Help Dropdown")): Object: 'Object Repository/Sysadmin Portal/Help Dropdown' is clicked on&#xD;
&#xD;
2019-08-19 13:03:51 - [MESSAGE][PASSED] - Object: 'Object Repository/Sysadmin Portal/Help Dropdown' is clicked on&#xD;
&#xD;
2019-08-19 13:03:51 - [TEST_STEP][PASSED] - delay(1): Delayed 1 second(s)&#xD;
&#xD;
2019-08-19 13:03:52 - [MESSAGE][PASSED] - Delayed 1 second(s)&#xD;
&#xD;
2019-08-19 13:03:52 - [TEST_STEP][PASSED] - click(findTestObject("Sysadmin Portal/Help Dropdown (1)/a_Ask a Question")): Object: 'Object Repository/Sysadmin Portal/Help Dropdown (1)/a_Ask a Question' is clicked on&#xD;
&#xD;
2019-08-19 13:03:52 - [MESSAGE][PASSED] - Object: 'Object Repository/Sysadmin Portal/Help Dropdown (1)/a_Ask a Question' is clicked on&#xD;
&#xD;
2019-08-19 13:03:52 - [TEST_STEP][PASSED] - waitForElementVisible(findTestObject("Sysadmin Portal/Help Dropdown (1)/Ask a question window/input_attachment1"), 5): Object 'Object Repository/Sysadmin Portal/Help Dropdown (1)/Ask a question window/input_attachment1' is visible&#xD;
&#xD;
2019-08-19 13:03:53 - [MESSAGE][PASSED] - Object 'Object Repository/Sysadmin Portal/Help Dropdown (1)/Ask a question window/input_attachment1' is visible&#xD;
&#xD;
2019-08-19 13:03:53 - [TEST_STEP][PASSED] - delay(1): Delayed 1 second(s)&#xD;
&#xD;
2019-08-19 13:03:54 - [MESSAGE][PASSED] - Delayed 1 second(s)&#xD;
&#xD;
2019-08-19 13:03:54 - [TEST_STEP][PASSED] - verifyElementClickable(findTestObject("Sysadmin Portal/Help Dropdown (1)/Ask a question window/input_attachment1"), STOP_ON_FAILURE): Object 'Object Repository/Sysadmin Portal/Help Dropdown (1)/Ask a question window/input_attachment1' is clickable&#xD;
&#xD;
2019-08-19 13:03:54 - [MESSAGE][PASSED] - Object 'Object Repository/Sysadmin Portal/Help Dropdown (1)/Ask a question window/input_attachment1' is clickable&#xD;
&#xD;
2019-08-19 13:03:54 - [TEST_STEP][PASSED] - verifyElementClickable(findTestObject("Sysadmin Portal/Help Dropdown (1)/Ask a question window/input_attachment2"), STOP_ON_FAILURE): Object 'Object Repository/Sysadmin Portal/Help Dropdown (1)/Ask a question window/input_attachment2' is clickable&#xD;
&#xD;
2019-08-19 13:03:54 - [MESSAGE][PASSED] - Object 'Object Repository/Sysadmin Portal/Help Dropdown (1)/Ask a question window/input_attachment2' is clickable&#xD;
&#xD;
2019-08-19 13:03:54 - [TEST_STEP][PASSED] - verifyElementClickable(findTestObject("Sysadmin Portal/Help Dropdown (1)/Ask a question window/input_attachment3"), STOP_ON_FAILURE): Object 'Object Repository/Sysadmin Portal/Help Dropdown (1)/Ask a question window/input_attachment3' is clickable&#xD;
&#xD;
2019-08-19 13:03:54 - [MESSAGE][PASSED] - Object 'Object Repository/Sysadmin Portal/Help Dropdown (1)/Ask a question window/input_attachment3' is clickable&#xD;
&#xD;
[...]
&#xD;
2019-08-19 13:13:16 - [MESSAGE][PASSED] - Delayed 1 second(s)&#xD;
&#xD;
2019-08-19 13:13:17 - [MESSAGE][PASSED] - Actual text and expected text of test object 'Object Repository/Sysadmin Portal/Domain/Sysadmin_Domain_PageStorage/button_Update now' are matched.&#xD;
&#xD;
2019-08-19 13:13:17 - [TEST_STEP][PASSED] - delay(1): Actual text and expected text of test object 'Object Repository/Sysadmin Portal/Domain/Sysadmin_Domain_PageStorage/button_Update now' are matched.&#xD;
&#xD;
2019-08-19 13:13:18 - [MESSAGE][PASSED] - Delayed 1 second(s)&#xD;
&#xD;
2019-08-19 13:13:18 - [MESSAGE][PASSED] - Actual text and expected text of test object 'Object Repository/Sysadmin Portal/Domain/Sysadmin_Domain_PageStorage/button_Update now' are matched.&#xD;
&#xD;
2019-08-19 13:13:18 - [TEST_STEP][PASSED] - delay(1): Actual text and expected text of test object 'Object Repository/Sysadmin Portal/Domain/Sysadmin_Domain_PageStorage/button_Update now' are matched.&#xD;
&#xD;
2019-08-19 13:13:19 - [MESSAGE][PASSED] - Delayed 1 second(s)&#xD;
&#xD;
2019-08-19 13:13:19 - [MESSAGE][PASSED] - Actual text and expected text of test object 'Object Repository/Sysadmin Portal/Domain/Sysadmin_Domain_PageStorage/button_Update now' are matched.&#xD;
&#xD;
2019-08-19 13:13:19 - [TEST_STEP][PASSED] - delay(1): Actual text and expected text of test object 'Object Repository/Sysadmin Portal/Domain/Sysadmin_Domain_PageStorage/button_Update now' are matched.&#xD;
&#xD;
2019-08-19 13:13:20 - [MESSAGE][PASSED] - Delayed 1 second(s)&#xD;
&#xD;
2019-08-19 13:13:20 - [MESSAGE][PASSED] - Actual text and expected text of test object 'Object Repository/Sysadmin Portal/Domain/Sysadmin_Domain_PageStorage/button_Update now' are matched.&#xD;
&#xD;
2019-08-19 13:13:20 - [TEST_STEP][PASSED] - delay(1): Actual text and expected text of test object 'Object Repository/Sysadmin Portal/Domain/Sysadmin_Domain_PageStorage/button_Update now' are matched.&#xD;
&#xD;
2019-08-19 13:13:21 - [MESSAGE][PASSED] - Delayed 1 second(s)&#xD;
&#xD;
2019-08-19 13:13:21 - [MESSAGE][PASSED] - Actual text and expected text of test object 'Object Repository/Sysadmin Portal/Domain/Sysadmin_Domain_PageStorage/button_Update now' are matched.&#xD;
&#xD;
2019-08-19 13:13:21 - [TEST_STEP][PASSED] - delay(1): Actual text and expected text of test object 'Object Repository/Sysadmin Portal/Domain/Sysadmin_Domain_PageStorage/button_Update now' are matched.&#xD;
&#xD;
2019-08-19 13:13:22 - [MESSAGE][PASSED] - Delayed 1 second(s)&#xD;
&#xD;
2019-08-19 13:13:22 - [MESSAGE][PASSED] - Actual text and expected text of test object 'Object Repository/Sysadmin Portal/Domain/Sysadmin_Domain_PageStorage/button_Update now' are matched.&#xD;
&#xD;
2019-08-19 13:13:22 - [TEST_STEP][PASSED] - delay(1): Actual text and expected text of test object 'Object Repository/Sysadmin Portal/Domain/Sysadmin_Domain_PageStorage/button_Update now' are matched.&#xD;
&#xD;
2019-08-19 13:13:23 - [MESSAGE][PASSED] - Delayed 1 second(s)&#xD;
&#xD;
2019-08-19 13:13:23 - [MESSAGE][PASSED] - Actual text and expected text of test object 'Object Repository/Sysadmin Portal/Domain/Sysadmin_Domain_PageStorage/button_Update now' are matched.&#xD;
&#xD;
2019-08-19 13:13:23 - [TEST_STEP][PASSED] - delay(1): Actual text and expected text of test object 'Object Repository/Sysadmin Portal/Domain/Sysadmin_Domain_PageStorage/button_Update now' are matched.&#xD;
&#xD;
2019-08-19 13:13:24 - [MESSAGE][PASSED] - Delayed 1 second(s)&#xD;
&#xD;
2019-08-19 13:13:24 - [MESSAGE][PASSED] - Actual text and expected text of test object 'Object Repository/Sysadmin Portal/Domain/Sysadmin_Domain_PageStorage/button_Update now' are matched.&#xD;
&#xD;
2019-08-19 13:13:24 - [TEST_STEP][PASSED] - delay(1): Actual text and expected text of test object 'Object Repository/Sysadmin Portal/Domain/Sysadmin_Domain_PageStorage/button_Update now' are matched.&#xD;
&#xD;
2019-08-19 13:13:25 - [MESSAGE][PASSED] - Delayed 1 second(s)&#xD;
&#xD;
2019-08-19 13:13:25 - [MESSAGE][PASSED] - Actual text and expected text of test object 'Object Repository/Sysadmin Portal/Domain/Sysadmin_Domain_PageStorage/button_Update now' are matched.&#xD;
&#xD;
2019-08-19 13:13:25 - [TEST_STEP][PASSED] - delay(1): Actual text and expected text of test object 'Object Repository/Sysadmin Portal/Domain/Sysadmin_Domain_PageStorage/button_Update now' are matched.&#xD;
&#xD;
2019-08-19 13:13:26 - [MESSAGE][PASSED] - Delayed 1 second(s)&#xD;
&#xD;
2019-08-19 13:13:26 - [MESSAGE][PASSED] - Actual text and expected text of test object 'Object Repository/Sysadmin Portal/Domain/Sysadmin_Domain_PageStorage/button_Update now' are matched.&#xD;
&#xD;
2019-08-19 13:13:26 - [TEST_STEP][PASSED] - delay(1): Actual text and expected text of test object 'Object Repository/Sysadmin Portal/Domain/Sysadmin_Domain_PageStorage/button_Update now' are matched.&#xD;
&#xD;
2019-08-19 13:13:27 - [MESSAGE][PASSED] - Delayed 1 second(s)&#xD;
&#xD;
2019-08-19 13:13:27 - [MESSAGE][PASSED] - Actual text and expected text of test object 'Object Repository/Sysadmin Portal/Domain/Sysadmin_Domain_PageStorage/button_Update now' are matched.&#xD;
&#xD;
2019-08-19 13:13:27 - [TEST_STEP][PASSED] - delay(1): Actual text and expected text of test object 'Object Repository/Sysadmin Portal/Domain/Sysadmin_Domain_PageStorage/button_Update now' are matched.&#xD;
&#xD;
2019-08-19 13:13:28 - [MESSAGE][PASSED] - Delayed 1 second(s)&#xD;
&#xD;
2019-08-19 13:13:28 - [MESSAGE][PASSED] - Actual text and expected text of test object 'Object Repository/Sysadmin Portal/Domain/Sysadmin_Domain_PageStorage/button_Update now' are matched.&#xD;
&#xD;
2019-08-19 13:13:28 - [TEST_STEP][PASSED] - delay(1): Actual text and expected text of test object 'Object Repository/Sysadmin Portal/Domain/Sysadmin_Domain_PageStorage/button_Update now' are matched.&#xD;
&#xD;
2019-08-19 13:13:29 - [MESSAGE][PASSED] - Delayed 1 second(s)&#xD;
&#xD;
2019-08-19 13:13:29 - [MESSAGE][PASSED] - Actual text and expected text of test object 'Object Repository/Sysadmin Portal/Domain/Sysadmin_Domain_PageStorage/button_Update now' are matched.&#xD;
&#xD;
2019-08-19 13:13:29 - [TEST_STEP][PASSED] - delay(1): Actual text and expected text of test object 'Object Repository/Sysadmin Portal/Domain/Sysadmin_Domain_PageStorage/button_Update now' are matched.&#xD;
&#xD;
2019-08-19 13:13:30 - [MESSAGE][PASSED] - Delayed 1 second(s)&#xD;
&#xD;
2019-08-19 13:13:30 - [MESSAGE][PASSED] - Actual text and expected text of test object 'Object Repository/Sysadmin Portal/Domain/Sysadmin_Domain_PageStorage/button_Update now' are matched.&#xD;
&#xD;
2019-08-19 13:13:30 - [TEST_STEP][PASSED] - delay(1): Actual text and expected text of test object 'Object Repository/Sysadmin Portal/Domain/Sysadmin_Domain_PageStorage/button_Update now' are matched.&#xD;
&#xD;
2019-08-19 13:13:31 - [MESSAGE][PASSED] - Delayed 1 second(s)&#xD;
&#xD;
2019-08-19 13:13:31 - [MESSAGE][PASSED] - Actual text and expected text of test object 'Object Repository/Sysadmin Portal/Domain/Sysadmin_Domain_PageStorage/button_Update now' are matched.&#xD;
&#xD;
2019-08-19 13:13:31 - [TEST_STEP][PASSED] - delay(1): Actual text and expected text of test object 'Object Repository/Sysadmin Portal/Domain/Sysadmin_Domain_PageStorage/button_Update now' are matched.&#xD;
&#xD;
2019-08-19 13:13:32 - [MESSAGE][PASSED] - Delayed 1 second(s)&#xD;
&#xD;
2019-08-19 13:13:32 - [MESSAGE][PASSED] - Actual text and expected text of test object 'Object Repository/Sysadmin Portal/Domain/Sysadmin_Domain_PageStorage/button_Update now' are matched.&#xD;
&#xD;
2019-08-19 13:13:32 - [TEST_STEP][PASSED] - delay(1): Actual text and expected text of test object 'Object Repository/Sysadmin Portal/Domain/Sysadmin_Domain_PageStorage/button_Update now' are matched.&#xD;
&#xD;
2019-08-19 13:13:33 - [MESSAGE][PASSED] - Delayed 1 second(s)&#xD;
&#xD;
2019-08-19 13:13:33 - [MESSAGE][PASSED] - Actual text and expected text of test object 'Object Repository/Sysadmin Portal/Domain/Sysadmin_Domain_PageStorage/button_Update now' are matched.&#xD;
&#xD;
2019-08-19 13:13:33 - [TEST_STEP][PASSED] - delay(1): Actual text and expected text of test object 'Object Repository/Sysadmin Portal/Domain/Sysadmin_Domain_PageStorage/button_Update now' are matched.&#xD;
&#xD;
2019-08-19 13:13:34 - [MESSAGE][PASSED] - Delayed 1 second(s)&#xD;
&#xD;
2019-08-19 13:13:34 - [MESSAGE][PASSED] - Actual text and expected text of test object 'Object Repository/Sysadmin Portal/Domain/Sysadmin_Domain_PageStorage/button_Update now' are matched.&#xD;
&#xD;
2019-08-19 13:13:34 - [TEST_STEP][PASSED] - delay(1): Actual text and expected text of test object 'Object Repository/Sysadmin Portal/Domain/Sysadmin_Domain_PageStorage/button_Update now' are matched.&#xD;
&#xD;
2019-08-19 13:13:35 - [MESSAGE][PASSED] - Delayed 1 second(s)&#xD;
&#xD;
2019-08-19 13:13:36 - [MESSAGE][PASSED] - Actual text and expected text of test object 'Object Repository/Sysadmin Portal/Domain/Sysadmin_Domain_PageStorage/button_Update now' are matched.&#xD;
&#xD;
2019-08-19 13:13:36 - [TEST_STEP][PASSED] - delay(1): Actual text and expected text of test object 'Object Repository/Sysadmin Portal/Domain/Sysadmin_Domain_PageStorage/button_Update now' are matched.&#xD;
&#xD;
2019-08-19 13:13:37 - [MESSAGE][PASSED] - Delayed 1 second(s)&#xD;
&#xD;
2019-08-19 13:13:37 - [MESSAGE][PASSED] - Actual text and expected text of test object 'Object Repository/Sysadmin Portal/Domain/Sysadmin_Domain_PageStorage/button_Update now' are matched.&#xD;
&#xD;
2019-08-19 13:13:37 - [TEST_STEP][PASSED] - delay(1): Actual text 'Update now' and expected text 'Updating' of test object 'Object Repository/Sysadmin Portal/Domain/Sysadmin_Domain_PageStorage/button_Update now' are NOT matched. (Root cause: com.kms.katalon.core.exception.StepFailedException: Actual text 'Update now' and expected text 'Updating' of test object 'Object Repository/Sysadmin Portal/Domain/Sysadmin_Domain_PageStorage/button_Update now' are NOT matched.&#xD;
	at com.kms.katalon.core.webui.keyword.internal.WebUIKeywordMain.stepFailed(WebUIKeywordMain.groovy:64)&#xD;
	at com.kms.katalon.core.webui.keyword.builtin.VerifyElementTextKeyword$_verifyElementText_closure1.doCall(VerifyElementTextKeyword.groovy:57)&#xD;
	at com.kms.katalon.core.webui.keyword.builtin.VerifyElementTextKeyword$_verifyElementText_closure1.call(VerifyElementTextKeyword.groovy)&#xD;
	at com.kms.katalon.core.webui.keyword.internal.WebUIKeywordMain.runKeyword(WebUIKeywordMain.groovy:20)&#xD;
	at com.kms.katalon.core.webui.keyword.builtin.VerifyElementTextKeyword.verifyElementText(VerifyElementTextKeyword.groovy:72)&#xD;
	at com.kms.katalon.core.webui.keyword.builtin.VerifyElementTextKeyword.execute(VerifyElementTextKeyword.groovy:40)&#xD;
	at com.kms.katalon.core.keyword.internal.KeywordExecutor.executeKeywordForPlatform(KeywordExecutor.groovy:56)&#xD;
	at com.kms.katalon.core.webui.keyword.WebUiBuiltInKeywords.verifyElementText(WebUiBuiltInKeywords.groovy:3647)&#xD;
	at com.kms.katalon.core.webui.keyword.WebUiBuiltInKeywords$verifyElementText$21.call(Unknown Source)&#xD;
	at StorageCompacting.run(StorageCompacting:60)&#xD;
	at com.kms.katalon.core.main.ScriptEngine.run(ScriptEngine.java:194)&#xD;
	at com.kms.katalon.core.main.ScriptEngine.runScriptAsRawText(ScriptEngine.java:119)&#xD;
	at com.kms.katalon.core.main.TestCaseExecutor.runScript(TestCaseExecutor.java:337)&#xD;
	at com.kms.katalon.core.main.TestCaseExecutor.doExecute(TestCaseExecutor.java:328)&#xD;
	at com.kms.katalon.core.main.TestCaseExecutor.processExecutionPhase(TestCaseExecutor.java:307)&#xD;
	at com.kms.katalon.core.main.TestCaseExecutor.accessMainPhase(TestCaseExecutor.java:299)&#xD;
	at com.kms.katalon.core.main.TestCaseExecutor.execute(TestCaseExecutor.java:233)&#xD;
	at com.kms.katalon.core.main.TestCaseMain.runTestCase(TestCaseMain.java:114)&#xD;
	at com.kms.katalon.core.keyword.builtin.CallTestCaseKeyword$_callTestCase_closure1.doCall(CallTestCaseKeyword.groovy:59)&#xD;
	at com.kms.katalon.core.keyword.builtin.CallTestCaseKeyword$_callTestCase_closure1.call(CallTestCaseKeyword.groovy)&#xD;
	at com.kms.katalon.core.keyword.internal.KeywordMain.runKeyword(KeywordMain.groovy:68)&#xD;
	at com.kms.katalon.core.keyword.builtin.CallTestCaseKeyword.callTestCase(CallTestCaseKeyword.groovy:81)&#xD;
	at com.kms.katalon.core.keyword.builtin.CallTestCaseKeyword.execute(CallTestCaseKeyword.groovy:44)&#xD;
	at com.kms.katalon.core.keyword.internal.KeywordExecutor.executeKeywordForPlatform(KeywordExecutor.groovy:56)&#xD;
	at com.kms.katalon.core.keyword.BuiltinKeywords.callTestCase(BuiltinKeywords.groovy:334)&#xD;
	at Cleanup.run(Cleanup:20)&#xD;
	at com.kms.katalon.core.main.ScriptEngine.run(ScriptEngine.java:194)&#xD;
	at com.kms.katalon.core.main.ScriptEngine.runScriptAsRawText(ScriptEngine.java:119)&#xD;
	at com.kms.katalon.core.main.TestCaseExecutor.runScript(TestCaseExecutor.java:337)&#xD;
	at com.kms.katalon.core.main.TestCaseExecutor.doExecute(TestCaseExecutor.java:328)&#xD;
	at com.kms.katalon.core.main.TestCaseExecutor.processExecutionPhase(TestCaseExecutor.java:307)&#xD;
	at com.kms.katalon.core.main.TestCaseExecutor.accessMainPhase(TestCaseExecutor.java:299)&#xD;
	at com.kms.katalon.core.main.TestCaseExecutor.execute(TestCaseExecutor.java:233)&#xD;
	at com.kms.katalon.core.main.TestSuiteExecutor.accessTestCaseMainPhase(TestSuiteExecutor.java:150)&#xD;
	at com.kms.katalon.core.main.TestSuiteExecutor.accessTestSuiteMainPhase(TestSuiteExecutor.java:123)&#xD;
	at com.kms.katalon.core.main.TestSuiteExecutor.execute(TestSuiteExecutor.java:87)&#xD;
	at com.kms.katalon.core.main.TestCaseMain.startTestSuite(TestCaseMain.java:157)&#xD;
	at com.kms.katalon.core.main.TestCaseMain$startTestSuite$0.call(Unknown Source)&#xD;
	at TempTestSuite1566208914512.run(TempTestSuite1566208914512.groovy:35)&#xD;
)&#xD;
&#xD;
2019-08-19 13:13:38 - [MESSAGE][PASSED] - Delayed 1 second(s)&#xD;
&#xD;
2019-08-19 13:13:38 - [MESSAGE][WARNING] - Actual text 'Update now' and expected text 'Updating' of test object 'Object Repository/Sysadmin Portal/Domain/Sysadmin_Domain_PageStorage/button_Update now' are NOT matched. (Root cause: com.kms.katalon.core.exception.StepFailedException: Actual text 'Update now' and expected text 'Updating' of test object 'Object Repository/Sysadmin Portal/Domain/Sysadmin_Domain_PageStorage/button_Update now' are NOT matched.&#xD;
	at com.kms.katalon.core.webui.keyword.internal.WebUIKeywordMain.stepFailed(WebUIKeywordMain.groovy:64)&#xD;
	at com.kms.katalon.core.webui.keyword.builtin.VerifyElementTextKeyword$_verifyElementText_closure1.doCall(VerifyElementTextKeyword.groovy:57)&#xD;
	at com.kms.katalon.core.webui.keyword.builtin.VerifyElementTextKeyword$_verifyElementText_closure1.call(VerifyElementTextKeyword.groovy)&#xD;
	at com.kms.katalon.core.webui.keyword.internal.WebUIKeywordMain.runKeyword(WebUIKeywordMain.groovy:20)&#xD;
	at com.kms.katalon.core.webui.keyword.builtin.VerifyElementTextKeyword.verifyElementText(VerifyElementTextKeyword.groovy:72)&#xD;
	at com.kms.katalon.core.webui.keyword.builtin.VerifyElementTextKeyword.execute(VerifyElementTextKeyword.groovy:40)&#xD;
	at com.kms.katalon.core.keyword.internal.KeywordExecutor.executeKeywordForPlatform(KeywordExecutor.groovy:56)&#xD;
	at com.kms.katalon.core.webui.keyword.WebUiBuiltInKeywords.verifyElementText(WebUiBuiltInKeywords.groovy:3647)&#xD;
	at com.kms.katalon.core.webui.keyword.WebUiBuiltInKeywords$verifyElementText$21.call(Unknown Source)&#xD;
	at StorageCompacting.run(StorageCompacting:60)&#xD;
	at com.kms.katalon.core.main.ScriptEngine.run(ScriptEngine.java:194)&#xD;
	at com.kms.katalon.core.main.ScriptEngine.runScriptAsRawText(ScriptEngine.java:119)&#xD;
	at com.kms.katalon.core.main.TestCaseExecutor.runScript(TestCaseExecutor.java:337)&#xD;
	at com.kms.katalon.core.main.TestCaseExecutor.doExecute(TestCaseExecutor.java:328)&#xD;
	at com.kms.katalon.core.main.TestCaseExecutor.processExecutionPhase(TestCaseExecutor.java:307)&#xD;
	at com.kms.katalon.core.main.TestCaseExecutor.accessMainPhase(TestCaseExecutor.java:299)&#xD;
	at com.kms.katalon.core.main.TestCaseExecutor.execute(TestCaseExecutor.java:233)&#xD;
	at com.kms.katalon.core.main.TestCaseMain.runTestCase(TestCaseMain.java:114)&#xD;
	at com.kms.katalon.core.keyword.builtin.CallTestCaseKeyword$_callTestCase_closure1.doCall(CallTestCaseKeyword.groovy:59)&#xD;
	at com.kms.katalon.core.keyword.builtin.CallTestCaseKeyword$_callTestCase_closure1.call(CallTestCaseKeyword.groovy)&#xD;
	at com.kms.katalon.core.keyword.internal.KeywordMain.runKeyword(KeywordMain.groovy:68)&#xD;
	at com.kms.katalon.core.keyword.builtin.CallTestCaseKeyword.callTestCase(CallTestCaseKeyword.groovy:81)&#xD;
	at com.kms.katalon.core.keyword.builtin.CallTestCaseKeyword.execute(CallTestCaseKeyword.groovy:44)&#xD;
	at com.kms.katalon.core.keyword.internal.KeywordExecutor.executeKeywordForPlatform(KeywordExecutor.groovy:56)&#xD;
	at com.kms.katalon.core.keyword.BuiltinKeywords.callTestCase(BuiltinKeywords.groovy:334)&#xD;
	at Cleanup.run(Cleanup:20)&#xD;
	at com.kms.katalon.core.main.ScriptEngine.run(ScriptEngine.java:194)&#xD;
	at com.kms.katalon.core.main.ScriptEngine.runScriptAsRawText(ScriptEngine.java:119)&#xD;
	at com.kms.katalon.core.main.TestCaseExecutor.runScript(TestCaseExecutor.java:337)&#xD;
	at com.kms.katalon.core.main.TestCaseExecutor.doExecute(TestCaseExecutor.java:328)&#xD;
	at com.kms.katalon.core.main.TestCaseExecutor.processExecutionPhase(TestCaseExecutor.java:307)&#xD;
	at com.kms.katalon.core.main.TestCaseExecutor.accessMainPhase(TestCaseExecutor.java:299)&#xD;
	at com.kms.katalon.core.main.TestCaseExecutor.execute(TestCaseExecutor.java:233)&#xD;
	at com.kms.katalon.core.main.TestSuiteExecutor.accessTestCaseMainPhase(TestSuiteExecutor.java:150)&#xD;
	at com.kms.katalon.core.main.TestSuiteExecutor.accessTestSuiteMainPhase(TestSuiteExecutor.java:123)&#xD;
	at com.kms.katalon.core.main.TestSuiteExecutor.execute(TestSuiteExecutor.java:87)&#xD;
	at com.kms.katalon.core.main.TestCaseMain.startTestSuite(TestCaseMain.java:157)&#xD;
	at com.kms.katalon.core.main.TestCaseMain$startTestSuite$0.call(Unknown Source)&#xD;
	at TempTestSuite1566208914512.run(TempTestSuite1566208914512.groovy:35)&#xD;
)&#xD;
[[ATTACHMENT|C:\\Katalon Projects\\Nido_Patch3\\Reports\\20190819_130154\\Sanity Check - 12.2.4 - 8506\\20190819_130154\\1566209618129.png]]&#xD;
&#xD;
2019-08-19 13:13:38 - [TEST_STEP][PASSED] - verifyElementText(findTestObject("Sysadmin Portal/Domain/Sysadmin_Domain_PageStorage/details_ReclaimableFreeSpace"), "0.0 KB"): Actual text and expected text of test object 'Object Repository/Sysadmin Portal/Domain/Sysadmin_Domain_PageStorage/details_ReclaimableFreeSpace' are matched.&#xD;
&#xD;
2019-08-19 13:13:38 - [MESSAGE][PASSED] - Actual text and expected text of test object 'Object Repository/Sysadmin Portal/Domain/Sysadmin_Domain_PageStorage/details_ReclaimableFreeSpace' are matched.&#xD;
&#xD;
2019-08-19 13:13:38 - [MESSAGE][PASSED] - Call Test Case 'Test Cases/Sysadmin Portal/Domain/StorageCompacting' successfully&#xD;
&#xD;
2019-08-19 13:13:38 - [TEST_STEP][PASSED] - closeBrowser(): Browser is closed&#xD;
&#xD;
2019-08-19 13:13:39 - [MESSAGE][PASSED] - Browser is closed&#xD;
&#xD;
2019-08-19 13:13:39 - [TEST_STEP][PASSED] - windowsCommands.taskKill.kill_service(): windowsCommands.taskKill.kill_service is PASSED&#xD;
&#xD;
2019-08-19 13:13:39 - [MESSAGE][PASSED] - windowsCommands.taskKill.kill_service is PASSED&#xD;
&#xD;
2019-08-19 13:13:39 - [TEST_STEP][PASSED] - Start listener action : sampleAfterTestCase: null</system-out>
            <system-err></system-err>
        </testcase>
        <system-out>2019-08-19 13:01:59 - [TEST_SUITE][INCOMPLETE] - Sanity Check - 12.2.4 - 8506: null</system-out>
        <system-err>2019-08-19 13:01:59 - [TEST_SUITE][INCOMPLETE] - Sanity Check - 12.2.4 - 8506: null</system-err>
    </testsuite>
</testsuites>
